[2016/3/19 - 18:55:01] 
[2016/3/19 - 19:01:45] 
[2016/3/19 - 19:50:28] 
[2016/3/19 - 19:54:16] 
[2016/3/19 - 19:57:47] AdmCmd: Nguyen ThanhDat has been revived by Nguyen ThanhDat
[2016/3/19 - 19:59:37] AdmCmd: BOSS Wililam has been revived by BOSS Wililam
[2016/3/19 - 20:04:37] 
[2016/3/19 - 20:49:11] Administrator Nguyen ThanhDat has respawned all dynamic vehicles loaded on the server.
[2016/3/19 - 20:51:02] Administrator Nguyen ThanhDat has respawned all dynamic vehicles loaded on the server.
[2016/3/19 - 21:09:42] AdmCmd: Harvey Drake has been revived by BOSS Wililam
[2016/3/19 - 21:13:11] AdmCmd: Harvey Drake has been revived by BOSS Wililam
[2016/3/19 - 21:14:54] [MOLE] Nguyen ThanhDat sent: tre trau chup anh =))
[2016/3/19 - 21:23:02] AdmCmd: BOSS Wililam has been revived by BOSS Wililam
[2016/3/19 - 21:23:29] AdmCmd: BOSS Wililam has been revived by BOSS Wililam
[2016/3/19 - 21:23:48] AdmCmd: Harvey Drake has been revived by Harvey Drake
[2016/3/19 - 21:23:54] AdmCmd: Harvey Drake has been revived by Harvey Drake
[2016/3/20 - 11:34:11] 
[2016/3/20 - 11:36:21] 
[2016/3/20 - 11:49:53] AdmCmd: Nguyen ThanhDat has been revived by Nguyen ThanhDat
[2016/3/20 - 11:50:37] 
[2016/3/20 - 11:50:42] 
[2016/3/20 - 11:56:41] AdmCmd: Nguyen ThanhDat has been revived by Phi Gaming
[2016/3/20 - 16:11:31] Bin LaTao da duoc tuyen lam Senior Advisor boi Harvey Drake
[2016/3/20 - 16:21:14] Michael Jordan da duoc tuyen lam Senior Advisor boi Harvey Drake
[2016/3/20 - 16:21:17] Michael Jordan da duoc tuyen vao doi ngu Community Advisor boi Harvey Drake
[2016/3/20 - 16:23:19] [MOLE] Nguyen ThanhDat sent: chi la server test thoi nhe
[2016/3/20 - 16:25:02] AdmCmd: Harvey Drake has been revived by Harvey Drake
[2016/3/20 - 16:25:54] [MOLE] Nguyen ThanhDat sent: xin xo admin = /q dum cai
[2016/3/20 - 16:26:27] AdmCmd: Nguyen ThanhDat has been revived by Nguyen ThanhDat
[2016/3/20 - 16:28:29] 
[2016/3/20 - 16:28:41] AdmCmd: Harvey Drake has been revived by Harvey Drake
[2016/3/20 - 16:31:30] [MOLE] Nguyen ThanhDat sent: cho nao bi bug thi bao cao cho admin biet nhe
[2016/3/20 - 16:33:38] [MOLE] Nguyen ThanhDat sent: ai thay cho nao bi bug bao cao nhe
[2016/3/20 - 16:33:48] 
[2016/3/20 - 16:35:24] Alex Mio da duoc tuyen lam Senior Advisor boi Harvey Drake
[2016/3/25 - 18:34:35] Administrator Nguyen ThanhDat has respawned all dynamic vehicles loaded on the server.
[2016/3/25 - 18:34:39] Administrator Nguyen ThanhDat has respawned all dynamic vehicles loaded on the server.
[2016/3/25 - 19:05:01] 
[2016/3/25 - 19:07:28] [MOLE] Nguyen ThanhDat sent: /myvouchers de nhan VIP voi Free car nhe
[2016/3/25 - 19:19:08] 
[2016/3/25 - 19:24:11] AdmCmd: Aria Pirates has been revived by Yuuki Asuna
[2016/3/25 - 19:25:48] 
[2016/3/25 - 19:26:09] AdmCmd: Jame Nicolas has been revived by Yuuki Asuna
[2016/3/25 - 19:37:53] 
[2016/3/25 - 19:37:55] 
[2016/3/25 - 20:16:21] AdmCmd: Faker Wilson has been revived by Bin LaTao
[2016/3/25 - 20:16:36] AdmCmd: An LaTao has been revived by Bin LaTao
[2016/3/25 - 20:26:25] 
[2016/3/25 - 20:28:21] 
[2016/3/25 - 20:30:02] 
[2016/3/25 - 21:20:56] 
[2016/3/25 - 21:22:45] 
[2016/3/25 - 21:22:47] 
[2016/3/25 - 21:22:48] 
[2016/3/25 - 21:22:54] 
[2016/3/25 - 21:22:57] 
[2016/3/25 - 21:26:30] 
[2016/3/25 - 21:49:02] AdmCmd: Yuuki Asuna has given nos to Yuuki Asuna
[2016/3/25 - 21:49:41] AdmCmd: Yuuki Asuna has given nos to Yuuki Asuna
[2016/3/25 - 22:05:36] Ken Gayz da duoc tuyen vao doi ngu Community Advisor boi Yuuki Asuna
[2016/3/25 - 22:27:26] AdmCmd: Ken Gayz has been revived by Yuuki Asuna
[2016/3/25 - 22:27:33] AdmCmd: Chau Huy has been revived by Yuuki Asuna
[2016/3/26 - 9:28:01] AdmCmd: Ken Gayz has been revived by Nguyen ThanhDat
[2016/3/26 - 10:17:30] Gayz Ido da tuyen Nguyen ThanhDat vao doi ngu Helper
[2016/3/26 - 10:18:00] AdmCmd: Alce Khaq has been released from prison boi Nguyen ThanhDat, ly do: 0
[2016/3/26 - 10:34:41] David Khanh da duoc tuyen vao doi ngu Community Advisor boi Nguyen ThanhDat
[2016/3/26 - 11:29:31] 
[2016/3/26 - 11:52:35] AdmCmd: Nguyen ThanhDat has given nos to Zeus Khaq
[2016/3/26 - 12:08:35] AdmCmd: Akat SuKi has been revived by Yuuki Asuna
[2016/3/26 - 12:14:12] AdmCmd: Nguyen ThanhDat has exploded Zeus Khaq
[2016/3/26 - 12:14:31] AdmCmd: Nguyen ThanhDat has been revived by Nguyen ThanhDat
[2016/3/26 - 12:16:14] AdmCmd: Zeus Khaq has been revived by Nguyen ThanhDat
[2016/3/26 - 12:17:37] AdmCmd: Zeus Khaq has been revived by Nguyen ThanhDat
[2016/3/26 - 12:33:49] AdmCmd: KenTon Jvore has been revived by Kidz Jameson
[2016/3/26 - 12:36:07] AdmCmd: KenTon Jvore has been revived by Kidz Jameson
[2016/3/26 - 13:10:28] AdmCmd: AkaT SuKi has been revived by AkaT SuKi
[2016/3/26 - 13:13:40] AdmCmd: Zeus Khaq bi boc lich boi Jhin Trol, ly do: Tele
[2016/3/26 - 13:23:58] AdmCmd: AkaT SuKi has been revived by AkaT SuKi
[2016/3/26 - 13:48:02] AdmCmd: AkAt SuKI has been revived by AkAt SuKI
[2016/3/26 - 14:45:37] AdmCmd: Binn Chivas has been revived by Binn Chivas
[2016/3/26 - 15:12:15] AdmCmd: AkAT SuKi has been revived by AkAT SuKi
[2016/3/26 - 15:54:22] AdmCmd: Karik has been revived by Karik
[2016/3/26 - 16:36:44] AdmCmd: Battle Binz has been revived by Karik
[2016/3/26 - 16:39:58] AdmCmd: Battle Binz has been revived by Akat Suki
[2016/3/26 - 16:44:45] AdmCmd: Karik has been revived by Karik
[2016/3/26 - 17:09:55] AdmCmd: Jamer Laster has been revived by Karik
[2016/3/26 - 17:11:10] AdmCmd: Karik has been revived by Karik
[2016/3/26 - 17:11:59] AdmCmd: Jamer Laster has been revived by Karik
[2016/3/26 - 17:12:22] AdmCmd: Karik has been revived by Karik
[2016/3/26 - 17:15:32] AdmCmd: Jamer Laster has been revived by Karik
[2016/3/26 - 17:16:23] AdmCmd: Jamer Laster has been revived by Karik
[2016/3/26 - 17:16:31] AdmCmd: Jamer Laster has been revived by Karik
[2016/3/26 - 17:16:47] AdmCmd: Jamer Laster has been revived by Karik
[2016/3/26 - 17:24:55] 
[2016/3/27 - 9:01:03] AdmCmd: Juan Dan has been revived by Akat SuKi
[2016/3/27 - 9:03:31] AdmCmd: Akat SuKi has been revived by Akat SuKi
[2016/4/1 - 19:44:17] 
[2016/4/1 - 19:56:58] AdmCmd: Harvey Drake has been revived by Nguyen ThanhDat
[2016/4/1 - 19:57:19] AdmCmd: Harvey Drake has been revived by Nguyen ThanhDat
[2016/4/1 - 19:57:36] AdmCmd: Nguyen ThanhDat has been revived by Nguyen ThanhDat
[2016/4/1 - 20:33:02] AdmCmd: Mike Pin has been revived by Mike Pin
[2016/4/1 - 20:33:35] 
[2016/4/1 - 20:34:38] AdmCmd: Mike Pin has been revived by Mike Pin
[2016/4/1 - 20:37:42] AdmCmd: Mike Pin has been revived by Mike Pin
[2016/11/19 - 17:27:39] 
[2016/11/20 - 15:50:38] 
[2016/11/20 - 15:51:35] Administrator Nguyen ThanhDat has respawned all dynamic vehicles loaded on the server.
[2016/11/20 - 16:13:59] 
[2016/11/25 - 9:45:12] 
[2018/8/15 - 13:19:09] 
[2018/8/15 - 13:19:58] 
[2018/8/15 - 13:35:32] 
[2018/8/15 - 13:56:38] AdmCmd: Dawkin Nguyen has been revived by Sky oi
[2018/8/15 - 13:57:32] Administrator Dawkin Nguyen has respawned all dynamic vehicles loaded on the server.
[2018/8/15 - 14:30:07] AdmCmd: Sky oi has given nos to Sky oi
[2018/8/15 - 14:31:15] AdmCmd: Sky oi has been revived by Sky oi
[2018/8/15 - 14:31:40] AdmCmd: Sky oi has been revived by Sky oi
[2018/8/15 - 15:19:22] AdmCmd: Sky oi has been revived by Sky oi
[2018/8/15 - 15:19:57] AdmCmd: Dawkin Nguyen has exploded Dawkin Nguyen
[2018/8/15 - 15:20:41] AdmCmd: Dawkin Nguyen has exploded Dawkin Nguyen
[2018/8/15 - 15:20:43] AdmCmd: Dawkin Nguyen has exploded Dawkin Nguyen
[2018/8/15 - 15:22:34] AdmCmd: Sky oi has been revived by Sky oi
[2018/8/15 - 15:29:33] AdmCmd: Sky oi has been revived by Sky oi
[2018/8/15 - 15:41:19] AdmCmd: Dawkin Nguyen has been revived by Dawkin Nguyen
[2018/8/15 - 15:42:21] 
[2018/8/15 - 15:42:50] AdmCmd: sky oi has been revived by sky oi
[2018/8/15 - 15:44:11] AdmCmd: Dawkin Nguyen has been revived by Dawkin Nguyen
[2018/8/15 - 15:45:42] AdmCmd: sky oi has been revived by sky oi
[2018/8/15 - 15:47:48] AdmCmd: Dawkin Nguyen has been revived by Dawkin Nguyen
[2018/8/15 - 15:50:23] 
[2018/8/15 - 15:50:28] AdmCmd: Dawkin Nguyen has exploded Dawkin Nguyen
[2018/8/15 - 15:50:30] AdmCmd: Dawkin Nguyen has exploded sky oi
[2018/8/15 - 15:50:32] AdmCmd: Dawkin Nguyen has exploded sky oi
[2018/8/15 - 15:54:24] Administrator Dawkin Nguyen has respawned all dynamic vehicles loaded on the server.
[2018/8/15 - 17:59:39] AdmCmd: naruse shou has been revived by Dawkin Nguyen
[2023/7/14 - 2:19:04] 
