[2016/3/19 - 21:25:26] Anh Da Den has changed BusinessID 1's Exterior to X:1833.364135 Y:-1842.602783 Z:13.578125
[2016/3/19 - 21:31:33] Anh Da Den has changed BusinessID 1's Interior to X:-27.392101 Y:-58.016487 Z:1003.546875
[2016/3/19 - 21:32:49] Anh Da Den has changed BusinessID 2's Exterior to X:1928.582763 Y:-1776.296997 Z:13.546875
[2016/3/19 - 21:32:53] Anh Da Den has changed BusinessID 2's Type to Khong xac dinh (0).
[2016/3/19 - 21:32:53] Anh Da Den has changed BusinessID 2's Type to Tram xang (1).
[2016/3/19 - 21:32:54] Anh Da Den has changed BusinessID 2's Type to Tram xang (1).
[2016/3/19 - 21:33:44] Anh Da Den has changed BusinessID 2's Interior to X:-27.335939 Y:-31.346124 Z:1003.557250
[2016/3/19 - 21:34:47] Anh Da Den thay doi vi tri tram gas 1 cho cua hang 2
[2016/3/19 - 21:35:11] Anh Da Den thay doi vi tri tram gas 0 cho cua hang 2
[2016/3/19 - 21:35:55] Anh Da Den has changed BusinessID 3's Exterior to X:2105.487548 Y:-1806.458862 Z:13.554687
[2016/3/19 - 21:35:58] Anh Da Den has changed BusinessID 3's Type to Tram xang (1).
[2016/3/19 - 21:35:59] Anh Da Den has changed BusinessID 3's Type to Shop quan ao (2).
[2016/3/19 - 21:36:00] Anh Da Den has changed BusinessID 3's Type to Nha hang (3).
[2016/3/19 - 21:36:01] Anh Da Den has changed BusinessID 3's Type to Shop vu khi (4).
[2016/3/19 - 21:36:02] Anh Da Den has changed BusinessID 3's Type to Nha hang (3).
[2016/3/19 - 21:36:29] Anh Da Den has changed BusinessID 3's Interior to X:372.340942 Y:-133.522064 Z:1001.492187
[2016/3/19 - 21:40:23] Anh Da Den has changed BusinessID 4's Exterior to X:1836.591918 Y:-1682.429687 Z:13.341522
[2016/3/19 - 21:40:26] Anh Da Den has changed BusinessID 4's Type to Tram xang (1).
[2016/3/19 - 21:40:28] Anh Da Den has changed BusinessID 4's Type to Club (10).
[2016/3/19 - 21:40:29] Anh Da Den has changed BusinessID 4's Type to Shop nguoi lon (11).
[2016/3/19 - 21:40:30] Anh Da Den has changed BusinessID 4's Type to Gym (12).
[2016/3/19 - 21:40:31] Anh Da Den has changed BusinessID 4's Type to Khong xac dinh (13).
[2016/3/19 - 21:40:33] Anh Da Den has changed BusinessID 4's Type to Club (10).
[2016/3/19 - 21:40:34] Anh Da Den has changed BusinessID 4's Type to Bar (9).
[2016/3/19 - 21:40:35] Anh Da Den has changed BusinessID 4's Type to 24/7 (8).
[2016/3/19 - 21:40:36] Anh Da Den has changed BusinessID 4's Type to Bar (9).
[2016/3/19 - 21:40:52] Anh Da Den has changed BusinessID 4's Interior to X:493.416503 Y:-24.896774 Z:1000.671875
[2016/3/19 - 21:42:00] Anh Da Den has changed BusinessID 5's Exterior to X:1368.669067 Y:-1279.780761 Z:13.546875
[2016/3/19 - 21:43:29] Anh Da Den has changed BusinessID 5's Interior to X:315.769836 Y:-143.664230 Z:999.601562
[2016/3/19 - 21:48:15] Anh Da Den has changed BusinessID 6's Exterior to X:1847.868896 Y:-1871.687255 Z:13.578125
[2016/3/19 - 21:48:19] Anh Da Den has changed BusinessID 6's Type to Khong xac dinh (0).
[2016/3/19 - 21:48:21] Anh Da Den has changed BusinessID 6's Type to Dai ly xe cu (6).
[2016/3/19 - 21:48:24] Anh Da Den has changed BusinessID 6's Type to Dai ly xe cu (6).
[2016/3/19 - 21:53:35] Anh Da Den has changed BusinessID 7's Exterior to X:1790.158203 Y:-1630.672485 Z:14.494676
[2016/3/19 - 21:54:01] Anh Da Den has changed BusinessID 7's Interior to X:-27.392101 Y:-58.016487 Z:1003.546875
[2016/3/19 - 21:55:52] Anh Da Den has changed BusinessID 8's Exterior to X:2396.101074 Y:-1914.871215 Z:13.546875
[2016/3/19 - 21:55:57] Anh Da Den has changed BusinessID 8's Type to Dai ly xe moi (5).
[2016/3/19 - 21:57:37] Anh Da Trang has changed BusinessID 8's Price to $1.
[2016/3/19 - 21:59:07] Anh Da Trang has changed BusinessID 8's Price to $20000000.
[2016/3/19 - 21:59:47] Anh Da Den has changed BusinessID 8's Interior to X:1643.540405 Y:-1519.463623 Z:13.568515
[2016/3/19 - 22:00:23] Anh Da Den has changed BusinessID 6's Interior to X:1643.455078 Y:-1519.413574 Z:13.568735
[2016/3/19 - 22:01:16] Anh Da Den has changed BusinessID 6's Exterior to X:1842.124389 Y:-1862.751098 Z:13.389747
[2016/3/19 - 22:02:00] Anh Da Den has changed BusinessID 6's Exterior to X:1847.846801 Y:-1871.670166 Z:13.578125
[2016/3/19 - 22:33:17] Nguyen ThanhDat has changed BusinessID 9's Exterior to X:1600.158935 Y:-1467.470336 Z:13.564107
[2016/3/19 - 22:33:22] Nguyen ThanhDat has changed BusinessID 9's Type to Tram xang (1).
[2016/3/19 - 22:33:51] Nguyen ThanhDat has changed BusinessID 9's Interior to X:-27.335939 Y:-31.346124 Z:1003.557250
[2016/3/19 - 22:34:20] Nguyen ThanhDat thay doi vi tri tram gas 0 cho cua hang 9
[2016/3/19 - 22:34:34] Nguyen ThanhDat thay doi vi tri tram gas 1 cho cua hang 9
[2016/3/19 - 22:35:06] Nguyen ThanhDat da thay doi cong suat tram gas 0 cho Business (9) den 100000.00
[2016/3/19 - 22:35:11] Nguyen ThanhDat da thay doi cong suat tram gas 1 cho Business (9) den 100000.00
[2016/3/19 - 22:35:14] Nguyen ThanhDat da thay doi luong khi gas 1 cho Business (9) den 100000.00
[2016/3/19 - 22:35:16] Nguyen ThanhDat da thay doi luong khi gas 0 cho Business (9) den 100000.00
[2016/3/19 - 22:36:03] Nguyen ThanhDat da thay doi cong suat tram gas 0 cho Business (2) den 100000.00
[2016/3/19 - 22:36:05] Nguyen ThanhDat da thay doi cong suat tram gas 1 cho Business (2) den 100000.00
[2016/3/19 - 22:36:09] Nguyen ThanhDat da thay doi luong khi gas 1 cho Business (2) den 100000.00
[2016/3/19 - 22:36:11] Nguyen ThanhDat da thay doi luong khi gas 0 cho Business (2) den 100000.00
[2016/3/19 - 22:37:25] Nguyen ThanhDat has changed BusinessID 10's Exterior to X:1632.888183 Y:-1450.263916 Z:13.546875
[2016/3/19 - 22:37:29] Nguyen ThanhDat has changed BusinessID 10's Type to Dai ly xe moi (5).
[2016/3/20 - 11:38:34] Nguyen ThanhDat has changed BusinessID 11's Exterior to X:2244.291748 Y:-1665.536254 Z:15.476562
[2016/3/20 - 11:38:40] Nguyen ThanhDat has changed BusinessID 11's Type to Tram xang (1).
[2016/3/20 - 11:38:40] Nguyen ThanhDat has changed BusinessID 11's Type to Shop quan ao (2).
[2016/3/20 - 11:38:42] Nguyen ThanhDat has changed BusinessID 11's Type to Shop quan ao (2).
[2016/3/20 - 11:39:45] Nguyen ThanhDat has changed BusinessID 11's Interior to X:207.682601 Y:-111.072555 Z:1005.132812
[2016/3/20 - 11:40:31] Nguyen ThanhDat has changed BusinessID 12's Exterior to X:2229.490722 Y:-1721.728881 Z:13.565704
[2016/3/20 - 11:40:35] Nguyen ThanhDat has changed BusinessID 12's Type to Bar (9).
[2016/3/20 - 11:40:36] Nguyen ThanhDat has changed BusinessID 12's Type to Gym (12).
[2016/3/20 - 16:00:09] Nguyen ThanhDat has changed BusinessID 12's Interior to X:772.332946 Y:-5.516255 Z:1000.728515
[2016/3/20 - 16:34:06] Nguyen ThanhDat has changed BusinessID 10's Interior to X:1643.459960 Y:-1519.410034 Z:13.568724
[2016/11/20 - 16:02:54] Nguyen ThanhDat has changed BusinessID 13's Exterior to X:2424.319335 Y:-1742.703613 Z:13.546840
[2016/11/20 - 16:03:27] Nguyen ThanhDat has changed BusinessID 13's Type to Shop vu khi (4).
[2016/11/20 - 16:03:29] Nguyen ThanhDat has changed BusinessID 13's Type to Shop quan ao (2).
[2016/11/20 - 16:03:29] lang zu has deleted BusinessID 1.
[2016/11/20 - 16:03:29] Nguyen ThanhDat has changed BusinessID 13's Type to Tram xang (1).
[2016/11/20 - 16:03:31] Nguyen ThanhDat has changed BusinessID 13's Type to Nha hang (3).
[2016/11/20 - 16:03:32] Nguyen ThanhDat has changed BusinessID 13's Type to Dai ly xe moi (5).
[2016/11/20 - 16:03:33] Nguyen ThanhDat has changed BusinessID 13's Type to Dai ly xe cu (6).
[2016/11/20 - 16:03:33] Nguyen ThanhDat has changed BusinessID 13's Type to Tram sua xe (7).
[2016/11/20 - 16:03:34] Nguyen ThanhDat has changed BusinessID 13's Type to 24/7 (8).
[2016/11/20 - 16:03:35] Nguyen ThanhDat has changed BusinessID 13's Type to 24/7 (8).
