[2016/3/19 - 20:07:02] Nguyen ThanhDat has edited DoorID 902's Exterior.
[2016/3/19 - 20:07:11] Nguyen ThanhDat has edited door ID 902's name to Garage.
[2016/3/19 - 20:07:45] Nguyen ThanhDat has edited DoorID 902's Interior.
[2016/3/19 - 20:17:32] Nguyen ThanhDat has edited DoorID 491's type.
[2016/3/19 - 20:17:37] Nguyen ThanhDat has edited door ID 491's name to San thuong.
[2016/3/19 - 20:38:22] Nguyen ThanhDat has edited DoorID 905's Exterior.
[2016/3/19 - 20:38:30] Nguyen ThanhDat has edited door ID 905's name to San thuong.
[2016/3/19 - 20:38:56] Nguyen ThanhDat has edited DoorID 905's Interior.
[2016/3/19 - 21:19:14] Anh Da Den has edited DoorID 504's type.
[2016/3/19 - 21:19:31] Anh Da Den has edited DoorID 504's Faction.
[2016/3/19 - 21:20:06] Anh Da Den has edited DoorID 504's Allegiance to 0.
[2016/3/19 - 21:20:49] Anh Da Den has edited door ID 504's name to HQ SANews.
[2016/3/19 - 21:40:13] Anh Da Den has deleted DoorID 1007.
[2016/3/19 - 21:48:04] Anh Da Den has edited DoorID 2221's Exterior.
[2016/3/19 - 22:37:18] Nguyen ThanhDat has deleted DoorID 2443.
[2016/3/20 - 11:43:34] Phi Gaming has edited door ID 849's name to Ngan Hang.
[2016/3/20 - 11:44:24] Phi Gaming has deleted DoorID 1173.
[2016/3/20 - 11:44:40] Phi Gaming has deleted DoorID 1347.
[2016/3/20 - 11:46:02] Phi Gaming has deleted DoorID 773.
[2016/3/20 - 11:48:18] Phi Gaming has edited door ID 876's name to Benh Vien LS.
[2016/3/20 - 11:53:34] Nguyen ThanhDat has edited DoorID 150's Exterior.
[2016/3/20 - 11:53:37] Nguyen ThanhDat has edited DoorID 150's Exterior.
[2016/3/20 - 11:53:41] Nguyen ThanhDat has edited DoorID 23's Exterior.
[2016/3/20 - 11:53:45] Nguyen ThanhDat has edited door ID 23's name to VIP New.
[2016/3/25 - 18:32:58] Nguyen ThanhDat has edited DoorID 23's Faction.
[2016/3/25 - 18:33:22] Nguyen ThanhDat has edited DoorID 23's VIP Level.
[2016/3/25 - 21:41:59] Bin LaTao has edited door ID 680's name to Phong nghi l Chu So Huu : Bin LaTAo.
[2016/3/25 - 21:42:09] Bin LaTao has edited door ID 680's name to Phong nghi Trunk.
[2016/3/25 - 21:44:07] Bin LaTao has edited door ID 998's name to Bar.
[2016/3/25 - 21:44:42] Bin LaTao has edited door ID 1671's name to 1.
[2016/3/25 - 21:44:58] Bin LaTao has edited door ID 1671's name to Phong che ma tuy l So Huu : Bin LaTAo.
[2016/3/25 - 21:45:02] Bin LaTao has edited door ID 1671's name to Phong che ma tuy l So Huu : Bin LaTao.
[2016/3/25 - 21:46:00] Bin LaTao has edited door ID 2396's name to Phong An l So Huu : Bin LaTao.
[2016/3/25 - 21:46:52] Bin LaTao has edited door ID 955's name to Phong Pizza.
[2016/3/25 - 21:47:19] Bin LaTao has edited door ID 1524's name to Phong An l Bin LaTao.
[2016/3/25 - 21:47:31] Bin LaTao has edited door ID 1524's name to Phong An l So Huu: Bin LaTao.
[2016/3/25 - 21:47:35] Bin LaTao has edited door ID 1524's name to Phong An l So Huu : Bin LaTao.
[2016/3/25 - 21:49:02] Bin LaTao has edited door ID 1732's name to Phong Lam Viec l So Huu : Bin LaTao.
[2016/3/25 - 21:49:21] Bin LaTao has edited door ID 4's name to Duong ra VIP l So Huu : Bin LaTao.
[2016/3/25 - 21:56:02] Nguyen ThanhDat has edited DoorID 600's type.
[2016/3/25 - 21:56:06] Nguyen ThanhDat has edited DoorID 600's type.
[2016/3/26 - 14:19:40] Binn Chivas has edited door ID 787's name to Vu Truong.
[2016/3/26 - 14:21:02] Binn Chivas has edited DoorID 787's password to Bin.
[2016/3/26 - 14:21:11] Binn Chivas has edited DoorID 787's password to Binn_Chivas.
[2016/4/1 - 20:23:25] Hoclam samp has edited door ID 197's name to Hoclamsamp.
[2016/4/1 - 20:23:34] Hoclam samp has edited door ID 187's name to Hoclamsamp.
[2016/4/1 - 20:42:47] Hoclam samp has edited door ID 187's name to hoaclamsamp.
[2018/8/15 - 14:01:57] Dawkin Nguyen has deleted DoorID 5.
[2018/8/15 - 14:02:50] Dawkin Nguyen has edited DoorID 21's Faction.
[2018/8/15 - 14:02:55] Dawkin Nguyen has edited DoorID 21's Faction.
[2018/8/15 - 14:03:06] Dawkin Nguyen has edited DoorID 21's Family.
[2018/8/15 - 14:03:11] Dawkin Nguyen has edited DoorID 21's Family.
[2018/8/15 - 14:03:17] Dawkin Nguyen has edited DoorID 21's Faction.
[2018/8/15 - 14:03:22] Dawkin Nguyen has edited DoorID 21's Faction.
[2018/8/15 - 14:03:45] Dawkin Nguyen has edited DoorID 21's Admin Level.
[2018/8/15 - 14:05:14] Dawkin Nguyen has edited DoorID 5's Exterior.
[2018/8/15 - 14:05:28] Dawkin Nguyen has edited DoorID 5's Interior.
[2018/8/15 - 14:05:38] Dawkin Nguyen has edited DoorID 5's Exterior.
[2018/8/15 - 14:05:48] Dawkin Nguyen has edited DoorID 5's Exterior.
[2018/8/15 - 14:05:57] Dawkin Nguyen has edited DoorID 5's Exterior.
[2018/8/15 - 14:06:09] Dawkin Nguyen has edited DoorID 5's Exterior.
[2018/8/15 - 14:06:12] Dawkin Nguyen has edited door ID 5's name to HQ Ballas.
[2018/8/15 - 14:06:32] Dawkin Nguyen has edited DoorID 5's Faction.
[2018/8/15 - 14:06:38] Dawkin Nguyen has edited DoorID 5's CustomInterior.
[2018/8/15 - 14:06:49] Dawkin Nguyen has deleted DoorID 21.
[2018/8/15 - 14:08:14] Dawkin Nguyen has edited door ID 2091's name to HQ .
[2018/8/15 - 14:20:06] Dawkin Nguyen has edited door ID 12's name to HQ Grove Street.
[2018/8/15 - 14:27:21] Dawkin Nguyen has edited DoorID 21's Exterior.
[2018/8/15 - 14:27:35] Dawkin Nguyen has edited DoorID 21's Interior.
[2018/8/15 - 14:27:44] Dawkin Nguyen has edited DoorID 21's Exterior.
[2018/8/15 - 14:27:53] Dawkin Nguyen has deleted DoorID 2091.
[2018/8/15 - 14:28:00] Dawkin Nguyen has edited DoorID 21's Exterior.
[2018/8/15 - 14:28:04] Dawkin Nguyen has edited door ID 21's name to HQ.
[2018/8/15 - 14:28:09] Dawkin Nguyen has edited DoorID 21's Faction.
[2018/8/15 - 14:28:12] Dawkin Nguyen has edited DoorID 21's Faction.
[2018/8/15 - 14:28:19] Dawkin Nguyen has edited DoorID 21's CustomInterior.
[2018/8/15 - 14:31:32] Dawkin Nguyen has deleted DoorID 2616.
[2018/8/15 - 14:31:56] Dawkin Nguyen has edited door ID 191's owner to Dawkin Nguyen (SQL ID: 10).
[2018/8/15 - 14:32:45] Dawkin Nguyen has deleted DoorID 247.
[2018/8/15 - 14:32:48] Dawkin Nguyen has deleted DoorID 27.
[2018/8/15 - 14:33:14] Dawkin Nguyen has edited DoorID 29's Exterior.
[2018/8/15 - 14:33:20] Dawkin Nguyen has deleted DoorID 1961.
[2018/8/15 - 14:33:23] Dawkin Nguyen has edited door ID 29's name to HQ.
[2018/8/15 - 14:57:13] Dawkin Nguyen has deleted DoorID 1784.
[2018/8/15 - 18:34:41] Dawkin Nguyen has deleted DoorID 11.
