[2016/3/19 - 19:51:46] Nguyen ThanhDat has created a dynamic vehicle.
[2016/3/19 - 19:51:46] Nguyen ThanhDat's DV Creation query has returned - attempting to spawn vehicle - SQL ID 53
[2016/3/19 - 19:51:50] Nguyen ThanhDat has created a dynamic vehicle.
[2016/3/19 - 19:51:50] Nguyen ThanhDat's DV Creation query has returned - attempting to spawn vehicle - SQL ID 54
[2016/3/19 - 19:52:43] Nguyen ThanhDat has created a dynamic vehicle.
[2016/3/19 - 19:52:43] Nguyen ThanhDat's DV Creation query has returned - attempting to spawn vehicle - SQL ID 55
[2016/3/19 - 19:52:44] Nguyen ThanhDat has created a dynamic vehicle.
[2016/3/19 - 19:52:44] Nguyen ThanhDat's DV Creation query has returned - attempting to spawn vehicle - SQL ID 56
[2016/3/19 - 19:52:45] Nguyen ThanhDat has created a dynamic vehicle.
[2016/3/19 - 19:52:45] Nguyen ThanhDat's DV Creation query has returned - attempting to spawn vehicle - SQL ID 57
[2016/3/19 - 19:52:46] Nguyen ThanhDat has created a dynamic vehicle.
[2016/3/19 - 19:52:46] Nguyen ThanhDat's DV Creation query has returned - attempting to spawn vehicle - SQL ID 58
[2016/3/19 - 19:52:46] Nguyen ThanhDat has created a dynamic vehicle.
[2016/3/19 - 19:52:46] Nguyen ThanhDat's DV Creation query has returned - attempting to spawn vehicle - SQL ID 59
[2016/3/19 - 19:52:47] Nguyen ThanhDat has created a dynamic vehicle.
[2016/3/19 - 19:52:47] Nguyen ThanhDat's DV Creation query has returned - attempting to spawn vehicle - SQL ID 60
[2016/3/19 - 19:54:52] Nguyen ThanhDat has created a dynamic vehicle.
[2016/3/19 - 19:54:52] Nguyen ThanhDat's DV Creation query has returned - attempting to spawn vehicle - SQL ID 61
[2016/3/19 - 19:54:54] Nguyen ThanhDat has created a dynamic vehicle.
[2016/3/19 - 19:54:54] Nguyen ThanhDat's DV Creation query has returned - attempting to spawn vehicle - SQL ID 62
[2016/3/19 - 19:54:56] Nguyen ThanhDat has created a dynamic vehicle.
[2016/3/19 - 19:54:56] Nguyen ThanhDat's DV Creation query has returned - attempting to spawn vehicle - SQL ID 63
[2016/3/19 - 19:54:57] Nguyen ThanhDat has created a dynamic vehicle.
[2016/3/19 - 19:54:57] Nguyen ThanhDat's DV Creation query has returned - attempting to spawn vehicle - SQL ID 64
[2016/3/19 - 19:54:59] Nguyen ThanhDat has created a dynamic vehicle.
[2016/3/19 - 19:54:59] Nguyen ThanhDat's DV Creation query has returned - attempting to spawn vehicle - SQL ID 65
[2016/3/19 - 19:55:01] Nguyen ThanhDat has created a dynamic vehicle.
[2016/3/19 - 19:55:01] Nguyen ThanhDat's DV Creation query has returned - attempting to spawn vehicle - SQL ID 66
[2016/3/19 - 19:56:54] Nguyen ThanhDat has edited DV Slot 57 - 128 delete.
[2016/3/19 - 19:57:30] Nguyen ThanhDat has created a dynamic vehicle.
[2016/3/19 - 19:57:30] Nguyen ThanhDat's DV Creation query has returned - attempting to spawn vehicle - SQL ID 57
[2016/3/19 - 19:57:43] Nguyen ThanhDat has created a dynamic vehicle.
[2016/3/19 - 19:57:43] Nguyen ThanhDat's DV Creation query has returned - attempting to spawn vehicle - SQL ID 67
[2016/3/19 - 19:57:50] Nguyen ThanhDat has created a dynamic vehicle.
[2016/3/19 - 19:57:50] Nguyen ThanhDat's DV Creation query has returned - attempting to spawn vehicle - SQL ID 68
[2016/3/19 - 19:57:52] Nguyen ThanhDat has created a dynamic vehicle.
[2016/3/19 - 19:57:52] Nguyen ThanhDat's DV Creation query has returned - attempting to spawn vehicle - SQL ID 69
[2016/3/19 - 19:58:10] Nguyen ThanhDat has created a dynamic vehicle.
[2016/3/19 - 19:58:10] Nguyen ThanhDat's DV Creation query has returned - attempting to spawn vehicle - SQL ID 70
[2016/3/19 - 19:58:16] Nguyen ThanhDat has edited DV Slot 70 - 141 delete.
[2016/3/19 - 19:58:18] Nguyen ThanhDat has created a dynamic vehicle.
[2016/3/19 - 19:58:18] Nguyen ThanhDat's DV Creation query has returned - attempting to spawn vehicle - SQL ID 70
[2016/3/19 - 19:58:19] Nguyen ThanhDat has created a dynamic vehicle.
[2016/3/19 - 19:58:19] Nguyen ThanhDat's DV Creation query has returned - attempting to spawn vehicle - SQL ID 71
[2016/3/19 - 19:58:21] Nguyen ThanhDat has created a dynamic vehicle.
[2016/3/19 - 19:58:21] Nguyen ThanhDat's DV Creation query has returned - attempting to spawn vehicle - SQL ID 72
[2016/3/19 - 19:59:18] Nguyen ThanhDat has created a dynamic vehicle.
[2016/3/19 - 19:59:18] Nguyen ThanhDat's DV Creation query has returned - attempting to spawn vehicle - SQL ID 73
[2016/3/19 - 19:59:20] Nguyen ThanhDat has created a dynamic vehicle.
[2016/3/19 - 19:59:20] Nguyen ThanhDat's DV Creation query has returned - attempting to spawn vehicle - SQL ID 74
[2016/3/19 - 19:59:21] Nguyen ThanhDat has created a dynamic vehicle.
[2016/3/19 - 19:59:21] Nguyen ThanhDat's DV Creation query has returned - attempting to spawn vehicle - SQL ID 75
[2016/3/19 - 19:59:23] Nguyen ThanhDat has created a dynamic vehicle.
[2016/3/19 - 19:59:23] Nguyen ThanhDat's DV Creation query has returned - attempting to spawn vehicle - SQL ID 76
[2016/3/19 - 19:59:24] Nguyen ThanhDat has created a dynamic vehicle.
[2016/3/19 - 19:59:24] Nguyen ThanhDat's DV Creation query has returned - attempting to spawn vehicle - SQL ID 77
[2016/3/19 - 20:00:21] Nguyen ThanhDat has created a dynamic vehicle.
[2016/3/19 - 20:00:21] Nguyen ThanhDat's DV Creation query has returned - attempting to spawn vehicle - SQL ID 78
[2016/3/19 - 20:00:23] Nguyen ThanhDat has created a dynamic vehicle.
[2016/3/19 - 20:00:23] Nguyen ThanhDat's DV Creation query has returned - attempting to spawn vehicle - SQL ID 79
[2016/3/19 - 20:00:28] Nguyen ThanhDat has created a dynamic vehicle.
[2016/3/19 - 20:00:28] Nguyen ThanhDat's DV Creation query has returned - attempting to spawn vehicle - SQL ID 80
[2016/3/19 - 20:00:31] Nguyen ThanhDat has created a dynamic vehicle.
[2016/3/19 - 20:00:31] Nguyen ThanhDat's DV Creation query has returned - attempting to spawn vehicle - SQL ID 81
[2016/3/19 - 20:01:03] Nguyen ThanhDat has created a dynamic vehicle.
[2016/3/19 - 20:01:03] Nguyen ThanhDat's DV Creation query has returned - attempting to spawn vehicle - SQL ID 82
[2016/3/19 - 20:01:06] Nguyen ThanhDat has created a dynamic vehicle.
[2016/3/19 - 20:01:06] Nguyen ThanhDat's DV Creation query has returned - attempting to spawn vehicle - SQL ID 83
[2016/3/19 - 20:01:08] Nguyen ThanhDat has created a dynamic vehicle.
[2016/3/19 - 20:01:08] Nguyen ThanhDat's DV Creation query has returned - attempting to spawn vehicle - SQL ID 84
[2016/3/19 - 20:01:11] Nguyen ThanhDat has created a dynamic vehicle.
[2016/3/19 - 20:01:11] Nguyen ThanhDat's DV Creation query has returned - attempting to spawn vehicle - SQL ID 85
[2016/3/19 - 20:01:38] Nguyen ThanhDat has edited DV Slot 80 - 151 delete.
[2016/3/19 - 20:01:58] Nguyen ThanhDat has created a dynamic vehicle.
[2016/3/19 - 20:01:58] Nguyen ThanhDat's DV Creation query has returned - attempting to spawn vehicle - SQL ID 80
[2016/3/19 - 20:02:03] Nguyen ThanhDat has edited DV Slot 80 - 156 delete.
[2016/3/19 - 20:02:04] Nguyen ThanhDat has created a dynamic vehicle.
[2016/3/19 - 20:02:05] Nguyen ThanhDat's DV Creation query has returned - attempting to spawn vehicle - SQL ID 80
[2016/3/19 - 20:02:20] Nguyen ThanhDat has edited DV Slot 83 - 154 DELETE.
[2016/3/19 - 20:02:23] Nguyen ThanhDat has edited DV Slot 82 - 153 DELETE.
[2016/3/19 - 20:03:10] Nguyen ThanhDat has edited DV Slot 85 - 153 delete.
[2016/3/19 - 20:03:12] Nguyen ThanhDat has edited DV Slot 84 - 151 delete.
[2016/3/19 - 20:04:24] Nguyen ThanhDat has created a dynamic vehicle.
[2016/3/19 - 20:04:24] Nguyen ThanhDat's DV Creation query has returned - attempting to spawn vehicle - SQL ID 82
[2016/3/19 - 20:05:04] Nguyen ThanhDat has created a dynamic vehicle.
[2016/3/19 - 20:05:04] Nguyen ThanhDat's DV Creation query has returned - attempting to spawn vehicle - SQL ID 83
[2016/3/19 - 20:05:05] Nguyen ThanhDat has created a dynamic vehicle.
[2016/3/19 - 20:05:05] Nguyen ThanhDat's DV Creation query has returned - attempting to spawn vehicle - SQL ID 84
[2016/3/19 - 20:15:07] Nguyen ThanhDat has created a dynamic vehicle.
[2016/3/19 - 20:15:07] Nguyen ThanhDat's DV Creation query has returned - attempting to spawn vehicle - SQL ID 85
[2016/3/19 - 20:15:17] Nguyen ThanhDat has created a dynamic vehicle.
[2016/3/19 - 20:15:17] Nguyen ThanhDat's DV Creation query has returned - attempting to spawn vehicle - SQL ID 86
[2016/3/19 - 20:34:32] Nguyen ThanhDat has created a dynamic vehicle.
[2016/3/19 - 20:34:32] Nguyen ThanhDat's DV Creation query has returned - attempting to spawn vehicle - SQL ID 1
[2016/3/19 - 20:34:36] Nguyen ThanhDat has created a dynamic vehicle.
[2016/3/19 - 20:34:36] Nguyen ThanhDat's DV Creation query has returned - attempting to spawn vehicle - SQL ID 2
[2016/3/19 - 20:35:01] Nguyen ThanhDat has created a dynamic vehicle.
[2016/3/19 - 20:35:01] Nguyen ThanhDat's DV Creation query has returned - attempting to spawn vehicle - SQL ID 3
[2016/3/19 - 20:35:02] Nguyen ThanhDat has created a dynamic vehicle.
[2016/3/19 - 20:35:02] Nguyen ThanhDat's DV Creation query has returned - attempting to spawn vehicle - SQL ID 4
[2016/3/19 - 20:35:41] Nguyen ThanhDat has edited DV Slot 1 - 110 groupid 9.
[2016/3/19 - 20:35:44] Nguyen ThanhDat has edited DV Slot 2 - 111 groupid 9.
[2016/3/19 - 20:36:40] Nguyen ThanhDat has created a dynamic vehicle.
[2016/3/19 - 20:36:40] Nguyen ThanhDat's DV Creation query has returned - attempting to spawn vehicle - SQL ID 5
[2016/3/19 - 20:36:50] Nguyen ThanhDat has edited DV Slot 4 - 113 groupid 9.
[2016/3/19 - 20:36:56] Nguyen ThanhDat has edited DV Slot 3 - 112 groupid 9.
[2016/3/19 - 20:37:06] Nguyen ThanhDat has edited DV Slot 5 - 114 groupid 9.
[2016/3/19 - 20:39:03] Nguyen ThanhDat has created a dynamic vehicle.
[2016/3/19 - 20:39:03] Nguyen ThanhDat's DV Creation query has returned - attempting to spawn vehicle - SQL ID 6
[2016/3/19 - 20:39:05] Nguyen ThanhDat has created a dynamic vehicle.
[2016/3/19 - 20:39:05] Nguyen ThanhDat's DV Creation query has returned - attempting to spawn vehicle - SQL ID 7
[2016/3/19 - 20:39:18] Nguyen ThanhDat has created a dynamic vehicle.
[2016/3/19 - 20:39:18] Nguyen ThanhDat's DV Creation query has returned - attempting to spawn vehicle - SQL ID 8
[2016/3/19 - 20:39:29] Nguyen ThanhDat has created a dynamic vehicle.
[2016/3/19 - 20:39:29] Nguyen ThanhDat's DV Creation query has returned - attempting to spawn vehicle - SQL ID 9
[2016/3/19 - 20:41:04] Nguyen ThanhDat has created a dynamic vehicle.
[2016/3/19 - 20:41:04] Nguyen ThanhDat's DV Creation query has returned - attempting to spawn vehicle - SQL ID 10
[2016/3/19 - 20:41:35] Nguyen ThanhDat has edited DV Slot 8 - 117 groupid 9.
[2016/3/19 - 20:41:43] Nguyen ThanhDat has edited DV Slot 6 - 115 groupid 9.
[2016/3/19 - 20:41:45] Nguyen ThanhDat has edited DV Slot 7 - 116 groupid 9.
[2016/3/19 - 20:41:49] Nguyen ThanhDat has edited DV Slot 9 - 118 groupid 9.
[2016/3/19 - 20:41:59] Nguyen ThanhDat has edited DV Slot 10 - 119 groupid 9.
[2016/3/19 - 20:43:11] Nguyen ThanhDat has created a dynamic vehicle.
[2016/3/19 - 20:43:11] Nguyen ThanhDat's DV Creation query has returned - attempting to spawn vehicle - SQL ID 11
[2016/3/19 - 20:43:12] Nguyen ThanhDat has created a dynamic vehicle.
[2016/3/19 - 20:43:12] Nguyen ThanhDat's DV Creation query has returned - attempting to spawn vehicle - SQL ID 12
[2016/3/19 - 20:43:14] Nguyen ThanhDat has created a dynamic vehicle.
[2016/3/19 - 20:43:14] Nguyen ThanhDat's DV Creation query has returned - attempting to spawn vehicle - SQL ID 13
[2016/3/19 - 20:44:30] Nguyen ThanhDat has created a dynamic vehicle.
[2016/3/19 - 20:44:30] Nguyen ThanhDat's DV Creation query has returned - attempting to spawn vehicle - SQL ID 14
[2016/3/19 - 20:44:40] Nguyen ThanhDat has created a dynamic vehicle.
[2016/3/19 - 20:44:40] Nguyen ThanhDat's DV Creation query has returned - attempting to spawn vehicle - SQL ID 15
[2016/3/19 - 20:44:43] Nguyen ThanhDat has created a dynamic vehicle.
[2016/3/19 - 20:44:43] Nguyen ThanhDat's DV Creation query has returned - attempting to spawn vehicle - SQL ID 16
[2016/3/19 - 20:45:24] Nguyen ThanhDat has created a dynamic vehicle.
[2016/3/19 - 20:45:24] Nguyen ThanhDat's DV Creation query has returned - attempting to spawn vehicle - SQL ID 18
[2016/3/19 - 20:45:26] Nguyen ThanhDat has created a dynamic vehicle.
[2016/3/19 - 20:45:26] Nguyen ThanhDat's DV Creation query has returned - attempting to spawn vehicle - SQL ID 19
[2016/3/19 - 20:46:01] Nguyen ThanhDat has edited DV Slot 19 - 127 delete.
[2016/3/19 - 20:46:04] Nguyen ThanhDat has edited DV Slot 18 - 126 delete.
[2016/3/19 - 20:46:15] Nguyen ThanhDat has created a dynamic vehicle.
[2016/3/19 - 20:46:15] Nguyen ThanhDat's DV Creation query has returned - attempting to spawn vehicle - SQL ID 18
[2016/3/19 - 20:46:17] Nguyen ThanhDat has created a dynamic vehicle.
[2016/3/19 - 20:46:17] Nguyen ThanhDat's DV Creation query has returned - attempting to spawn vehicle - SQL ID 19
[2016/3/19 - 20:46:23] Nguyen ThanhDat has created a dynamic vehicle.
[2016/3/19 - 20:46:23] Nguyen ThanhDat's DV Creation query has returned - attempting to spawn vehicle - SQL ID 20
[2016/3/19 - 20:46:24] Nguyen ThanhDat has created a dynamic vehicle.
[2016/3/19 - 20:46:24] Nguyen ThanhDat's DV Creation query has returned - attempting to spawn vehicle - SQL ID 21
[2016/3/19 - 20:46:26] Nguyen ThanhDat has created a dynamic vehicle.
[2016/3/19 - 20:46:26] Nguyen ThanhDat's DV Creation query has returned - attempting to spawn vehicle - SQL ID 22
[2016/3/19 - 20:48:36] Nguyen ThanhDat has edited DV Slot 15 - 124 vcol1 0.
[2016/3/19 - 20:48:39] Nguyen ThanhDat has edited DV Slot 16 - 125 vcol1 0.
[2016/3/19 - 20:50:09] Nguyen ThanhDat has edited DV Slot 16 - 125 vcol 2 0.
[2016/3/19 - 20:50:11] Nguyen ThanhDat has edited DV Slot 15 - 124 vcol 2 0.
[2016/3/19 - 20:51:31] Nguyen ThanhDat has edited DV Slot 16 - 125 vcol 1 0.
[2016/3/19 - 20:51:35] Nguyen ThanhDat has edited DV Slot 16 - 125 vcol 0.
[2016/3/19 - 20:51:38] Nguyen ThanhDat has edited DV Slot 16 - 125 vcol 0 0.
[2016/3/19 - 20:51:41] Nguyen ThanhDat has edited DV Slot 16 - 125 vcol 0 0.
[2016/3/19 - 20:51:43] Nguyen ThanhDat has edited DV Slot 16 - 125 vcol1 0 0.
[2016/3/19 - 20:51:46] Nguyen ThanhDat has edited DV Slot 16 - 125 vcol1 1 0.
[2016/3/19 - 20:51:49] Nguyen ThanhDat has edited DV Slot 16 - 125 vcol1 1 0.
[2016/3/19 - 20:51:54] Nguyen ThanhDat has edited DV Slot 16 - 125 vcol2 1 0.
[2016/3/19 - 20:52:08] Nguyen ThanhDat has edited DV Slot 16 - 125 vcol1 0.
[2016/3/19 - 20:52:10] Nguyen ThanhDat has edited DV Slot 16 - 125 vcol2 0.
[2016/3/19 - 20:52:18] Nguyen ThanhDat has edited DV Slot 15 - 124 vcol2 0.
[2016/3/19 - 20:52:20] Nguyen ThanhDat has edited DV Slot 15 - 124 vcol1 0.
[2016/3/19 - 20:57:17] Nguyen ThanhDat has edited DV Slot 14 - 123 groupid 2.
[2016/3/19 - 20:57:23] Nguyen ThanhDat has edited DV Slot 11 - 120 groupid 2.
[2016/3/19 - 20:57:24] Nguyen ThanhDat has edited DV Slot 12 - 121 groupid 2.
[2016/3/19 - 20:57:29] Nguyen ThanhDat has edited DV Slot 13 - 122 groupid 2.
[2016/3/19 - 20:57:31] Nguyen ThanhDat has edited DV Slot 15 - 124 groupid 2.
[2016/3/19 - 20:57:33] Nguyen ThanhDat has edited DV Slot 16 - 125 groupid 2.
[2016/3/19 - 20:57:38] Nguyen ThanhDat has edited DV Slot 18 - 126 groupid 2.
[2016/3/19 - 20:57:41] Nguyen ThanhDat has edited DV Slot 19 - 127 groupid 2.
[2016/3/19 - 20:57:49] Nguyen ThanhDat has edited DV Slot 20 - 128 groupid 2.
[2016/3/19 - 20:57:51] Nguyen ThanhDat has edited DV Slot 21 - 129 groupid 2.
[2016/3/19 - 20:57:54] Nguyen ThanhDat has edited DV Slot 22 - 130 groupid 2.
[2016/3/19 - 20:58:57] Nguyen ThanhDat has created a dynamic vehicle.
[2016/3/19 - 20:58:57] Nguyen ThanhDat's DV Creation query has returned - attempting to spawn vehicle - SQL ID 25
[2016/3/19 - 20:59:00] Nguyen ThanhDat has created a dynamic vehicle.
[2016/3/19 - 20:59:00] Nguyen ThanhDat's DV Creation query has returned - attempting to spawn vehicle - SQL ID 27
[2016/3/19 - 21:08:25] Nguyen ThanhDat has edited DV Slot 25 - 138 groupid 2.
[2016/3/19 - 21:08:29] Nguyen ThanhDat has edited DV Slot 27 - 139 groupid 2.
[2016/3/19 - 21:09:17] Nguyen ThanhDat has created a dynamic vehicle.
[2016/3/19 - 21:09:18] Nguyen ThanhDat's DV Creation query has returned - attempting to spawn vehicle - SQL ID 28
[2016/3/19 - 21:09:19] Nguyen ThanhDat has created a dynamic vehicle.
[2016/3/19 - 21:09:19] Nguyen ThanhDat's DV Creation query has returned - attempting to spawn vehicle - SQL ID 30
[2016/3/19 - 21:09:21] Nguyen ThanhDat has created a dynamic vehicle.
[2016/3/19 - 21:09:21] Nguyen ThanhDat's DV Creation query has returned - attempting to spawn vehicle - SQL ID 31
[2016/3/19 - 21:09:22] Nguyen ThanhDat has created a dynamic vehicle.
[2016/3/19 - 21:09:22] Nguyen ThanhDat's DV Creation query has returned - attempting to spawn vehicle - SQL ID 32
[2016/3/19 - 21:09:24] Nguyen ThanhDat has created a dynamic vehicle.
[2016/3/19 - 21:09:24] Nguyen ThanhDat's DV Creation query has returned - attempting to spawn vehicle - SQL ID 33
[2016/3/19 - 21:09:30] Nguyen ThanhDat has created a dynamic vehicle.
[2016/3/19 - 21:09:30] Nguyen ThanhDat's DV Creation query has returned - attempting to spawn vehicle - SQL ID 34
[2016/3/19 - 21:09:32] Nguyen ThanhDat has created a dynamic vehicle.
[2016/3/19 - 21:09:32] Nguyen ThanhDat's DV Creation query has returned - attempting to spawn vehicle - SQL ID 35
[2016/3/19 - 21:09:34] Nguyen ThanhDat has created a dynamic vehicle.
[2016/3/19 - 21:09:34] Nguyen ThanhDat's DV Creation query has returned - attempting to spawn vehicle - SQL ID 36
[2016/3/19 - 21:09:36] Nguyen ThanhDat has created a dynamic vehicle.
[2016/3/19 - 21:09:36] Nguyen ThanhDat's DV Creation query has returned - attempting to spawn vehicle - SQL ID 37
[2016/3/19 - 21:09:37] Nguyen ThanhDat has created a dynamic vehicle.
[2016/3/19 - 21:09:37] Nguyen ThanhDat's DV Creation query has returned - attempting to spawn vehicle - SQL ID 38
[2016/3/19 - 21:13:34] Nguyen ThanhDat has edited DV Slot 36 - 147 groupid 3.
[2016/3/19 - 21:13:42] Nguyen ThanhDat has edited DV Slot 38 - 149 groupid 3.
[2016/3/19 - 21:13:44] Nguyen ThanhDat has edited DV Slot 37 - 148 groupid 3.
[2016/3/19 - 21:13:45] Nguyen ThanhDat has edited DV Slot 35 - 146 groupid 3.
[2016/3/19 - 21:13:48] Nguyen ThanhDat has edited DV Slot 34 - 145 groupid 3.
[2016/3/19 - 21:13:59] Nguyen ThanhDat has edited DV Slot 32 - 143 groupid 3.
[2016/3/19 - 21:14:02] Nguyen ThanhDat has edited DV Slot 30 - 141 groupid 3.
[2016/3/19 - 21:14:03] Nguyen ThanhDat has edited DV Slot 28 - 140 groupid 3.
[2016/3/19 - 21:14:06] Nguyen ThanhDat has edited DV Slot 31 - 142 groupid 3.
[2016/3/19 - 21:14:08] Nguyen ThanhDat has edited DV Slot 33 - 144 groupid 3.
[2016/3/19 - 21:20:29] Anh Da Den has created a dynamic vehicle.
[2016/3/19 - 21:20:29] Anh Da Den's DV Creation query has returned - attempting to spawn vehicle - SQL ID 39
[2016/3/19 - 21:20:31] Anh Da Den has created a dynamic vehicle.
[2016/3/19 - 21:20:31] Anh Da Den's DV Creation query has returned - attempting to spawn vehicle - SQL ID 40
[2016/3/19 - 21:20:35] Anh Da Den has created a dynamic vehicle.
[2016/3/19 - 21:20:35] Anh Da Den's DV Creation query has returned - attempting to spawn vehicle - SQL ID 41
[2016/3/19 - 21:20:36] Anh Da Den has created a dynamic vehicle.
[2016/3/19 - 21:20:36] Anh Da Den's DV Creation query has returned - attempting to spawn vehicle - SQL ID 42
[2016/3/19 - 21:20:39] Anh Da Den has created a dynamic vehicle.
[2016/3/19 - 21:20:39] Anh Da Den's DV Creation query has returned - attempting to spawn vehicle - SQL ID 43
[2016/3/19 - 21:23:12] Anh Da Den has created a dynamic vehicle.
[2016/3/19 - 21:23:12] Anh Da Den's DV Creation query has returned - attempting to spawn vehicle - SQL ID 44
[2016/3/19 - 21:23:17] Anh Da Den has edited DV Slot 44 - 155 groupid.
[2016/3/19 - 21:23:21] Anh Da Den has edited DV Slot 44 - 155 groupid 13.
[2016/3/19 - 21:23:41] Anh Da Den has edited DV Slot 39 - 150 groupid 13.
[2016/3/19 - 21:23:44] Anh Da Den has edited DV Slot 40 - 151 groupid 13.
[2016/3/19 - 21:23:45] Anh Da Den has edited DV Slot 41 - 152 groupid 13.
[2016/3/19 - 21:23:48] Anh Da Den has edited DV Slot 42 - 153 groupid 13.
[2016/3/19 - 21:23:49] Anh Da Den has edited DV Slot 43 - 154 groupid 13.
[2018/8/15 - 13:29:20] Dawkin Nguyen has created a dynamic vehicle.
[2018/8/15 - 13:29:20] Dawkin Nguyen's DV Creation query has returned - attempting to spawn vehicle - SQL ID 45
[2018/8/15 - 13:29:41] Dawkin Nguyen has created a dynamic vehicle.
[2018/8/15 - 13:29:41] Dawkin Nguyen's DV Creation query has returned - attempting to spawn vehicle - SQL ID 46
[2018/8/15 - 13:30:08] Dawkin Nguyen has created a dynamic vehicle.
[2018/8/15 - 13:30:08] Dawkin Nguyen's DV Creation query has returned - attempting to spawn vehicle - SQL ID 47
[2018/8/15 - 13:30:22] Dawkin Nguyen has created a dynamic vehicle.
[2018/8/15 - 13:30:22] Dawkin Nguyen's DV Creation query has returned - attempting to spawn vehicle - SQL ID 48
[2018/8/15 - 13:31:12] Dawkin Nguyen has created a dynamic vehicle.
[2018/8/15 - 13:31:12] Dawkin Nguyen's DV Creation query has returned - attempting to spawn vehicle - SQL ID 49
[2018/8/15 - 13:31:15] Dawkin Nguyen has created a dynamic vehicle.
[2018/8/15 - 13:31:15] Dawkin Nguyen's DV Creation query has returned - attempting to spawn vehicle - SQL ID 50
[2018/8/15 - 13:31:16] Dawkin Nguyen has created a dynamic vehicle.
[2018/8/15 - 13:31:16] Dawkin Nguyen's DV Creation query has returned - attempting to spawn vehicle - SQL ID 51
[2018/8/15 - 13:31:17] Dawkin Nguyen has created a dynamic vehicle.
[2018/8/15 - 13:31:17] Dawkin Nguyen's DV Creation query has returned - attempting to spawn vehicle - SQL ID 52
[2018/8/15 - 13:33:57] Dawkin Nguyen has created a dynamic vehicle.
[2018/8/15 - 13:33:57] Dawkin Nguyen's DV Creation query has returned - attempting to spawn vehicle - SQL ID 87
[2018/8/15 - 13:35:46] Sky oi has edited DV Slot 46 - 159 groupid 14.
[2018/8/15 - 13:35:53] Sky oi has edited DV Slot 47 - 160 groupid 14.
[2018/8/15 - 13:35:55] Sky oi has edited DV Slot 47 - 160 groupid 14.
[2018/8/15 - 13:36:02] Sky oi has edited DV Slot 45 - 158 groupid 14.
[2018/8/15 - 13:36:11] Sky oi has edited DV Slot 87 - 166 groupid 14.
[2018/8/15 - 13:36:17] Sky oi has edited DV Slot 49 - 162 groupid 14.
[2018/8/15 - 13:36:20] Sky oi has edited DV Slot 51 - 164 groupid 14.
[2018/8/15 - 13:36:23] Sky oi has edited DV Slot 52 - 165 groupid 14.
[2018/8/15 - 13:36:29] Sky oi has edited DV Slot 48 - 161 groupid 14.
[2018/8/15 - 13:37:39] Sky oi has edited DV Slot 50 - 163 groupid 14.
[2018/8/15 - 13:44:47] Sky oi has created a dynamic vehicle.
[2018/8/15 - 13:44:47] Sky oi's DV Creation query has returned - attempting to spawn vehicle - SQL ID 88
[2018/8/15 - 13:45:03] Sky oi has edited DV Slot 88 - 169 delete 169.
[2018/8/15 - 13:45:42] Dawkin Nguyen has created a dynamic vehicle.
[2018/8/15 - 13:45:42] Dawkin Nguyen's DV Creation query has returned - attempting to spawn vehicle - SQL ID 88
[2018/8/15 - 13:46:09] Dawkin Nguyen has created a dynamic vehicle.
[2018/8/15 - 13:46:09] Dawkin Nguyen's DV Creation query has returned - attempting to spawn vehicle - SQL ID 89
[2018/8/15 - 13:46:47] Dawkin Nguyen has created a dynamic vehicle.
[2018/8/15 - 13:46:47] Dawkin Nguyen's DV Creation query has returned - attempting to spawn vehicle - SQL ID 90
[2018/8/15 - 13:47:09] Dawkin Nguyen has created a dynamic vehicle.
[2018/8/15 - 13:47:09] Dawkin Nguyen's DV Creation query has returned - attempting to spawn vehicle - SQL ID 91
[2018/8/15 - 13:47:21] Dawkin Nguyen has created a dynamic vehicle.
[2018/8/15 - 13:47:21] Dawkin Nguyen's DV Creation query has returned - attempting to spawn vehicle - SQL ID 92
[2018/8/15 - 13:47:31] Dawkin Nguyen has created a dynamic vehicle.
[2018/8/15 - 13:47:31] Dawkin Nguyen's DV Creation query has returned - attempting to spawn vehicle - SQL ID 93
[2018/8/15 - 13:50:18] Dawkin Nguyen has created a dynamic vehicle.
[2018/8/15 - 13:50:18] Dawkin Nguyen's DV Creation query has returned - attempting to spawn vehicle - SQL ID 94
[2018/8/15 - 13:50:24] Dawkin Nguyen has created a dynamic vehicle.
[2018/8/15 - 13:50:24] Dawkin Nguyen's DV Creation query has returned - attempting to spawn vehicle - SQL ID 95
[2018/8/15 - 13:50:25] Dawkin Nguyen has created a dynamic vehicle.
[2018/8/15 - 13:50:25] Dawkin Nguyen's DV Creation query has returned - attempting to spawn vehicle - SQL ID 96
[2018/8/15 - 13:50:25] Dawkin Nguyen has created a dynamic vehicle.
[2018/8/15 - 13:50:25] Dawkin Nguyen's DV Creation query has returned - attempting to spawn vehicle - SQL ID 97
[2018/8/15 - 13:58:01] Sky oi has edited DV Slot 95 - 174 groupid 15.
[2018/8/15 - 13:58:03] Sky oi has edited DV Slot 92 - 171 groupid 15.
[2018/8/15 - 13:58:09] Sky oi has edited DV Slot 88 - 167 groupid 15.
[2018/8/15 - 13:58:15] Sky oi has edited DV Slot 89 - 168 groupid 15.
[2018/8/15 - 13:58:17] Sky oi has edited DV Slot 90 - 169 groupid 15.
[2018/8/15 - 13:58:23] Sky oi has edited DV Slot 93 - 172 groupid 15.
[2018/8/15 - 13:58:27] Sky oi has edited DV Slot 91 - 170 groupid 15.
[2018/8/15 - 13:58:32] Sky oi has edited DV Slot 92 - 171 groupid 15.
[2018/8/15 - 13:58:38] Sky oi has edited DV Slot 94 - 173 groupid 15.
[2018/8/15 - 13:58:43] Sky oi has edited DV Slot 97 - 176 groupid 15.
[2018/8/15 - 13:58:47] Sky oi has edited DV Slot 95 - 174 groupid 15.
[2018/8/15 - 14:11:48] Dawkin Nguyen has created a dynamic vehicle.
[2018/8/15 - 14:11:48] Dawkin Nguyen's DV Creation query has returned - attempting to spawn vehicle - SQL ID 98
[2018/8/15 - 14:12:02] Dawkin Nguyen has created a dynamic vehicle.
[2018/8/15 - 14:12:02] Dawkin Nguyen's DV Creation query has returned - attempting to spawn vehicle - SQL ID 99
[2018/8/15 - 14:12:19] Dawkin Nguyen has created a dynamic vehicle.
[2018/8/15 - 14:12:19] Dawkin Nguyen's DV Creation query has returned - attempting to spawn vehicle - SQL ID 100
[2018/8/15 - 14:12:38] Dawkin Nguyen has created a dynamic vehicle.
[2018/8/15 - 14:12:38] Dawkin Nguyen's DV Creation query has returned - attempting to spawn vehicle - SQL ID 101
[2018/8/15 - 14:12:53] Dawkin Nguyen has created a dynamic vehicle.
[2018/8/15 - 14:12:53] Dawkin Nguyen's DV Creation query has returned - attempting to spawn vehicle - SQL ID 102
[2018/8/15 - 14:13:14] Dawkin Nguyen has created a dynamic vehicle.
[2018/8/15 - 14:13:14] Dawkin Nguyen's DV Creation query has returned - attempting to spawn vehicle - SQL ID 103
[2018/8/15 - 14:13:24] Dawkin Nguyen has created a dynamic vehicle.
[2018/8/15 - 14:13:24] Dawkin Nguyen's DV Creation query has returned - attempting to spawn vehicle - SQL ID 104
[2018/8/15 - 14:13:26] Dawkin Nguyen has created a dynamic vehicle.
[2018/8/15 - 14:13:26] Dawkin Nguyen's DV Creation query has returned - attempting to spawn vehicle - SQL ID 105
[2018/8/15 - 14:13:27] Dawkin Nguyen has created a dynamic vehicle.
[2018/8/15 - 14:13:27] Dawkin Nguyen's DV Creation query has returned - attempting to spawn vehicle - SQL ID 106
[2018/8/15 - 14:13:27] Dawkin Nguyen has created a dynamic vehicle.
[2018/8/15 - 14:13:27] Dawkin Nguyen's DV Creation query has returned - attempting to spawn vehicle - SQL ID 107
[2018/8/15 - 14:19:16] Sky oi has edited DV Slot 101 - 193 groupid 16.
[2018/8/15 - 14:19:23] Sky oi has edited DV Slot 104 - 196 groupid 16.
[2018/8/15 - 14:19:25] Sky oi has edited DV Slot 107 - 199 groupid 16.
[2018/8/15 - 14:19:33] Sky oi has edited DV Slot 98 - 190 groupid 16.
[2018/8/15 - 14:19:37] Sky oi has edited DV Slot 105 - 197 groupid 16.
[2018/8/15 - 14:19:41] Sky oi has edited DV Slot 106 - 198 groupid 16.
[2018/8/15 - 14:19:45] Sky oi has edited DV Slot 102 - 194 groupid 16.
[2018/8/15 - 14:19:50] Sky oi has edited DV Slot 99 - 191 groupid 16.
[2018/8/15 - 14:19:56] Sky oi has edited DV Slot 103 - 195 groupid 16.
[2018/8/15 - 14:20:01] Sky oi has edited DV Slot 100 - 192 groupid 16.
[2018/8/15 - 14:34:19] Dawkin Nguyen has created a dynamic vehicle.
[2018/8/15 - 14:34:19] Dawkin Nguyen's DV Creation query has returned - attempting to spawn vehicle - SQL ID 108
[2018/8/15 - 14:35:48] Dawkin Nguyen has created a dynamic vehicle.
[2018/8/15 - 14:35:48] Dawkin Nguyen's DV Creation query has returned - attempting to spawn vehicle - SQL ID 109
[2018/8/15 - 14:36:02] Dawkin Nguyen has created a dynamic vehicle.
[2018/8/15 - 14:36:02] Dawkin Nguyen's DV Creation query has returned - attempting to spawn vehicle - SQL ID 110
[2018/8/15 - 14:36:06] Dawkin Nguyen has created a dynamic vehicle.
[2018/8/15 - 14:36:06] Dawkin Nguyen's DV Creation query has returned - attempting to spawn vehicle - SQL ID 111
[2018/8/15 - 14:36:08] Dawkin Nguyen has created a dynamic vehicle.
[2018/8/15 - 14:36:08] Dawkin Nguyen's DV Creation query has returned - attempting to spawn vehicle - SQL ID 112
[2018/8/15 - 14:36:09] Dawkin Nguyen has created a dynamic vehicle.
[2018/8/15 - 14:36:09] Dawkin Nguyen's DV Creation query has returned - attempting to spawn vehicle - SQL ID 113
[2018/8/15 - 14:36:10] Dawkin Nguyen has created a dynamic vehicle.
[2018/8/15 - 14:36:10] Dawkin Nguyen's DV Creation query has returned - attempting to spawn vehicle - SQL ID 114
[2018/8/15 - 14:36:33] Dawkin Nguyen has created a dynamic vehicle.
[2018/8/15 - 14:36:33] Dawkin Nguyen's DV Creation query has returned - attempting to spawn vehicle - SQL ID 115
[2018/8/15 - 14:36:47] Dawkin Nguyen has created a dynamic vehicle.
[2018/8/15 - 14:36:47] Dawkin Nguyen's DV Creation query has returned - attempting to spawn vehicle - SQL ID 116
[2018/8/15 - 14:36:59] Dawkin Nguyen has created a dynamic vehicle.
[2018/8/15 - 14:36:59] Dawkin Nguyen's DV Creation query has returned - attempting to spawn vehicle - SQL ID 117
[2018/8/15 - 14:41:55] Sky oi has edited DV Slot 108 - 200 17.
[2018/8/15 - 14:42:04] Sky oi has edited DV Slot 108 - 200 groupid 17.
[2018/8/15 - 14:42:16] Sky oi has edited DV Slot 112 - 204 groupid 17.
[2018/8/15 - 14:42:22] Sky oi has edited DV Slot 111 - 203 groupid 17.
[2018/8/15 - 14:42:26] Sky oi has edited DV Slot 111 - 203 groupid 16.
[2018/8/15 - 14:42:37] Sky oi has edited DV Slot 111 - 203 groupid 17.
[2018/8/15 - 14:42:43] Sky oi has edited DV Slot 114 - 206 groupid 17.
[2018/8/15 - 14:42:46] Sky oi has edited DV Slot 110 - 202 groupid 17.
[2018/8/15 - 14:42:49] Sky oi has edited DV Slot 116 - 208 groupid 17.
[2018/8/15 - 14:42:53] Sky oi has edited DV Slot 109 - 201 groupid 17.
[2018/8/15 - 14:42:56] Sky oi has edited DV Slot 115 - 207 groupid 17.
[2018/8/15 - 14:43:00] Sky oi has edited DV Slot 117 - 209 groupid 17.
[2018/8/15 - 14:43:03] Sky oi has edited DV Slot 113 - 205 groupid 17.
[2018/8/15 - 14:48:17] Dawkin Nguyen has created a dynamic vehicle.
[2018/8/15 - 14:48:17] Dawkin Nguyen's DV Creation query has returned - attempting to spawn vehicle - SQL ID 118
[2018/8/15 - 14:48:19] Dawkin Nguyen has created a dynamic vehicle.
[2018/8/15 - 14:48:19] Dawkin Nguyen's DV Creation query has returned - attempting to spawn vehicle - SQL ID 119
[2018/8/15 - 14:48:23] Dawkin Nguyen has created a dynamic vehicle.
[2018/8/15 - 14:48:23] Dawkin Nguyen's DV Creation query has returned - attempting to spawn vehicle - SQL ID 121
[2018/8/15 - 14:48:24] Dawkin Nguyen has created a dynamic vehicle.
[2018/8/15 - 14:48:24] Dawkin Nguyen's DV Creation query has returned - attempting to spawn vehicle - SQL ID 122
[2018/8/15 - 14:48:28] Dawkin Nguyen has created a dynamic vehicle.
[2018/8/15 - 14:48:28] Dawkin Nguyen's DV Creation query has returned - attempting to spawn vehicle - SQL ID 123
[2018/8/15 - 14:48:29] Dawkin Nguyen has created a dynamic vehicle.
[2018/8/15 - 14:48:29] Dawkin Nguyen's DV Creation query has returned - attempting to spawn vehicle - SQL ID 124
[2018/8/15 - 14:48:39] Dawkin Nguyen has created a dynamic vehicle.
[2018/8/15 - 14:48:39] Dawkin Nguyen's DV Creation query has returned - attempting to spawn vehicle - SQL ID 125
[2018/8/15 - 14:48:40] Dawkin Nguyen has created a dynamic vehicle.
[2018/8/15 - 14:48:40] Dawkin Nguyen's DV Creation query has returned - attempting to spawn vehicle - SQL ID 126
[2018/8/15 - 14:49:06] Dawkin Nguyen has created a dynamic vehicle.
[2018/8/15 - 14:49:06] Dawkin Nguyen's DV Creation query has returned - attempting to spawn vehicle - SQL ID 127
[2018/8/15 - 14:49:06] Dawkin Nguyen has created a dynamic vehicle.
[2018/8/15 - 14:49:06] Dawkin Nguyen's DV Creation query has returned - attempting to spawn vehicle - SQL ID 128
[2018/8/15 - 14:49:11] Dawkin Nguyen has created a dynamic vehicle.
[2018/8/15 - 14:49:11] Dawkin Nguyen's DV Creation query has returned - attempting to spawn vehicle - SQL ID 129
[2018/8/15 - 14:49:12] Dawkin Nguyen has created a dynamic vehicle.
[2018/8/15 - 14:49:12] Dawkin Nguyen's DV Creation query has returned - attempting to spawn vehicle - SQL ID 130
[2018/8/15 - 14:49:22] Dawkin Nguyen has created a dynamic vehicle.
[2018/8/15 - 14:49:22] Dawkin Nguyen's DV Creation query has returned - attempting to spawn vehicle - SQL ID 131
[2018/8/15 - 14:49:23] Dawkin Nguyen has created a dynamic vehicle.
[2018/8/15 - 14:49:23] Dawkin Nguyen's DV Creation query has returned - attempting to spawn vehicle - SQL ID 132
