[2016/3/19 - 20:06:37] Nguyen ThanhDat has changed the crate position to X:1560.233032, Y:-1694.268066, Z:5.896991 in LSPD (1)
[2016/3/19 - 20:08:34] Nguyen ThanhDat has deleted all lockers of LSPD
[2016/3/19 - 20:08:59] Nguyen ThanhDat has changed the locker weapon (slot 0) to 0 (punch) in LSPD (1)
[2016/3/19 - 20:09:01] Nguyen ThanhDat has changed the locker weapon (slot 1) to 0 (punch) in LSPD (1)
[2016/3/19 - 20:09:03] Nguyen ThanhDat has changed the locker weapon (slot 2) to 0 (punch) in LSPD (1)
[2016/3/19 - 20:09:04] Nguyen ThanhDat has changed the locker weapon (slot 3) to 0 (punch) in LSPD (1)
[2016/3/19 - 20:09:05] Nguyen ThanhDat has changed the locker weapon (slot 4) to 0 (punch) in LSPD (1)
[2016/3/19 - 20:09:07] Nguyen ThanhDat has changed the locker weapon (slot 5) to 0 (punch) in LSPD (1)
[2016/3/19 - 20:09:08] Nguyen ThanhDat has changed the locker weapon (slot 6) to 0 (punch) in LSPD (1)
[2016/3/19 - 20:09:10] Nguyen ThanhDat has changed the locker weapon (slot 7) to 0 (punch) in LSPD (1)
[2016/3/19 - 20:09:13] Nguyen ThanhDat has changed the locker weapon (slot 8) to 0 (punch) in LSPD (1)
[2016/3/19 - 20:09:15] Nguyen ThanhDat has changed the locker weapon (slot 9) to 0 (punch) in LSPD (1)
[2016/3/19 - 20:09:17] Nguyen ThanhDat has changed the locker weapon (slot 10) to 0 (punch) in LSPD (1)
[2016/3/19 - 20:13:02] Nguyen ThanhDat has changed the locker weapon (slot 0) to 3 (Nitestick) in LSPD (1)
[2016/3/19 - 20:13:03] Nguyen ThanhDat has changed the weapon cost to 0 in  ()
[2016/3/19 - 20:13:12] Nguyen ThanhDat has changed the locker weapon (slot 1) to 17 (Tear Gas) in LSPD (1)
[2016/3/19 - 20:13:13] Nguyen ThanhDat has changed the weapon cost to 0 in  ()
[2016/3/19 - 20:13:19] Nguyen ThanhDat has changed the locker weapon (slot 2) to 24 (Desert Eagle) in LSPD (1)
[2016/3/19 - 20:13:19] Nguyen ThanhDat has changed the weapon cost to 0 in  ()
[2016/3/19 - 20:13:24] Nguyen ThanhDat has changed the locker weapon (slot 3) to 25 (Shotgun) in LSPD (1)
[2016/3/19 - 20:13:25] Nguyen ThanhDat has changed the weapon cost to 0 in  ()
[2016/3/19 - 20:13:34] Nguyen ThanhDat has changed the locker weapon (slot 4) to 29 (MP5) in LSPD (1)
[2016/3/19 - 20:13:35] Nguyen ThanhDat has changed the weapon cost to 0 in  ()
[2016/3/19 - 20:13:38] Nguyen ThanhDat has changed the locker weapon (slot 5) to 31 (M4A1) in LSPD (1)
[2016/3/19 - 20:13:38] Nguyen ThanhDat has changed the weapon cost to 0 in  ()
[2016/3/19 - 20:13:40] Nguyen ThanhDat has changed the locker weapon (slot 6) to 34 (Sniper Rifle) in LSPD (1)
[2016/3/19 - 20:13:41] Nguyen ThanhDat has changed the weapon cost to 0 in  ()
[2016/3/19 - 20:13:51] Nguyen ThanhDat has changed the locker weapon (slot 7) to 41 (Spray Can) in LSPD (1)
[2016/3/19 - 20:13:52] Nguyen ThanhDat has changed the weapon cost to 0 in  ()
[2016/3/19 - 20:13:58] Nguyen ThanhDat has changed the locker weapon (slot 8) to 46 (Parachute) in LSPD (1)
[2016/3/19 - 20:13:59] Nguyen ThanhDat has changed the weapon cost to 0 in  ()
[2016/3/19 - 20:35:27] Nguyen ThanhDat has changed group 9's name from FDSA to LSFD
[2016/3/19 - 21:01:37] Nguyen ThanhDat has changed the locker weapon (slot 0) to 0 (punch) in FBI (2)
[2016/3/19 - 21:01:39] Nguyen ThanhDat has changed the locker weapon (slot 1) to 0 (punch) in FBI (2)
[2016/3/19 - 21:01:40] Nguyen ThanhDat has changed the locker weapon (slot 2) to 0 (punch) in FBI (2)
[2016/3/19 - 21:01:41] Nguyen ThanhDat has changed the locker weapon (slot 3) to 0 (punch) in FBI (2)
[2016/3/19 - 21:01:42] Nguyen ThanhDat has changed the locker weapon (slot 4) to 0 (punch) in FBI (2)
[2016/3/19 - 21:01:44] Nguyen ThanhDat has changed the locker weapon (slot 5) to 0 (punch) in FBI (2)
[2016/3/19 - 21:01:45] Nguyen ThanhDat has changed the locker weapon (slot 6) to 0 (punch) in FBI (2)
[2016/3/19 - 21:01:49] Nguyen ThanhDat has changed the locker weapon (slot 7) to 0 (punch) in FBI (2)
[2016/3/19 - 21:01:50] Nguyen ThanhDat has changed the locker weapon (slot 8) to 0 (punch) in FBI (2)
[2016/3/19 - 21:01:52] Nguyen ThanhDat has changed the locker weapon (slot 9) to 0 (punch) in FBI (2)
[2016/3/19 - 21:01:53] Nguyen ThanhDat has changed the locker weapon (slot 10) to 0 (punch) in FBI (2)
[2016/3/19 - 21:01:55] Nguyen ThanhDat has changed the locker weapon (slot 11) to 0 (punch) in FBI (2)
[2016/3/19 - 21:03:15] Nguyen ThanhDat has changed the locker weapon (slot 0) to 3 (Nitestick) in FBI (2)
[2016/3/19 - 21:03:16] Nguyen ThanhDat has changed the weapon cost to 0 in  ()
[2016/3/19 - 21:03:24] Nguyen ThanhDat has changed the locker weapon (slot 1) to 17 (Tear Gas) in FBI (2)
[2016/3/19 - 21:03:24] Nguyen ThanhDat has changed the weapon cost to 0 in  ()
[2016/3/19 - 21:03:29] Nguyen ThanhDat has changed the locker weapon (slot 2) to 24 (Desert Eagle) in FBI (2)
[2016/3/19 - 21:03:30] Nguyen ThanhDat has changed the weapon cost to 0 in  ()
[2016/3/19 - 21:03:34] Nguyen ThanhDat has changed the locker weapon (slot 3) to 27 (SPAS-12) in FBI (2)
[2016/3/19 - 21:03:35] Nguyen ThanhDat has changed the weapon cost to 0 in  ()
[2016/3/19 - 21:03:41] Nguyen ThanhDat has changed the locker weapon (slot 4) to 28 (Micro Uzi) in FBI (2)
[2016/3/19 - 21:03:42] Nguyen ThanhDat has changed the weapon cost to 0 in  ()
[2016/3/19 - 21:03:51] Nguyen ThanhDat has changed the locker weapon (slot 5) to 31 (M4A1) in FBI (2)
[2016/3/19 - 21:03:52] Nguyen ThanhDat has changed the weapon cost to 0 in  ()
[2016/3/19 - 21:03:55] Nguyen ThanhDat has changed the locker weapon (slot 6) to 34 (Sniper Rifle) in FBI (2)
[2016/3/19 - 21:03:55] Nguyen ThanhDat has changed the weapon cost to 0 in  ()
[2016/3/19 - 21:04:00] Nguyen ThanhDat has changed the locker weapon (slot 7) to 41 (Spray Can) in FBI (2)
[2016/3/19 - 21:04:00] Nguyen ThanhDat has changed the weapon cost to 0 in  ()
[2016/3/19 - 21:04:03] Nguyen ThanhDat has changed the locker weapon (slot 8) to 46 (Parachute) in FBI (2)
[2016/3/19 - 21:04:04] Nguyen ThanhDat has changed the weapon cost to 0 in  ()
[2016/3/19 - 21:10:49] Nguyen ThanhDat has changed the locker weapon (slot 3) to 0 (punch) in Taxi (3)
[2016/3/19 - 21:10:51] Nguyen ThanhDat has changed the locker weapon (slot 4) to 0 (punch) in Taxi (3)
[2016/3/19 - 21:10:52] Nguyen ThanhDat has changed the locker weapon (slot 1) to 0 (punch) in Taxi (3)
[2016/3/19 - 21:10:54] Nguyen ThanhDat has changed the locker weapon (slot 2) to 0 (punch) in Taxi (3)
[2016/3/19 - 21:10:55] Nguyen ThanhDat has changed the locker weapon (slot 1) to 24 (Desert Eagle) in Taxi (3)
[2016/3/19 - 21:10:56] Nguyen ThanhDat has changed the weapon cost to 0 in  ()
[2016/3/19 - 21:10:58] Nguyen ThanhDat has changed the locker weapon (slot 2) to 43 (Camera) in Taxi (3)
[2016/3/19 - 21:10:58] Nguyen ThanhDat has changed the weapon cost to 0 in  ()
[2016/3/19 - 21:11:00] Nguyen ThanhDat has changed the locker weapon (slot 3) to 46 (Parachute) in Taxi (3)
[2016/3/19 - 21:11:00] Nguyen ThanhDat has changed the weapon cost to 0 in  ()
[2016/3/19 - 21:12:14] Nguyen ThanhDat has disbanded Department of Game Affairs (14)
[2016/3/19 - 21:22:17] Anh Da Den has changed the locker weapon (slot 2) to 0 (punch) in SAN News (13)
[2016/3/19 - 21:22:20] Anh Da Den has changed the locker weapon (slot 3) to 0 (punch) in SAN News (13)
[2016/3/19 - 21:22:21] Anh Da Den has changed the locker weapon (slot 4) to 0 (punch) in SAN News (13)
[2016/3/19 - 21:22:24] Anh Da Den has changed the locker weapon (slot 2) to 43 (Camera) in SAN News (13)
[2016/3/19 - 21:22:26] Anh Da Den has changed the weapon cost to 0 in  ()
[2016/3/19 - 21:22:27] Anh Da Den has changed the locker weapon (slot 3) to 46 (Parachute) in SAN News (13)
[2016/3/19 - 21:22:28] Anh Da Den has changed the weapon cost to 0 in  ()
[2018/8/15 - 13:24:47] Dawkin Nguyen has changed group 14's name from  to Grove Street
[2018/8/15 - 13:24:49] Dawkin Nguyen has changed group 14's type to None
[2018/8/15 - 13:26:02] Dawkin Nguyen has set the duty color to 8000 in Grove Street (14)
[2018/8/15 - 13:26:03] Dawkin Nguyen has set the radio color to 8000 in Grove Street (14)
[2018/8/15 - 13:26:19] Dawkin Nguyen da thiet lap cap bac toi thieu vao radio (/r) den 0 () trong nhom 14 (Grove Street)
[2018/8/15 - 13:26:25] Dawkin Nguyen da thiet lap cap bac toi thieu de thong bao cho chinh phu (/gov) den 9 () trong nhom 14 (Grove Street)
[2018/8/15 - 13:47:50] Dawkin Nguyen has changed group 15's name from  to 800080
[2018/8/15 - 13:47:54] Dawkin Nguyen has changed group 15's name from 800080 to Ballas
[2018/8/15 - 13:47:56] Dawkin Nguyen has changed group 15's type to None
[2018/8/15 - 13:47:58] Dawkin Nguyen has set the duty color to 800080 in Ballas (15)
[2018/8/15 - 13:47:59] Dawkin Nguyen has set the radio color to 800080 in Ballas (15)
[2018/8/15 - 14:08:27] Dawkin Nguyen has changed group 16's name from  to Varrios Los Aztecas
[2018/8/15 - 14:08:48] Dawkin Nguyen has set the duty color to 40E0D0 in Varrios Los Aztecas (16)
[2018/8/15 - 14:08:49] Dawkin Nguyen has set the radio color to 40E0D0 in Varrios Los Aztecas (16)
[2018/8/15 - 14:19:09] Dawkin Nguyen has changed group 16's type to None
[2018/8/15 - 14:19:12] Dawkin Nguyen da thiet lap cap bac toi thieu vao radio (/r) den 0 () trong nhom 16 (Varrios Los Aztecas)
[2018/8/15 - 14:19:16] Dawkin Nguyen da thiet lap cap bac toi thieu de thong bao cho chinh phu (/gov) den 9 () trong nhom 16 (Varrios Los Aztecas)
[2018/8/15 - 14:20:40] Dawkin Nguyen has deleted all lockers of Viêt Nam Racing Boy
[2018/8/15 - 14:34:36] Dawkin Nguyen has changed group 17's type to None
[2018/8/15 - 14:34:38] Dawkin Nguyen has set the duty color to FFFF00 in  (17)
[2018/8/15 - 14:34:40] Dawkin Nguyen has set the radio color to FFFF00 in  (17)
[2018/8/15 - 14:41:25] Dawkin Nguyen has changed group 17's name from  to Los Santos Vagos
[2018/8/15 - 14:41:28] Dawkin Nguyen da thiet lap cap bac toi thieu vao radio (/r) den 0 () trong nhom 17 (Los Santos Vagos)
[2018/8/15 - 14:41:31] Dawkin Nguyen da thiet lap cap bac toi thieu de thong bao cho chinh phu (/gov) den 9 () trong nhom 17 (Los Santos Vagos)
[2018/8/15 - 14:46:04] Dawkin Nguyen has changed group 10's name from Viêt Nam Racing Boy to Viet Nam Racing Boy
[2018/8/15 - 14:46:19] Dawkin Nguyen has set the duty color to C0C0C0 in Viet Nam Racing Boy (10)
[2018/8/15 - 14:46:21] Dawkin Nguyen has set the radio color to C0C0C0 in Viet Nam Racing Boy (10)
[2018/8/15 - 14:46:29] Dawkin Nguyen da thiet lap cap bac toi thieu de thong bao cho chinh phu (/gov) den 9 (Boss) trong nhom 10 (Viet Nam Racing Boy)
