----------------------------------------
Ngay: 3/19/2016 - Thoi gian: 19:0
(1) : 0
(2) None: 0
(3) None: 0
(4) The Biker Man: 0
(5) Andrew Team: 0
(6) None: 0
(7) *Yakuza Street*: 0
(8) {F7} The-Los SanTos {F7}: 0
(9) None: 0
(10) None: 0
(11) None: 0
(12) [Club] 69: 0
(13) «Nam.Hoang.Muon.Nam»: 0
(14) None: 0
(15) *Hoi Hoc Sinh*: 0
(16) None: 0
(17) Belden Heights GangZ.: 0
----------------------------------------
Ngay: 3/19/2016 - Thoi gian: 20:0
(1) : 0
(2) None: 0
(3) None: 0
(4) The Biker Man: 0
(5) Andrew Team: 0
(6) None: 0
(7) *Yakuza Street*: 0
(8) {F7} The-Los SanTos {F7}: 0
(9) None: 0
(10) None: 0
(11) None: 0
(12) [Club] 69: 0
(13) «Nam.Hoang.Muon.Nam»: 0
(14) None: 0
(15) *Hoi Hoc Sinh*: 0
(16) None: 0
(17) Belden Heights GangZ.: 0
----------------------------------------
Ngay: 3/19/2016 - Thoi gian: 21:0
(1) : 0
(2) None: 0
(3) None: 0
(4) The Biker Man: 0
(5) Andrew Team: 0
(6) None: 0
(7) *Yakuza Street*: 0
(8) {F7} The-Los SanTos {F7}: 0
(9) None: 0
(10) None: 0
(11) None: 0
(12) [Club] 69: 0
(13) «Nam.Hoang.Muon.Nam»: 0
(14) None: 0
(15) *Hoi Hoc Sinh*: 0
(16) None: 0
(17) Belden Heights GangZ.: 0
----------------------------------------
Ngay: 3/19/2016 - Thoi gian: 22:0
(1) : 0
(2) None: 0
(3) None: 0
(4) The Biker Man: 0
(5) Andrew Team: 0
(6) None: 0
(7) *Yakuza Street*: 0
(8) {F7} The-Los SanTos {F7}: 0
(9) None: 0
(10) None: 0
(11) None: 0
(12) [Club] 69: 0
(13) «Nam.Hoang.Muon.Nam»: 0
(14) None: 0
(15) *Hoi Hoc Sinh*: 0
(16) None: 0
(17) Belden Heights GangZ.: 0
----------------------------------------
Ngay: 3/19/2016 - Thoi gian: 23:0
(1) : 0
(2) None: 0
(3) None: 0
(4) The Biker Man: 0
(5) Andrew Team: 0
(6) None: 0
(7) *Yakuza Street*: 0
(8) {F7} The-Los SanTos {F7}: 0
(9) None: 0
(10) None: 0
(11) None: 0
(12) [Club] 69: 0
(13) «Nam.Hoang.Muon.Nam»: 0
(14) None: 0
(15) *Hoi Hoc Sinh*: 0
(16) None: 0
(17) Belden Heights GangZ.: 0
----------------------------------------
Ngay: 3/20/2016 - Thoi gian: 0:0
(1) : 0
(2) None: 0
(3) None: 0
(4) The Biker Man: 0
(5) Andrew Team: 0
(6) None: 0
(7) *Yakuza Street*: 0
(8) {F7} The-Los SanTos {F7}: 0
(9) None: 0
(10) None: 0
(11) None: 0
(12) [Club] 69: 0
(13) «Nam.Hoang.Muon.Nam»: 0
(14) None: 0
(15) *Hoi Hoc Sinh*: 0
(16) None: 0
(17) Belden Heights GangZ.: 0
----------------------------------------
Ngay: 3/20/2016 - Thoi gian: 1:0
(1) : 0
(2) None: 0
(3) None: 0
(4) The Biker Man: 0
(5) Andrew Team: 0
(6) None: 0
(7) *Yakuza Street*: 0
(8) {F7} The-Los SanTos {F7}: 0
(9) None: 0
(10) None: 0
(11) None: 0
(12) [Club] 69: 0
(13) «Nam.Hoang.Muon.Nam»: 0
(14) None: 0
(15) *Hoi Hoc Sinh*: 0
(16) None: 0
(17) Belden Heights GangZ.: 0
----------------------------------------
Ngay: 3/20/2016 - Thoi gian: 2:0
(1) : 0
(2) None: 0
(3) None: 0
(4) The Biker Man: 0
(5) Andrew Team: 0
(6) None: 0
(7) *Yakuza Street*: 0
(8) {F7} The-Los SanTos {F7}: 0
(9) None: 0
(10) None: 0
(11) None: 0
(12) [Club] 69: 0
(13) «Nam.Hoang.Muon.Nam»: 0
(14) None: 0
(15) *Hoi Hoc Sinh*: 0
(16) None: 0
(17) Belden Heights GangZ.: 0
----------------------------------------
Ngay: 3/20/2016 - Thoi gian: 3:0
(1) : 0
(2) None: 0
(3) None: 0
(4) The Biker Man: 0
(5) Andrew Team: 0
(6) None: 0
(7) *Yakuza Street*: 0
(8) {F7} The-Los SanTos {F7}: 0
(9) None: 0
(10) None: 0
(11) None: 0
(12) [Club] 69: 0
(13) «Nam.Hoang.Muon.Nam»: 0
(14) None: 0
(15) *Hoi Hoc Sinh*: 0
(16) None: 0
(17) Belden Heights GangZ.: 0
----------------------------------------
Ngay: 3/20/2016 - Thoi gian: 4:0
(1) : 0
(2) None: 0
(3) None: 0
(4) The Biker Man: 0
(5) Andrew Team: 0
(6) None: 0
(7) *Yakuza Street*: 0
(8) {F7} The-Los SanTos {F7}: 0
(9) None: 0
(10) None: 0
(11) None: 0
(12) [Club] 69: 0
(13) «Nam.Hoang.Muon.Nam»: 0
(14) None: 0
(15) *Hoi Hoc Sinh*: 0
(16) None: 0
(17) Belden Heights GangZ.: 0
----------------------------------------
Ngay: 3/20/2016 - Thoi gian: 5:0
(1) : 0
(2) None: 0
(3) None: 0
(4) The Biker Man: 0
(5) Andrew Team: 0
(6) None: 0
(7) *Yakuza Street*: 0
(8) {F7} The-Los SanTos {F7}: 0
(9) None: 0
(10) None: 0
(11) None: 0
(12) [Club] 69: 0
(13) «Nam.Hoang.Muon.Nam»: 0
(14) None: 0
(15) *Hoi Hoc Sinh*: 0
(16) None: 0
(17) Belden Heights GangZ.: 0
----------------------------------------
Ngay: 3/20/2016 - Thoi gian: 6:0
(1) : 0
(2) None: 0
(3) None: 0
(4) The Biker Man: 0
(5) Andrew Team: 0
(6) None: 0
(7) *Yakuza Street*: 0
(8) {F7} The-Los SanTos {F7}: 0
(9) None: 0
(10) None: 0
(11) None: 0
(12) [Club] 69: 0
(13) «Nam.Hoang.Muon.Nam»: 0
(14) None: 0
(15) *Hoi Hoc Sinh*: 0
(16) None: 0
(17) Belden Heights GangZ.: 0
----------------------------------------
Ngay: 3/20/2016 - Thoi gian: 7:0
(1) : 0
(2) None: 0
(3) None: 0
(4) The Biker Man: 0
(5) Andrew Team: 0
(6) None: 0
(7) *Yakuza Street*: 0
(8) {F7} The-Los SanTos {F7}: 0
(9) None: 0
(10) None: 0
(11) None: 0
(12) [Club] 69: 0
(13) «Nam.Hoang.Muon.Nam»: 0
(14) None: 0
(15) *Hoi Hoc Sinh*: 0
(16) None: 0
(17) Belden Heights GangZ.: 0
----------------------------------------
Ngay: 3/20/2016 - Thoi gian: 8:0
(1) : 0
(2) None: 0
(3) None: 0
(4) The Biker Man: 0
(5) Andrew Team: 0
(6) None: 0
(7) *Yakuza Street*: 0
(8) {F7} The-Los SanTos {F7}: 0
(9) None: 0
(10) None: 0
(11) None: 0
(12) [Club] 69: 0
(13) «Nam.Hoang.Muon.Nam»: 0
(14) None: 0
(15) *Hoi Hoc Sinh*: 0
(16) None: 0
(17) Belden Heights GangZ.: 0
----------------------------------------
Ngay: 3/20/2016 - Thoi gian: 9:0
(1) : 0
(2) None: 0
(3) None: 0
(4) The Biker Man: 0
(5) Andrew Team: 0
(6) None: 0
(7) *Yakuza Street*: 0
(8) {F7} The-Los SanTos {F7}: 0
(9) None: 0
(10) None: 0
(11) None: 0
(12) [Club] 69: 0
(13) «Nam.Hoang.Muon.Nam»: 0
(14) None: 0
(15) *Hoi Hoc Sinh*: 0
(16) None: 0
(17) Belden Heights GangZ.: 0
----------------------------------------
Ngay: 3/20/2016 - Thoi gian: 10:0
(1) : 0
(2) None: 0
(3) None: 0
(4) The Biker Man: 0
(5) Andrew Team: 0
(6) None: 0
(7) *Yakuza Street*: 0
(8) {F7} The-Los SanTos {F7}: 0
(9) None: 0
(10) None: 0
(11) None: 0
(12) [Club] 69: 0
(13) «Nam.Hoang.Muon.Nam»: 0
(14) None: 0
(15) *Hoi Hoc Sinh*: 0
(16) None: 0
(17) Belden Heights GangZ.: 0
----------------------------------------
Ngay: 3/20/2016 - Thoi gian: 13:0
(1) : 0
(2) None: 0
(3) None: 0
(4) The Biker Man: 0
(5) Andrew Team: 0
(6) None: 0
(7) *Yakuza Street*: 0
(8) {F7} The-Los SanTos {F7}: 0
(9) None: 0
(10) None: 0
(11) None: 0
(12) [Club] 69: 0
(13) «Nam.Hoang.Muon.Nam»: 0
(14) None: 0
(15) *Hoi Hoc Sinh*: 0
(16) None: 0
(17) Belden Heights GangZ.: 0
----------------------------------------
Ngay: 3/20/2016 - Thoi gian: 14:0
(1) : 0
(2) None: 0
(3) None: 0
(4) The Biker Man: 0
(5) Andrew Team: 0
(6) None: 0
(7) *Yakuza Street*: 0
(8) {F7} The-Los SanTos {F7}: 0
(9) None: 0
(10) None: 0
(11) None: 0
(12) [Club] 69: 0
(13) «Nam.Hoang.Muon.Nam»: 0
(14) None: 0
(15) *Hoi Hoc Sinh*: 0
(16) None: 0
(17) Belden Heights GangZ.: 0
----------------------------------------
Ngay: 3/20/2016 - Thoi gian: 15:0
(1) : 0
(2) None: 0
(3) None: 0
(4) The Biker Man: 0
(5) Andrew Team: 0
(6) None: 0
(7) *Yakuza Street*: 0
(8) {F7} The-Los SanTos {F7}: 0
(9) None: 0
(10) None: 0
(11) None: 0
(12) [Club] 69: 0
(13) «Nam.Hoang.Muon.Nam»: 0
(14) None: 0
(15) *Hoi Hoc Sinh*: 0
(16) None: 0
(17) Belden Heights GangZ.: 0
----------------------------------------
Ngay: 3/20/2016 - Thoi gian: 16:0
(1) : 0
(2) None: 0
(3) None: 0
(4) The Biker Man: 0
(5) Andrew Team: 0
(6) None: 0
(7) *Yakuza Street*: 0
(8) {F7} The-Los SanTos {F7}: 0
(9) None: 0
(10) None: 0
(11) None: 0
(12) [Club] 69: 0
(13) «Nam.Hoang.Muon.Nam»: 0
(14) None: 0
(15) *Hoi Hoc Sinh*: 0
(16) None: 0
(17) Belden Heights GangZ.: 0
----------------------------------------
Ngay: 3/25/2016 - Thoi gian: 20:0
(1) : 0
(2) None: 0
(3) None: 0
(4) None: 0
(5) None: 0
(6) None: 0
(7) None: 0
(8) None: 0
(9) None: 0
(10) None: 0
(11) None: 0
(12) None: 0
(13) «Nam.Hoang.Muon.Nam»: 0
(14) None: 0
(15) None: 0
(16) None: 0
(17) None: 0
----------------------------------------
Ngay: 3/25/2016 - Thoi gian: 21:1
(1) : 0
(2) None: 0
(3) None: 0
(4) None: 0
(5) None: 0
(6) None: 0
(7) None: 0
(8) None: 0
(9) None: 0
(10) None: 0
(11) None: 0
(12) None: 0
(13) «Nam.Hoang.Muon.Nam»: 0
(14) None: 0
(15) None: 0
(16) None: 0
(17) None: 0
----------------------------------------
Ngay: 3/25/2016 - Thoi gian: 22:0
(1) : 0
(2) None: 1
(3) None: 0
(4) None: 0
(5) None: 0
(6) None: 0
(7) None: 0
(8) None: 0
(9) None: 0
(10) None: 0
(11) None: 0
(12) None: 0
(13) «Nam.Hoang.Muon.Nam»: 0
(14) None: 0
(15) None: 0
(16) None: 0
(17) None: 0
----------------------------------------
Ngay: 3/25/2016 - Thoi gian: 23:0
(1) : 0
(2) None: 0
(3) None: 0
(4) None: 0
(5) None: 0
(6) None: 0
(7) None: 0
(8) None: 0
(9) None: 0
(10) None: 0
(11) None: 0
(12) None: 0
(13) «Nam.Hoang.Muon.Nam»: 0
(14) None: 0
(15) None: 0
(16) None: 0
(17) None: 0
----------------------------------------
Ngay: 3/26/2016 - Thoi gian: 0:0
(1) : 0
(2) None: 0
(3) None: 0
(4) None: 0
(5) None: 0
(6) None: 0
(7) None: 0
(8) None: 0
(9) None: 0
(10) None: 0
(11) None: 0
(12) None: 0
(13) «Nam.Hoang.Muon.Nam»: 0
(14) None: 0
(15) None: 0
(16) None: 0
(17) None: 0
----------------------------------------
Ngay: 3/26/2016 - Thoi gian: 1:0
(1) : 0
(2) None: 0
(3) None: 0
(4) None: 0
(5) None: 0
(6) None: 0
(7) None: 0
(8) None: 0
(9) None: 0
(10) None: 0
(11) None: 0
(12) None: 0
(13) «Nam.Hoang.Muon.Nam»: 0
(14) None: 0
(15) None: 0
(16) None: 0
(17) None: 0
----------------------------------------
Ngay: 3/26/2016 - Thoi gian: 2:0
(1) : 0
(2) None: 0
(3) None: 0
(4) None: 0
(5) None: 0
(6) None: 0
(7) None: 0
(8) None: 0
(9) None: 0
(10) None: 0
(11) None: 0
(12) None: 0
(13) «Nam.Hoang.Muon.Nam»: 0
(14) None: 0
(15) None: 0
(16) None: 0
(17) None: 0
----------------------------------------
Ngay: 3/26/2016 - Thoi gian: 3:0
(1) : 0
(2) None: 0
(3) None: 0
(4) None: 0
(5) None: 0
(6) None: 0
(7) None: 0
(8) None: 0
(9) None: 0
(10) None: 0
(11) None: 0
(12) None: 0
(13) «Nam.Hoang.Muon.Nam»: 0
(14) None: 0
(15) None: 0
(16) None: 0
(17) None: 0
----------------------------------------
Ngay: 3/26/2016 - Thoi gian: 4:0
(1) : 0
(2) None: 0
(3) None: 0
(4) None: 0
(5) None: 0
(6) None: 0
(7) None: 0
(8) None: 0
(9) None: 0
(10) None: 0
(11) None: 0
(12) None: 0
(13) «Nam.Hoang.Muon.Nam»: 0
(14) None: 0
(15) None: 0
(16) None: 0
(17) None: 0
----------------------------------------
Ngay: 3/26/2016 - Thoi gian: 5:1
(1) : 0
(2) None: 0
(3) None: 0
(4) None: 0
(5) None: 0
(6) None: 0
(7) None: 0
(8) None: 0
(9) None: 0
(10) None: 0
(11) None: 0
(12) None: 0
(13) «Nam.Hoang.Muon.Nam»: 0
(14) None: 0
(15) None: 0
(16) None: 0
(17) None: 0
----------------------------------------
Ngay: 3/26/2016 - Thoi gian: 6:0
(1) : 0
(2) None: 0
(3) None: 0
(4) None: 0
(5) None: 0
(6) None: 0
(7) None: 0
(8) None: 0
(9) None: 0
(10) None: 0
(11) None: 0
(12) None: 0
(13) «Nam.Hoang.Muon.Nam»: 0
(14) None: 0
(15) None: 0
(16) None: 0
(17) None: 0
----------------------------------------
Ngay: 3/26/2016 - Thoi gian: 7:0
(1) : 0
(2) None: 0
(3) None: 0
(4) None: 0
(5) None: 0
(6) None: 0
(7) None: 0
(8) None: 0
(9) None: 0
(10) None: 0
(11) None: 0
(12) None: 0
(13) «Nam.Hoang.Muon.Nam»: 0
(14) None: 0
(15) None: 0
(16) None: 0
(17) None: 0
----------------------------------------
Ngay: 3/26/2016 - Thoi gian: 8:0
(1) : 0
(2) None: 0
(3) None: 0
(4) None: 0
(5) None: 0
(6) None: 0
(7) None: 0
(8) None: 0
(9) None: 0
(10) None: 0
(11) None: 0
(12) None: 0
(13) «Nam.Hoang.Muon.Nam»: 0
(14) None: 0
(15) None: 0
(16) None: 0
(17) None: 0
----------------------------------------
Ngay: 3/26/2016 - Thoi gian: 9:0
(1) : 0
(2) None: 2
(3) None: 0
(4) None: 0
(5) None: 0
(6) None: 0
(7) None: 0
(8) None: 0
(9) None: 0
(10) None: 0
(11) None: 0
(12) None: 0
(13) «Nam.Hoang.Muon.Nam»: 0
(14) None: 0
(15) None: 0
(16) None: 0
(17) None: 0
----------------------------------------
Ngay: 3/26/2016 - Thoi gian: 10:0
(1) : 0
(2) None: 0
(3) None: 0
(4) None: 0
(5) None: 0
(6) None: 0
(7) None: 0
(8) None: 0
(9) None: 0
(10) None: 0
(11) None: 0
(12) None: 0
(13) «Nam.Hoang.Muon.Nam»: 0
(14) None: 0
(15) None: 0
(16) None: 0
(17) None: 0
----------------------------------------
Ngay: 3/26/2016 - Thoi gian: 11:0
(1) : 0
(2) None: 0
(3) None: 0
(4) None: 0
(5) None: 0
(6) None: 0
(7) None: 0
(8) None: 0
(9) None: 0
(10) None: 0
(11) None: 0
(12) None: 0
(13) «Nam.Hoang.Muon.Nam»: 0
(14) None: 0
(15) None: 0
(16) None: 0
(17) None: 0
----------------------------------------
Ngay: 3/26/2016 - Thoi gian: 12:1
(1) : 0
(2) None: 0
(3) None: 0
(4) None: 0
(5) None: 0
(6) None: 0
(7) None: 0
(8) None: 0
(9) None: 0
(10) None: 0
(11) None: 0
(12) None: 0
(13) «Nam.Hoang.Muon.Nam»: 0
(14) None: 0
(15) None: 0
(16) None: 0
(17) None: 0
----------------------------------------
Ngay: 3/26/2016 - Thoi gian: 13:0
(1) : 0
(2) None: 0
(3) None: 1
(4) None: 0
(5) None: 0
(6) None: 0
(7) None: 0
(8) None: 0
(9) None: 0
(10) None: 0
(11) None: 0
(12) None: 0
(13) «Nam.Hoang.Muon.Nam»: 0
(14) None: 0
(15) None: 0
(16) None: 0
(17) None: 0
----------------------------------------
Ngay: 3/26/2016 - Thoi gian: 14:0
(1) : 0
(2) None: 0
(3) None: 1
(4) None: 0
(5) None: 0
(6) None: 0
(7) None: 0
(8) None: 0
(9) None: 0
(10) None: 0
(11) None: 0
(12) None: 0
(13) «Nam.Hoang.Muon.Nam»: 0
(14) None: 0
(15) None: 0
(16) None: 0
(17) None: 0
----------------------------------------
Ngay: 3/26/2016 - Thoi gian: 15:0
(1) : 0
(2) None: 0
(3) None: 1
(4) None: 0
(5) None: 0
(6) None: 0
(7) None: 0
(8) None: 0
(9) None: 0
(10) None: 0
(11) None: 0
(12) None: 0
(13) «Nam.Hoang.Muon.Nam»: 0
(14) None: 0
(15) None: 0
(16) None: 0
(17) None: 0
----------------------------------------
Ngay: 3/26/2016 - Thoi gian: 16:0
(1) : 0
(2) None: 0
(3) None: 0
(4) None: 0
(5) None: 0
(6) None: 0
(7) None: 0
(8) None: 0
(9) None: 0
(10) None: 0
(11) None: 0
(12) None: 0
(13) «Nam.Hoang.Muon.Nam»: 0
(14) None: 0
(15) None: 0
(16) None: 0
(17) None: 0
----------------------------------------
Ngay: 3/26/2016 - Thoi gian: 17:0
(1) : 0
(2) None: 0
(3) None: 0
(4) None: 0
(5) None: 0
(6) None: 0
(7) None: 0
(8) None: 0
(9) None: 0
(10) None: 0
(11) None: 0
(12) None: 0
(13) «Nam.Hoang.Muon.Nam»: 0
(14) None: 0
(15) None: 0
(16) None: 0
(17) None: 0
----------------------------------------
Ngay: 3/26/2016 - Thoi gian: 18:0
(1) : 0
(2) None: 0
(3) None: 0
(4) None: 0
(5) None: 0
(6) None: 0
(7) None: 0
(8) None: 0
(9) None: 0
(10) None: 0
(11) None: 0
(12) None: 0
(13) «Nam.Hoang.Muon.Nam»: 0
(14) None: 0
(15) None: 0
(16) None: 0
(17) None: 0
----------------------------------------
Ngay: 3/26/2016 - Thoi gian: 19:0
(1) : 0
(2) None: 0
(3) None: 0
(4) None: 0
(5) None: 0
(6) None: 0
(7) None: 0
(8) None: 0
(9) None: 0
(10) None: 0
(11) None: 0
(12) None: 0
(13) «Nam.Hoang.Muon.Nam»: 0
(14) None: 0
(15) None: 0
(16) None: 0
(17) None: 0
----------------------------------------
Ngay: 3/26/2016 - Thoi gian: 20:0
(1) : 0
(2) None: 0
(3) None: 0
(4) None: 0
(5) None: 0
(6) None: 0
(7) None: 0
(8) None: 0
(9) None: 0
(10) None: 0
(11) None: 0
(12) None: 0
(13) «Nam.Hoang.Muon.Nam»: 0
(14) None: 0
(15) None: 0
(16) None: 0
(17) None: 0
----------------------------------------
Ngay: 3/26/2016 - Thoi gian: 21:0
(1) : 0
(2) None: 0
(3) None: 0
(4) None: 0
(5) None: 0
(6) None: 0
(7) None: 0
(8) None: 0
(9) None: 0
(10) None: 0
(11) None: 0
(12) None: 0
(13) «Nam.Hoang.Muon.Nam»: 0
(14) None: 0
(15) None: 0
(16) None: 0
(17) None: 0
----------------------------------------
Ngay: 3/26/2016 - Thoi gian: 22:0
(1) : 0
(2) None: 0
(3) None: 0
(4) None: 0
(5) None: 0
(6) None: 0
(7) None: 0
(8) None: 0
(9) None: 0
(10) None: 0
(11) None: 0
(12) None: 0
(13) «Nam.Hoang.Muon.Nam»: 0
(14) None: 0
(15) None: 0
(16) None: 0
(17) None: 0
----------------------------------------
Ngay: 3/26/2016 - Thoi gian: 23:0
(1) : 0
(2) None: 0
(3) None: 0
(4) None: 0
(5) None: 0
(6) None: 0
(7) None: 0
(8) None: 0
(9) None: 0
(10) None: 0
(11) None: 0
(12) None: 0
(13) «Nam.Hoang.Muon.Nam»: 0
(14) None: 0
(15) None: 0
(16) None: 0
(17) None: 0
----------------------------------------
Ngay: 3/27/2016 - Thoi gian: 0:0
(1) : 0
(2) None: 0
(3) None: 0
(4) None: 0
(5) None: 0
(6) None: 0
(7) None: 0
(8) None: 0
(9) None: 0
(10) None: 0
(11) None: 0
(12) None: 0
(13) «Nam.Hoang.Muon.Nam»: 0
(14) None: 0
(15) None: 0
(16) None: 0
(17) None: 0
----------------------------------------
Ngay: 3/27/2016 - Thoi gian: 1:0
(1) : 0
(2) None: 0
(3) None: 0
(4) None: 0
(5) None: 0
(6) None: 0
(7) None: 0
(8) None: 0
(9) None: 0
(10) None: 0
(11) None: 0
(12) None: 0
(13) «Nam.Hoang.Muon.Nam»: 0
(14) None: 0
(15) None: 0
(16) None: 0
(17) None: 0
----------------------------------------
Ngay: 3/27/2016 - Thoi gian: 2:0
(1) : 0
(2) None: 0
(3) None: 0
(4) None: 0
(5) None: 0
(6) None: 0
(7) None: 0
(8) None: 0
(9) None: 0
(10) None: 0
(11) None: 0
(12) None: 0
(13) «Nam.Hoang.Muon.Nam»: 0
(14) None: 0
(15) None: 0
(16) None: 0
(17) None: 0
----------------------------------------
Ngay: 3/27/2016 - Thoi gian: 3:0
(1) : 0
(2) None: 0
(3) None: 0
(4) None: 0
(5) None: 0
(6) None: 0
(7) None: 0
(8) None: 0
(9) None: 0
(10) None: 0
(11) None: 0
(12) None: 0
(13) «Nam.Hoang.Muon.Nam»: 0
(14) None: 0
(15) None: 0
(16) None: 0
(17) None: 0
----------------------------------------
Ngay: 3/27/2016 - Thoi gian: 4:0
(1) : 0
(2) None: 0
(3) None: 0
(4) None: 0
(5) None: 0
(6) None: 0
(7) None: 0
(8) None: 0
(9) None: 0
(10) None: 0
(11) None: 0
(12) None: 0
(13) «Nam.Hoang.Muon.Nam»: 0
(14) None: 0
(15) None: 0
(16) None: 0
(17) None: 0
----------------------------------------
Ngay: 3/27/2016 - Thoi gian: 5:0
(1) : 0
(2) None: 0
(3) None: 0
(4) None: 0
(5) None: 0
(6) None: 0
(7) None: 0
(8) None: 0
(9) None: 0
(10) None: 0
(11) None: 0
(12) None: 0
(13) «Nam.Hoang.Muon.Nam»: 0
(14) None: 0
(15) None: 0
(16) None: 0
(17) None: 0
----------------------------------------
Ngay: 3/27/2016 - Thoi gian: 6:0
(1) : 0
(2) None: 0
(3) None: 0
(4) None: 0
(5) None: 0
(6) None: 0
(7) None: 0
(8) None: 0
(9) None: 0
(10) None: 0
(11) None: 0
(12) None: 0
(13) «Nam.Hoang.Muon.Nam»: 0
(14) None: 0
(15) None: 0
(16) None: 0
(17) None: 0
----------------------------------------
Ngay: 3/27/2016 - Thoi gian: 7:0
(1) : 0
(2) None: 0
(3) None: 0
(4) None: 0
(5) None: 0
(6) None: 0
(7) None: 0
(8) None: 0
(9) None: 0
(10) None: 0
(11) None: 0
(12) None: 0
(13) «Nam.Hoang.Muon.Nam»: 0
(14) None: 0
(15) None: 0
(16) None: 0
(17) None: 0
----------------------------------------
Ngay: 3/27/2016 - Thoi gian: 8:0
(1) : 0
(2) None: 0
(3) None: 0
(4) None: 0
(5) None: 0
(6) None: 0
(7) None: 0
(8) None: 0
(9) None: 0
(10) None: 0
(11) None: 0
(12) None: 0
(13) «Nam.Hoang.Muon.Nam»: 0
(14) None: 0
(15) None: 0
(16) None: 0
(17) None: 0
----------------------------------------
Ngay: 3/27/2016 - Thoi gian: 9:0
(1) : 0
(2) None: 0
(3) None: 0
(4) None: 0
(5) None: 0
(6) None: 0
(7) None: 0
(8) None: 0
(9) None: 0
(10) None: 0
(11) None: 0
(12) None: 0
(13) «Nam.Hoang.Muon.Nam»: 0
(14) None: 0
(15) None: 0
(16) None: 0
(17) None: 0
----------------------------------------
Ngay: 3/27/2016 - Thoi gian: 10:0
(1) : 0
(2) None: 0
(3) None: 0
(4) None: 0
(5) None: 0
(6) None: 0
(7) None: 0
(8) None: 0
(9) None: 0
(10) None: 0
(11) None: 0
(12) None: 0
(13) «Nam.Hoang.Muon.Nam»: 0
(14) None: 0
(15) None: 0
(16) None: 0
(17) None: 0
----------------------------------------
Ngay: 3/27/2016 - Thoi gian: 11:1
(1) : 0
(2) None: 0
(3) None: 0
(4) None: 0
(5) None: 0
(6) None: 0
(7) None: 0
(8) None: 0
(9) None: 0
(10) None: 0
(11) None: 0
(12) None: 0
(13) «Nam.Hoang.Muon.Nam»: 0
(14) None: 0
(15) None: 0
(16) None: 0
(17) None: 0
----------------------------------------
Ngay: 3/27/2016 - Thoi gian: 12:0
(1) : 0
(2) None: 0
(3) None: 0
(4) None: 0
(5) None: 0
(6) None: 0
(7) None: 0
(8) None: 0
(9) None: 0
(10) None: 0
(11) None: 0
(12) None: 0
(13) «Nam.Hoang.Muon.Nam»: 0
(14) None: 0
(15) None: 0
(16) None: 0
(17) None: 0
----------------------------------------
Ngay: 3/27/2016 - Thoi gian: 13:0
(1) : 0
(2) None: 0
(3) None: 0
(4) None: 0
(5) None: 0
(6) None: 0
(7) None: 0
(8) None: 0
(9) None: 0
(10) None: 0
(11) None: 0
(12) None: 0
(13) «Nam.Hoang.Muon.Nam»: 0
(14) None: 0
(15) None: 0
(16) None: 0
(17) None: 0
----------------------------------------
Ngay: 3/27/2016 - Thoi gian: 14:0
(1) : 0
(2) None: 0
(3) None: 0
(4) None: 0
(5) None: 0
(6) None: 0
(7) None: 0
(8) None: 0
(9) None: 0
(10) None: 0
(11) None: 0
(12) None: 0
(13) «Nam.Hoang.Muon.Nam»: 0
(14) None: 0
(15) None: 0
(16) None: 0
(17) None: 0
----------------------------------------
Ngay: 3/27/2016 - Thoi gian: 15:0
(1) : 0
(2) None: 0
(3) None: 0
(4) None: 0
(5) None: 0
(6) None: 0
(7) None: 0
(8) None: 0
(9) None: 0
(10) None: 0
(11) None: 0
(12) None: 0
(13) «Nam.Hoang.Muon.Nam»: 0
(14) None: 0
(15) None: 0
(16) None: 0
(17) None: 0
----------------------------------------
Ngay: 4/1/2016 - Thoi gian: 20:0
(1) : 0
(2) None: 0
(3) None: 0
(4) None: 0
(5) None: 0
(6) None: 0
(7) None: 0
(8) None: 0
(9) None: 0
(10) None: 0
(11) None: 0
(12) None: 0
(13) «Nam.Hoang.Muon.Nam»: 0
(14) None: 0
(15) None: 0
(16) None: 0
(17) None: 0
----------------------------------------
Ngay: 4/1/2016 - Thoi gian: 21:0
(1) : 0
(2) None: 0
(3) None: 0
(4) None: 0
(5) None: 0
(6) None: 0
(7) None: 0
(8) None: 0
(9) None: 0
(10) None: 0
(11) None: 0
(12) None: 0
(13) «Nam.Hoang.Muon.Nam»: 0
(14) None: 0
(15) None: 0
(16) None: 0
(17) None: 0
----------------------------------------
Ngay: 4/1/2016 - Thoi gian: 22:0
(1) : 0
(2) None: 0
(3) None: 0
(4) None: 0
(5) None: 0
(6) None: 0
(7) None: 0
(8) None: 0
(9) None: 0
(10) None: 0
(11) None: 0
(12) None: 0
(13) «Nam.Hoang.Muon.Nam»: 0
(14) None: 0
(15) None: 0
(16) None: 0
(17) None: 0
----------------------------------------
Ngay: 4/1/2016 - Thoi gian: 23:0
(1) : 0
(2) None: 0
(3) None: 0
(4) None: 0
(5) None: 0
(6) None: 0
(7) None: 0
(8) None: 0
(9) None: 0
(10) None: 0
(11) None: 0
(12) None: 0
(13) «Nam.Hoang.Muon.Nam»: 0
(14) None: 0
(15) None: 0
(16) None: 0
(17) None: 0
----------------------------------------
Ngay: 4/2/2016 - Thoi gian: 0:0
(1) : 0
(2) None: 0
(3) None: 0
(4) None: 0
(5) None: 0
(6) None: 0
(7) None: 0
(8) None: 0
(9) None: 0
(10) None: 0
(11) None: 0
(12) None: 0
(13) «Nam.Hoang.Muon.Nam»: 0
(14) None: 0
(15) None: 0
(16) None: 0
(17) None: 0
----------------------------------------
Ngay: 4/2/2016 - Thoi gian: 1:0
(1) : 0
(2) None: 0
(3) None: 0
(4) None: 0
(5) None: 0
(6) None: 0
(7) None: 0
(8) None: 0
(9) None: 0
(10) None: 0
(11) None: 0
(12) None: 0
(13) «Nam.Hoang.Muon.Nam»: 0
(14) None: 0
(15) None: 0
(16) None: 0
(17) None: 0
----------------------------------------
Ngay: 4/2/2016 - Thoi gian: 2:0
(1) : 0
(2) None: 0
(3) None: 0
(4) None: 0
(5) None: 0
(6) None: 0
(7) None: 0
(8) None: 0
(9) None: 0
(10) None: 0
(11) None: 0
(12) None: 0
(13) «Nam.Hoang.Muon.Nam»: 0
(14) None: 0
(15) None: 0
(16) None: 0
(17) None: 0
----------------------------------------
Ngay: 4/2/2016 - Thoi gian: 3:0
(1) : 0
(2) None: 0
(3) None: 0
(4) None: 0
(5) None: 0
(6) None: 0
(7) None: 0
(8) None: 0
(9) None: 0
(10) None: 0
(11) None: 0
(12) None: 0
(13) «Nam.Hoang.Muon.Nam»: 0
(14) None: 0
(15) None: 0
(16) None: 0
(17) None: 0
----------------------------------------
Ngay: 4/2/2016 - Thoi gian: 4:1
(1) : 0
(2) None: 0
(3) None: 0
(4) None: 0
(5) None: 0
(6) None: 0
(7) None: 0
(8) None: 0
(9) None: 0
(10) None: 0
(11) None: 0
(12) None: 0
(13) «Nam.Hoang.Muon.Nam»: 0
(14) None: 0
(15) None: 0
(16) None: 0
(17) None: 0
----------------------------------------
Ngay: 4/2/2016 - Thoi gian: 5:0
(1) : 0
(2) None: 0
(3) None: 0
(4) None: 0
(5) None: 0
(6) None: 0
(7) None: 0
(8) None: 0
(9) None: 0
(10) None: 0
(11) None: 0
(12) None: 0
(13) «Nam.Hoang.Muon.Nam»: 0
(14) None: 0
(15) None: 0
(16) None: 0
(17) None: 0
----------------------------------------
Ngay: 4/2/2016 - Thoi gian: 6:0
(1) : 0
(2) None: 0
(3) None: 0
(4) None: 0
(5) None: 0
(6) None: 0
(7) None: 0
(8) None: 0
(9) None: 0
(10) None: 0
(11) None: 0
(12) None: 0
(13) «Nam.Hoang.Muon.Nam»: 0
(14) None: 0
(15) None: 0
(16) None: 0
(17) None: 0
----------------------------------------
Ngay: 4/2/2016 - Thoi gian: 7:0
(1) : 0
(2) None: 0
(3) None: 0
(4) None: 0
(5) None: 0
(6) None: 0
(7) None: 0
(8) None: 0
(9) None: 0
(10) None: 0
(11) None: 0
(12) None: 0
(13) «Nam.Hoang.Muon.Nam»: 0
(14) None: 0
(15) None: 0
(16) None: 0
(17) None: 0
----------------------------------------
Ngay: 4/2/2016 - Thoi gian: 8:0
(1) : 0
(2) None: 0
(3) None: 0
(4) None: 0
(5) None: 0
(6) None: 0
(7) None: 0
(8) None: 0
(9) None: 0
(10) None: 0
(11) None: 0
(12) None: 0
(13) «Nam.Hoang.Muon.Nam»: 0
(14) None: 0
(15) None: 0
(16) None: 0
(17) None: 0
----------------------------------------
Ngay: 4/2/2016 - Thoi gian: 9:0
(1) : 0
(2) None: 0
(3) None: 0
(4) None: 0
(5) None: 0
(6) None: 0
(7) None: 0
(8) None: 0
(9) None: 0
(10) None: 0
(11) None: 0
(12) None: 0
(13) «Nam.Hoang.Muon.Nam»: 0
(14) None: 0
(15) None: 0
(16) None: 0
(17) None: 0
----------------------------------------
Ngay: 11/17/2016 - Thoi gian: 21:1
(1) : 0
(2) The Camorra: 0
(3) None: 0
(4) None: 0
(5) None: 0
(6) None: 0
(7) None: 0
(8) HIII: 0
(9) Bad Boys Society: 0
(10) None: 0
(11) None: 0
(12) None: 0
(13) None: 0
(14) None: 0
(15) None: 0
(16) None: 0
(17) None: 0
----------------------------------------
Ngay: 11/20/2016 - Thoi gian: 16:0
(1) : 0
(2) None: 0
(3) None: 0
(4) The Biker Man: 0
(5) Andrew Team: 0
(6) None: 0
(7) *Yakuza Street*: 0
(8) {F7} The-Los SanTos {F7}: 0
(9) None: 0
(10) None: 0
(11) None: 0
(12) [Club] 69: 0
(13) «Nam.Hoang.Muon.Nam»: 0
(14) None: 0
(15) *Hoi Hoc Sinh*: 0
(16) None: 0
(17) Belden Heights GangZ.: 0
----------------------------------------
Ngay: 11/25/2016 - Thoi gian: 10:1
(1) : 0
(2) The Camorra: 0
(3) None: 0
(4) None: 0
(5) None: 0
(6) None: 0
(7) None: 0
(8) HIII: 0
(9) Bad Boys Society: 0
(10) None: 0
(11) None: 0
(12) None: 0
(13) None: 0
(14) None: 0
(15) None: 0
(16) None: 0
(17) None: 0
----------------------------------------
Ngay: 8/15/2018 - Thoi gian: 14:0
(1) : 0
(2) None: 0
(3) None: 0
(4) The Biker Man: 0
(5) Andrew Team: 0
(6) None: 0
(7) *Yakuza Street*: 0
(8) {F7} The-Los SanTos {F7}: 0
(9) None: 0
(10) None: 0
(11) None: 0
(12) [Club] 69: 0
(13) «Nam.Hoang.Muon.Nam»: 0
(14) None: 0
(15) *Hoi Hoc Sinh*: 0
(16) None: 0
(17) Belden Heights GangZ.: 0
----------------------------------------
Ngay: 8/15/2018 - Thoi gian: 15:0
(1) : 0
(2) None: 0
(3) None: 0
(4) The Biker Man: 0
(5) Andrew Team: 0
(6) None: 0
(7) *Yakuza Street*: 0
(8) {F7} The-Los SanTos {F7}: 0
(9) None: 0
(10) None: 0
(11) None: 0
(12) [Club] 69: 0
(13) «Nam.Hoang.Muon.Nam»: 0
(14) None: 0
(15) *Hoi Hoc Sinh*: 0
(16) None: 0
(17) Belden Heights GangZ.: 0
----------------------------------------
Ngay: 8/15/2018 - Thoi gian: 16:0
(1) : 0
(2) None: 0
(3) None: 0
(4) The Biker Man: 0
(5) Andrew Team: 0
(6) None: 0
(7) *Yakuza Street*: 0
(8) {F7} The-Los SanTos {F7}: 0
(9) None: 0
(10) None: 0
(11) None: 0
(12) [Club] 69: 0
(13) «Nam.Hoang.Muon.Nam»: 0
(14) None: 0
(15) *Hoi Hoc Sinh*: 0
(16) None: 0
(17) Belden Heights GangZ.: 0
----------------------------------------
Ngay: 8/15/2018 - Thoi gian: 18:0
(1) : 0
(2) None: 0
(3) None: 0
(4) The Biker Man: 0
(5) Andrew Team: 0
(6) None: 0
(7) *Yakuza Street*: 0
(8) {F7} The-Los SanTos {F7}: 0
(9) None: 0
(10) None: 0
(11) None: 0
(12) [Club] 69: 0
(13) «Nam.Hoang.Muon.Nam»: 0
(14) None: 0
(15) *Hoi Hoc Sinh*: 0
(16) None: 0
(17) Belden Heights GangZ.: 0
----------------------------------------
Ngay: 7/14/2023 - Thoi gian: 12:0
(1) : 0
(2) None: 0
(3) None: 0
(4) The Biker Man: 0
(5) Andrew Team: 0
(6) None: 0
(7) *Yakuza Street*: 0
(8) {F7} The-Los SanTos {F7}: 0
(9) None: 0
(10) None: 0
(11) None: 0
(12) [Club] 69: 0
(13) «Nam.Hoang.Muon.Nam»: 0
(14) None: 0
(15) *Hoi Hoc Sinh*: 0
(16) None: 0
(17) Belden Heights GangZ.: 0
----------------------------------------
Ngay: 7/14/2023 - Thoi gian: 13:0
(1) : 0
(2) None: 0
(3) None: 0
(4) The Biker Man: 0
(5) Andrew Team: 0
(6) None: 0
(7) *Yakuza Street*: 0
(8) {F7} The-Los SanTos {F7}: 0
(9) None: 0
(10) None: 0
(11) None: 0
(12) [Club] 69: 0
(13) «Nam.Hoang.Muon.Nam»: 0
(14) None: 0
(15) *Hoi Hoc Sinh*: 0
(16) None: 0
(17) Belden Heights GangZ.: 0
----------------------------------------
Ngay: 7/14/2023 - Thoi gian: 14:0
(1) : 0
(2) None: 0
(3) None: 0
(4) The Biker Man: 0
(5) Andrew Team: 0
(6) None: 0
(7) *Yakuza Street*: 0
(8) {F7} The-Los SanTos {F7}: 0
(9) None: 0
(10) None: 0
(11) None: 0
(12) [Club] 69: 0
(13) «Nam.Hoang.Muon.Nam»: 0
(14) None: 0
(15) *Hoi Hoc Sinh*: 0
(16) None: 0
(17) Belden Heights GangZ.: 0
