[2016/3/19 - 20:08:19] Nguyen ThanhDat has edited GateID 202's Model to 0.
[2016/3/19 - 20:08:20] Nguyen ThanhDat has edited GateID 292's Model to 0.
[2016/3/19 - 20:18:02] BOSS Wililam has edited GateID 202's Model to 0.
[2016/3/19 - 21:05:45] BOSS Wililam has edited GateID 202's Model to 0.
[2016/3/19 - 21:05:49] BOSS Wililam has edited GateID 202's Model to 0.
[2016/3/19 - 21:16:44] Anh Da Den has edited GateID 367's Model to 0.
[2016/3/19 - 21:16:49] Anh Da Den has edited GateID 387's Model to 0.
[2016/3/20 - 11:36:03] Nguyen ThanhDat has edited GateID 586's Model to 0.
[2016/3/20 - 11:36:10] Nguyen ThanhDat has edited GateID 587's Model to 0.
[2016/3/20 - 11:37:01] Nguyen ThanhDat has edited GateID 589's Model to 0.
[2016/3/20 - 11:37:08] Nguyen ThanhDat has edited GateID 588's Model to 0.
[2016/3/25 - 21:42:49] Nguyen ThanhDat has edited GateID 24's automation to 1.
[2016/3/25 - 21:43:32] Nguyen ThanhDat has edited GateID 21's automation to 1.
[2016/3/25 - 21:44:14] Nguyen ThanhDat has edited GateID 65's automation to 1.
[2016/3/25 - 21:44:31] Nguyen ThanhDat has edited GateID 17's automation to 1.
[2016/3/25 - 21:45:34] Nguyen ThanhDat has edited GateID 112's automation to 1.
[2016/3/25 - 21:46:54] Nguyen ThanhDat has edited GateID 19's automation to 1.
[2016/3/25 - 21:46:56] Nguyen ThanhDat has edited GateID 79's automation to 1.
[2016/3/25 - 21:47:17] Nguyen ThanhDat has edited GateID 546's automation to 1.
[2016/3/25 - 21:56:30] Nguyen ThanhDat has edited GateID 546's automation to 0.
[2016/3/25 - 21:56:46] Nguyen ThanhDat has edited GateID 546's automation to -1.
[2016/3/25 - 21:57:11] Nguyen ThanhDat has edited GateID 79's automation to 0.
[2016/3/25 - 21:57:14] Nguyen ThanhDat has edited GateID 79's automation to -1.
[2016/3/25 - 21:57:36] Nguyen ThanhDat has edited GateID 19's automation to -1.
[2016/3/25 - 21:58:46] Nguyen ThanhDat has edited GateID 546's automation to 0.
[2016/3/25 - 21:58:54] Nguyen ThanhDat has edited GateID 19's automation to 0.
[2016/3/25 - 21:58:56] Nguyen ThanhDat has edited GateID 79's automation to 0.
[2016/3/25 - 21:59:40] Nguyen ThanhDat has edited GateID 79's Model to 0.
[2016/3/25 - 21:59:45] Nguyen ThanhDat has edited GateID 79's Position.
[2016/3/25 - 21:59:51] Nguyen ThanhDat has edited GateID 79's Model to 16773.
[2016/3/25 - 22:04:02] Nguyen ThanhDat has edited GateID 79's Model to 0.
[2016/3/25 - 22:04:12] Nguyen ThanhDat has edited GateID 546's Model to 0.
[2016/3/25 - 22:04:20] Nguyen ThanhDat has edited GateID 1587's Model to 0.
[2016/3/25 - 22:04:56] Nguyen ThanhDat has edited GateID 567's Model to 0.
[2016/3/25 - 22:05:22] Nguyen ThanhDat has edited GateID 455's Model to 0.
[2016/3/25 - 22:05:50] Nguyen ThanhDat has edited GateID 2112's Model to 0.
[2016/3/26 - 12:07:11] Nguyen ThanhDat has edited GateID 24's automation to 0.
[2016/3/26 - 12:08:27] Nguyen ThanhDat has edited GateID 24's Family ID to 2.
[2016/3/26 - 12:09:32] Nguyen ThanhDat has edited GateID 24's Group ID to 1.
[2016/3/26 - 12:09:47] Nguyen ThanhDat has edited GateID 24's Family ID to 0.
[2016/3/26 - 12:11:22] Nguyen ThanhDat has edited GateID 24's automation to -1.
[2016/3/26 - 12:11:25] Nguyen ThanhDat has edited GateID 24's automation to 111.
[2016/3/26 - 12:11:28] Nguyen ThanhDat has edited GateID 24's automation to -100.
[2016/3/26 - 12:11:32] Nguyen ThanhDat has edited GateID 24's automation to 0.
[2016/11/20 - 15:51:05] Nguyen ThanhDat has edited GateID 1's Range to 20.000.
[2016/11/20 - 15:57:51] Nguyen ThanhDat has edited GateID 4's Position.
[2016/11/20 - 15:57:57] Nguyen ThanhDat has edited GateID 4's Model to 987.
[2016/11/20 - 15:59:10] Nguyen ThanhDat has edited GateID 4's automation to 1.
[2018/8/15 - 14:52:09] Dawkin Nguyen has edited GateID 4's Position.
[2018/8/15 - 14:52:12] Dawkin Nguyen has edited GateID 4's Model to 987.
[2018/8/15 - 14:52:34] Dawkin Nguyen has edited GateID 4's Position.
[2018/8/15 - 14:53:34] Dawkin Nguyen has edited GateID 4's automation to 1.
[2018/8/15 - 14:53:41] Dawkin Nguyen has edited GateID 4's Speed to 1.000.
[2018/8/15 - 14:53:48] Dawkin Nguyen has edited GateID 4's Speed to 2.000.
[2018/8/15 - 15:31:07] Sky oi has edited GateID 5's Model to 18856.
[2018/8/15 - 15:31:12] Sky oi has edited GateID 5's Position.
[2018/8/15 - 15:33:05] Sky oi has edited GateID 5's Model to 19075.
[2018/8/15 - 15:42:33] Dawkin Nguyen has edited GateID 5's Model to 0.
