[2016/3/19 - 19:50:52] BOSS Wililam have made BOSS Wililam the leader of the LSPD.
[2016/3/19 - 19:50:53] Nguyen ThanhDat have made Nguyen ThanhDat the leader of the LSPD.
[2016/3/19 - 20:08:17] Harvey Drake have made Harvey Drake the leader of the LSPD.
[2016/3/19 - 20:36:12] Nguyen ThanhDat have made Nguyen ThanhDat the leader of the LSFD.
[2016/3/19 - 20:37:41] BOSS Wililam have made BOSS Wililam the leader of the LSFD.
[2016/3/19 - 20:42:35] Nguyen ThanhDat have made Nguyen ThanhDat the leader of the FBI.
[2016/3/19 - 20:49:56] BOSS Wililam have made BOSS Wililam the leader of the FBI.
[2016/3/19 - 21:09:30] BOSS Wililam have made BOSS Wililam the leader of the Taxi.
[2016/3/19 - 21:09:54] Harvey Drake have made Harvey Drake the leader of the Taxi.
[2016/3/20 - 11:30:40] Nguyen ThanhDat have made Nguyen ThanhDat the leader of the LSPD.
[2016/3/20 - 11:30:43] Nguyen ThanhDat have made Nguyen ThanhDat the leader of the FBI.
[2016/3/20 - 11:30:46] Nguyen ThanhDat have made Nguyen ThanhDat the leader of the LSFD.
[2016/3/20 - 11:33:15] Nguyen ThanhDat have made Nguyen ThanhDat the leader of the LSPD.
[2016/3/20 - 11:53:27] Phi Gaming have made Phi Gaming the leader of the LSPD.
[2016/3/20 - 11:54:29] Nguyen ThanhDat have made Nguyen ThanhDat the leader of the LSPD.
[2016/3/20 - 11:56:15] Phi Gaming have made Phi Gaming the leader of the Viêt Nam Racing Boy.
[2016/3/20 - 15:56:09] Nguyen ThanhDat have made Nguyen ThanhDat the leader of the LSPD.
[2016/3/20 - 16:39:52] Harvey Drake have made Harvey Drake the leader of the Taxi.
[2016/3/25 - 18:43:24] Nguyen ThanhDat have made Nguyen ThanhDat the leader of the LSPD.
[2016/3/25 - 19:08:55] Nguyen ThanhDat have made Nguyen ThanhDat the leader of the LSPD.
[2016/3/25 - 19:09:01] Aria Pirates chap nhan Chief of Police Nguyen ThanhDat's tham gia LSPD (1).
[2016/3/25 - 19:09:26] Chief of Police Nguyen ThanhDat (rank 9) da cho Aria Pirates rank 8 (Deputy Chief) trong LSPD (1).
[2016/3/25 - 19:11:20] Chief of Police Nguyen ThanhDat (rank 9) da cho Aria Pirates rank 1 (Officer) trong LSPD (1).
[2016/3/25 - 19:11:52] Chief of Police Nguyen ThanhDat (rank 9) da cho Aria Pirates rank 7 (Captain) trong LSPD (1).
[2016/3/25 - 19:14:09] Jame Nicolas chap nhan Chief of Police Nguyen ThanhDat's tham gia LSPD (1).
[2016/3/25 - 19:14:32] Chief of Police Nguyen ThanhDat (rank 9) da cho Jame Nicolas rank 7 (Captain) trong LSPD (1).
[2016/3/25 - 19:19:53] Administrator Nguyen ThanhDat has group-kicked Aria Pirates from LSPD (1)
[2016/3/25 - 19:20:49] Yuuki Asuna have made Yuuki Asuna the leader of the LSPD.
[2016/3/25 - 19:21:25] Aria Pirates chap nhan Chief of Police Nguyen ThanhDat's tham gia LSPD (1).
[2016/3/25 - 20:34:23] Yuuki Asuna have made Yuuki Asuna the leader of the LSPD.
[2016/3/25 - 21:45:44] Yuuki Asuna have made Yuuki Asuna the leader of the Taxi.
[2016/3/26 - 9:31:12] Nguyen ThanhDat have made Nguyen ThanhDat the leader of the LSPD.
[2016/3/26 - 9:31:16] Administrator Nguyen ThanhDat has group-kicked Ken Gayz from LSPD (1)
[2016/3/26 - 9:31:19] Administrator Nguyen ThanhDat has group-kicked Nguyen ThanhDat from LSPD (1)
[2016/3/26 - 9:33:03] Nguyen ThanhDat have made Nguyen ThanhDat the leader of the LSPD.
[2016/3/26 - 9:33:51] Nguyen ThanhDat have made Nguyen ThanhDat the leader of the SAN News.
[2016/3/26 - 9:37:36] Nguyen ThanhDat have made Nguyen ThanhDat the leader of the LSPD.
[2016/3/26 - 9:48:04] Nguyen ThanhDat have made Nguyen ThanhDat the leader of the LSPD.
[2016/3/26 - 10:02:58] Jamer LAster chap nhan Chief of Police Alce Khaq's tham gia LSPD (1).
[2016/3/26 - 10:10:23] Nguyen ThanhDat have made Nguyen ThanhDat the leader of the LSPD.
[2016/3/26 - 10:12:28] Nghi Vip chap nhan Chief of Police Jamer LAster's tham gia LSPD (1).
[2016/3/26 - 10:13:58] Nguyen ThanhDat have made Nguyen ThanhDat the leader of the FBI.
[2016/3/26 - 10:20:50] Chief of Police Alce Khaq (rank 9) da bi duoi Nghi Vip (rank 0) tu LSPD (1).
[2016/3/26 - 10:26:51] dosu ajinma chap nhan Director David Khanh's tham gia FBI (2).
[2016/3/26 - 10:27:09] Chief of Police Alce Khaq (rank 9) da bi duoi Jamer LAster (rank 9) tu LSPD (1).
[2016/3/26 - 10:28:33] Director David Khanh (rank 9) da cho dosu ajinma rank 5 (Division Supervisor) trong FBI (2).
[2016/3/26 - 10:44:11] Jamer LAster chap nhan Chief of Police Alce Khaq's tham gia LSPD (1).
[2016/3/26 - 10:48:13] Chief of Police Alce Khaq (rank 9) da cho Jamer LAster rank 2 (Senior Officer) trong LSPD (1).
[2016/3/26 - 11:32:30] Yuuki Asuna have made Yuuki Asuna the leader of the LSPD.
[2016/3/26 - 11:36:57] Yuuki Asuna have made Yuuki Asuna the leader of the LSPD.
[2016/3/26 - 11:40:11] Chief of Police Akat SuKi (rank 9) da bi duoi Alce Khaq (rank 9) tu LSPD (1).
[2016/3/26 - 11:58:55] Yuuki Asuna have made Yuuki Asuna the leader of the LSFD.
[2016/3/26 - 12:25:03] Chief of Police Akat SuKi da dua Akat SuKi's DIV den HON trong LSPD (1).
[2016/3/26 - 12:26:04] Chief of Police Akat SuKi da dua Akat SuKi's DIV den ADM trong LSPD (1).
[2016/3/26 - 13:10:45] Administrator Yuuki Asuna has group-kicked dosu ajinma from FBI (2)
[2016/3/26 - 17:40:01] Minh Thang chap nhan Chief of Police Akat Suki's tham gia LSPD (1).
[2016/3/26 - 17:40:14] Chief of Police Akat Suki (rank 9) da cho Minh Thang rank 2 (Senior Officer) trong LSPD (1).
[2016/3/26 - 18:01:59] Chief of Police Akat Suki (rank 9) da bi duoi Minh Thang (rank 2) tu LSPD (1).
[2016/3/26 - 18:02:22] Minh Thang chap nhan Chief of Police Akat Suki's tham gia LSPD (1).
[2016/3/26 - 18:02:28] Chief of Police Akat Suki (rank 9) da cho Minh Thang rank 3 (Corporal) trong LSPD (1).
[2016/3/26 - 19:02:34] Hardwell Records chap nhan Chief of Police Akat SuKi's tham gia LSPD (1).
[2016/3/26 - 19:03:13] Chief of Police Akat SuKi (rank 9) da cho Hardwell Records rank 2 (Senior Officer) trong LSPD (1).
[2016/3/26 - 19:59:23] Director David Khanh da dua David Khanh's DIV den HON trong FBI (2).
[2016/4/1 - 19:56:41] Nguyen ThanhDat have made Nguyen ThanhDat the leader of the LSPD.
[2016/4/1 - 20:35:12] Mike Pin have made Mike Pin the leader of the LSPD.
[2016/4/1 - 20:55:55] Quy Vo have made Quy Vo the leader of the LSPD.
[2016/4/1 - 20:56:16] Quy Vo have made Quy Vo the leader of the FBI.
[2016/4/1 - 21:33:34] Hoclam samp have made Hoclam samp the leader of the TRAF.
[2016/4/1 - 21:33:48] Hoclam samp have made Hoclam samp the leader of the TRAF.
[2016/4/1 - 21:33:56] Hoclam samp have made Hoclam samp the leader of the LSPD.
[2016/4/1 - 21:33:58] Hoclam samp have made Hoclam samp the leader of the FBI.
[2016/4/1 - 21:34:01] Hoclam samp have made Hoclam samp the leader of the Taxi.
[2016/4/1 - 21:34:05] Hoclam samp have made Hoclam samp the leader of the San Andreas.
[2016/4/1 - 21:34:12] Hoclam samp have made Hoclam samp the leader of the TRES.
[2016/4/1 - 21:34:18] Hoclam samp have made Hoclam samp the leader of the Viêt Nam Racing Boy.
[2016/4/1 - 21:34:27] Hoclam samp have made Hoclam samp the leader of the Tierra Robada.
[2016/4/1 - 21:34:40] Hoclam samp have made Hoclam samp the leader of the SAAS.
[2016/4/1 - 21:41:44] Doctor Tom have made Doctor Tom the leader of the Viêt Nam Racing Boy.
[2016/4/1 - 21:41:58] Doctor Tom have made Doctor Tom the leader of the LSPD.
[2016/4/1 - 21:42:03] Doctor Tom have made Doctor Tom the leader of the San Andreas.
[2016/4/1 - 21:42:16] Kurumi Kirito have made Kurumi Kirito the leader of the LSFD.
[2016/4/1 - 21:42:33] Kurumi Kirito have made Kurumi Kirito the leader of the Viêt Nam Racing Boy.
[2016/11/25 - 9:45:17] Dawkin IT have made Dawkin IT the leader of the LSPD.
[2018/8/15 - 14:09:12] Dawkin Nguyen have made Dawkin Nguyen the leader of the Varrios Los Aztecas.
[2018/8/15 - 14:28:44] Administrator Dawkin Nguyen has group-kicked Dawkin Nguyen from Varrios Los Aztecas (16)
[2018/8/15 - 14:46:44] Dawkin Nguyen have made Dawkin Nguyen the leader of the Viet Nam Racing Boy.
[2018/8/15 - 15:17:15] Sky oi have made Sky oi the leader of the Hitman Agency.
[2018/8/15 - 15:43:50] sky oi have made sky oi the leader of the Hitman Agency.
[2018/8/15 - 15:54:28] Dawkin Nguyen have made Dawkin Nguyen the leader of the LSPD.
