[2016/3/26 - 16:33:56] Shadow King (ID 2) co the dang hack jetpack.
[2016/3/26 - 16:33:57] Shadow King (ID 2) co the dang hack jetpack.
[2016/3/26 - 16:33:58] Shadow King (ID 2) co the dang hack jetpack.
[2016/3/26 - 16:33:59] Shadow King (ID 2) co the dang hack jetpack.
[2016/3/26 - 16:34:00] Shadow King (ID 2) co the dang hack jetpack.
[2016/3/26 - 16:34:01] Shadow King (ID 2) co the dang hack jetpack.
[2016/3/26 - 16:34:02] Shadow King (ID 2) co the dang hack jetpack.
[2016/3/26 - 16:34:03] Shadow King (ID 2) co the dang hack jetpack.
[2016/3/26 - 16:34:05] Shadow King (ID 2) co the dang hack jetpack.
[2016/3/26 - 16:34:06] Shadow King (ID 2) co the dang hack jetpack.
[2016/3/26 - 16:34:07] Shadow King (ID 2) co the dang hack jetpack.
[2016/3/26 - 16:34:08] Shadow King (ID 2) co the dang hack jetpack.
[2016/3/26 - 16:34:09] Shadow King (ID 2) co the dang hack jetpack.
[2016/3/26 - 16:34:10] Shadow King (ID 2) co the dang hack jetpack.
[2016/3/26 - 16:34:11] Shadow King (ID 2) co the dang hack jetpack.
[2016/3/26 - 16:59:05] Battle Binz (ID 6) co the dang hack giap. (Recorded: 0.000000 - Current: 34.000000) (1)
[2016/3/26 - 17:25:07] Bin LaTao (ID 4) co the dang hack giap. (Recorded: 0.000000 - Current: 100.000000) (1)
[2016/3/26 - 17:55:19] Tran Hung (ID 6) co the dang hack giap. (Recorded: 0.000000 - Current: 100.000000) (1)
[2016/3/26 - 17:57:37] PHam ngoc Anh Vinh (ID 8) co the dang hack giap. (Recorded: 58.000000 - Current: 59.000000) (1)
[2016/3/26 - 18:53:55] Yakuza Boni (ID 5) co the dang hack giap. (Recorded: 0.000000 - Current: 100.000000) (1)
[2016/3/26 - 19:01:55] Yakuza Boni (ID 5) co the dang hack giap. (Recorded: 0.000000 - Current: 100.000000) (1)
[2016/3/26 - 19:17:29] PayDay Duy (ID 1) co the dang hack giap. (Recorded: 0.000000 - Current: 100.000000) (1)
[2016/3/27 - 7:52:24] Tran Hung (ID 1) co the dang hack jetpack.
[2016/3/27 - 7:52:25] Tran Hung (ID 1) co the dang hack jetpack.
[2016/3/27 - 7:52:26] Tran Hung (ID 1) co the dang hack jetpack.
[2016/3/27 - 7:52:27] Tran Hung (ID 1) co the dang hack jetpack.
[2016/3/27 - 7:52:28] Tran Hung (ID 1) co the dang hack jetpack.
[2016/3/27 - 7:52:29] Tran Hung (ID 1) co the dang hack jetpack.
[2016/3/27 - 7:52:31] Tran Hung (ID 1) co the dang hack jetpack.
[2016/3/27 - 7:52:32] Tran Hung (ID 1) co the dang hack jetpack.
[2016/3/27 - 7:52:33] Tran Hung (ID 1) co the dang hack jetpack.
[2016/3/27 - 7:52:34] Tran Hung (ID 1) co the dang hack jetpack.
[2016/3/27 - 7:52:35] Tran Hung (ID 1) co the dang hack jetpack.
[2016/3/27 - 7:52:36] Tran Hung (ID 1) co the dang hack jetpack.
[2016/3/27 - 7:52:37] Tran Hung (ID 1) co the dang hack jetpack.
[2016/3/27 - 7:52:38] Tran Hung (ID 1) co the dang hack jetpack.
[2016/3/27 - 7:52:39] Tran Hung (ID 1) co the dang hack jetpack.
[2016/3/27 - 7:52:40] Tran Hung (ID 1) co the dang hack jetpack.
[2016/3/27 - 7:52:42] Tran Hung (ID 1) co the dang hack jetpack.
[2016/3/27 - 7:52:43] Tran Hung (ID 1) co the dang hack jetpack.
[2016/3/27 - 7:52:44] Tran Hung (ID 1) co the dang hack jetpack.
[2016/3/27 - 7:52:45] Tran Hung (ID 1) co the dang hack jetpack.
[2016/3/27 - 7:52:46] Tran Hung (ID 1) co the dang hack jetpack.
[2016/3/27 - 7:52:47] Tran Hung (ID 1) co the dang hack jetpack.
[2016/3/27 - 7:52:48] Tran Hung (ID 1) co the dang hack jetpack.
[2016/3/27 - 7:52:50] Tran Hung (ID 1) co the dang hack jetpack.
[2016/3/27 - 7:52:51] Tran Hung (ID 1) co the dang hack jetpack.
[2016/3/27 - 7:52:52] Tran Hung (ID 1) co the dang hack jetpack.
[2016/3/27 - 7:52:53] Tran Hung (ID 1) co the dang hack jetpack.
[2016/3/27 - 7:52:54] Tran Hung (ID 1) co the dang hack jetpack.
[2016/3/27 - 7:52:55] Tran Hung (ID 1) co the dang hack jetpack.
[2016/3/27 - 7:52:56] Tran Hung (ID 1) co the dang hack jetpack.
[2016/3/27 - 7:52:57] Tran Hung (ID 1) co the dang hack jetpack.
[2016/3/27 - 7:52:58] Tran Hung (ID 1) co the dang hack jetpack.
[2016/3/27 - 7:52:59] Tran Hung (ID 1) co the dang hack jetpack.
[2016/3/27 - 7:53:01] Tran Hung (ID 1) co the dang hack jetpack.
[2016/3/27 - 7:53:02] Tran Hung (ID 1) co the dang hack jetpack.
[2016/3/27 - 7:53:03] Tran Hung (ID 1) co the dang hack jetpack.
[2016/3/27 - 7:53:04] Tran Hung (ID 1) co the dang hack jetpack.
[2016/3/27 - 7:53:05] Tran Hung (ID 1) co the dang hack jetpack.
[2016/3/27 - 7:53:06] Tran Hung (ID 1) co the dang hack jetpack.
[2016/3/27 - 7:53:07] Tran Hung (ID 1) co the dang hack jetpack.
[2016/3/27 - 7:53:08] Tran Hung (ID 1) co the dang hack jetpack.
[2016/3/27 - 7:53:09] Tran Hung (ID 1) co the dang hack jetpack.
[2016/3/27 - 7:53:11] Tran Hung (ID 1) co the dang hack jetpack.
[2016/3/27 - 7:53:12] Tran Hung (ID 1) co the dang hack jetpack.
[2016/3/27 - 7:53:13] Tran Hung (ID 1) co the dang hack jetpack.
[2016/3/27 - 7:53:14] Tran Hung (ID 1) co the dang hack jetpack.
[2016/3/27 - 7:53:15] Tran Hung (ID 1) co the dang hack jetpack.
[2016/3/27 - 7:53:16] Tran Hung (ID 1) co the dang hack jetpack.
[2016/3/27 - 7:53:17] Tran Hung (ID 1) co the dang hack jetpack.
[2016/3/27 - 7:53:18] Tran Hung (ID 1) co the dang hack jetpack.
[2016/3/27 - 7:53:19] Tran Hung (ID 1) co the dang hack jetpack.
[2016/3/27 - 7:53:20] Tran Hung (ID 1) co the dang hack jetpack.
[2016/3/27 - 7:53:22] Tran Hung (ID 1) co the dang hack jetpack.
[2016/3/27 - 7:53:23] Tran Hung (ID 1) co the dang hack jetpack.
[2016/3/27 - 7:53:24] Tran Hung (ID 1) co the dang hack jetpack.
[2016/3/27 - 7:53:25] Tran Hung (ID 1) co the dang hack jetpack.
[2016/3/27 - 7:53:26] Tran Hung (ID 1) co the dang hack jetpack.
[2016/3/27 - 7:53:27] Tran Hung (ID 1) co the dang hack jetpack.
[2016/3/27 - 7:53:28] Tran Hung (ID 1) co the dang hack jetpack.
[2016/3/27 - 7:53:29] Tran Hung (ID 1) co the dang hack jetpack.
[2016/3/27 - 7:53:30] Tran Hung (ID 1) co the dang hack jetpack.
[2016/3/27 - 7:53:32] Tran Hung (ID 1) co the dang hack jetpack.
[2016/3/27 - 7:53:33] Tran Hung (ID 1) co the dang hack jetpack.
[2016/3/27 - 7:53:34] Tran Hung (ID 1) co the dang hack jetpack.
[2016/3/27 - 7:53:35] Tran Hung (ID 1) co the dang hack jetpack.
[2016/3/27 - 7:53:36] Tran Hung (ID 1) co the dang hack jetpack.
[2016/3/27 - 7:53:37] Tran Hung (ID 1) co the dang hack jetpack.
[2016/3/27 - 7:53:38] Tran Hung (ID 1) co the dang hack jetpack.
[2016/3/27 - 7:53:39] Tran Hung (ID 1) co the dang hack jetpack.
[2016/3/27 - 7:53:40] Tran Hung (ID 1) co the dang hack jetpack.
[2016/3/27 - 7:53:42] Tran Hung (ID 1) co the dang hack jetpack.
[2016/3/27 - 7:53:43] Tran Hung (ID 1) co the dang hack jetpack.
[2016/3/27 - 7:53:44] Tran Hung (ID 1) co the dang hack jetpack.
[2016/3/27 - 7:53:45] Tran Hung (ID 1) co the dang hack jetpack.
[2016/3/27 - 7:53:46] Tran Hung (ID 1) co the dang hack jetpack.
[2016/3/27 - 7:53:47] Tran Hung (ID 1) co the dang hack jetpack.
[2016/3/27 - 7:53:48] Tran Hung (ID 1) co the dang hack jetpack.
[2016/3/27 - 7:53:49] Tran Hung (ID 1) co the dang hack jetpack.
[2016/3/27 - 7:53:50] Tran Hung (ID 1) co the dang hack jetpack.
[2016/3/27 - 7:53:51] Tran Hung (ID 1) co the dang hack jetpack.
[2016/3/27 - 7:53:53] Tran Hung (ID 1) co the dang hack jetpack.
[2016/3/27 - 7:53:54] Tran Hung (ID 1) co the dang hack jetpack.
[2016/3/27 - 7:53:55] Tran Hung (ID 1) co the dang hack jetpack.
[2016/3/27 - 7:53:56] Tran Hung (ID 1) co the dang hack jetpack.
[2016/3/27 - 7:53:57] Tran Hung (ID 1) co the dang hack jetpack.
[2016/3/27 - 7:53:58] Tran Hung (ID 1) co the dang hack jetpack.
[2016/3/27 - 7:53:59] Tran Hung (ID 1) co the dang hack jetpack.
[2016/3/27 - 7:54:00] Tran Hung (ID 1) co the dang hack jetpack.
[2016/3/27 - 7:54:01] Tran Hung (ID 1) co the dang hack jetpack.
[2016/3/27 - 7:54:03] Tran Hung (ID 1) co the dang hack jetpack.
[2016/3/27 - 7:54:04] Tran Hung (ID 1) co the dang hack jetpack.
[2016/3/27 - 7:54:05] Tran Hung (ID 1) co the dang hack jetpack.
[2016/3/27 - 7:54:06] Tran Hung (ID 1) co the dang hack jetpack.
[2016/3/27 - 7:54:07] Tran Hung (ID 1) co the dang hack jetpack.
[2016/3/27 - 7:54:08] Tran Hung (ID 1) co the dang hack jetpack.
[2016/3/27 - 7:54:09] Tran Hung (ID 1) co the dang hack jetpack.
[2016/3/27 - 7:54:10] Tran Hung (ID 1) co the dang hack jetpack.
[2016/3/27 - 7:54:11] Tran Hung (ID 1) co the dang hack jetpack.
[2016/3/27 - 7:54:13] Tran Hung (ID 1) co the dang hack jetpack.
[2016/3/27 - 7:54:14] Tran Hung (ID 1) co the dang hack jetpack.
[2016/3/27 - 7:54:15] Tran Hung (ID 1) co the dang hack jetpack.
[2016/3/27 - 7:54:16] Tran Hung (ID 1) co the dang hack jetpack.
[2016/3/27 - 7:54:17] Tran Hung (ID 1) co the dang hack jetpack.
[2016/3/27 - 7:54:18] Tran Hung (ID 1) co the dang hack jetpack.
[2016/3/27 - 7:54:19] Tran Hung (ID 1) co the dang hack jetpack.
[2016/3/27 - 7:54:20] Tran Hung (ID 1) co the dang hack jetpack.
[2016/3/27 - 7:54:21] Tran Hung (ID 1) co the dang hack jetpack.
[2016/3/27 - 7:54:23] Tran Hung (ID 1) co the dang hack jetpack.
[2016/3/27 - 7:54:24] Tran Hung (ID 1) co the dang hack jetpack.
[2016/3/27 - 7:54:25] Tran Hung (ID 1) co the dang hack jetpack.
[2016/3/27 - 7:54:26] Tran Hung (ID 1) co the dang hack jetpack.
[2016/3/27 - 7:54:27] Tran Hung (ID 1) co the dang hack jetpack.
[2016/3/27 - 7:54:28] Tran Hung (ID 1) co the dang hack jetpack.
[2016/3/27 - 7:54:29] Tran Hung (ID 1) co the dang hack jetpack.
[2016/3/27 - 7:54:30] Tran Hung (ID 1) co the dang hack jetpack.
[2016/3/27 - 7:54:31] Tran Hung (ID 1) co the dang hack jetpack.
[2016/3/27 - 7:54:33] Tran Hung (ID 1) co the dang hack jetpack.
[2016/3/27 - 7:54:34] Tran Hung (ID 1) co the dang hack jetpack.
[2016/3/27 - 7:54:35] Tran Hung (ID 1) co the dang hack jetpack.
[2016/3/27 - 7:54:36] Tran Hung (ID 1) co the dang hack jetpack.
[2016/3/27 - 7:54:37] Tran Hung (ID 1) co the dang hack jetpack.
[2016/3/27 - 7:54:38] Tran Hung (ID 1) co the dang hack jetpack.
[2016/3/27 - 7:54:39] Tran Hung (ID 1) co the dang hack jetpack.
[2016/3/27 - 7:54:40] Tran Hung (ID 1) co the dang hack jetpack.
[2016/3/27 - 7:54:41] Tran Hung (ID 1) co the dang hack jetpack.
[2016/3/27 - 7:54:43] Tran Hung (ID 1) co the dang hack jetpack.
[2016/3/27 - 7:54:44] Tran Hung (ID 1) co the dang hack jetpack.
[2016/3/27 - 7:54:45] Tran Hung (ID 1) co the dang hack jetpack.
[2016/3/27 - 7:54:46] Tran Hung (ID 1) co the dang hack jetpack.
[2016/3/27 - 7:54:47] Tran Hung (ID 1) co the dang hack jetpack.
[2016/3/27 - 7:54:48] Tran Hung (ID 1) co the dang hack jetpack.
[2016/3/27 - 7:54:49] Tran Hung (ID 1) co the dang hack jetpack.
[2016/3/27 - 7:54:50] Tran Hung (ID 1) co the dang hack jetpack.
[2016/3/27 - 7:54:51] Tran Hung (ID 1) co the dang hack jetpack.
[2016/3/27 - 7:54:52] Tran Hung (ID 1) co the dang hack jetpack.
[2016/3/27 - 7:54:54] Tran Hung (ID 1) co the dang hack jetpack.
[2016/3/27 - 7:54:55] Tran Hung (ID 1) co the dang hack jetpack.
[2016/3/27 - 7:54:56] Tran Hung (ID 1) co the dang hack jetpack.
[2016/3/27 - 7:54:57] Tran Hung (ID 1) co the dang hack jetpack.
[2016/3/27 - 7:54:58] Tran Hung (ID 1) co the dang hack jetpack.
[2016/3/27 - 7:54:59] Tran Hung (ID 1) co the dang hack jetpack.
[2016/3/27 - 7:55:00] Tran Hung (ID 1) co the dang hack jetpack.
[2016/3/27 - 7:55:01] Tran Hung (ID 1) co the dang hack jetpack.
[2016/3/27 - 7:55:02] Tran Hung (ID 1) co the dang hack jetpack.
[2016/3/27 - 7:55:04] Tran Hung (ID 1) co the dang hack jetpack.
[2016/3/27 - 7:55:05] Tran Hung (ID 1) co the dang hack jetpack.
[2016/3/27 - 7:55:06] Tran Hung (ID 1) co the dang hack jetpack.
[2016/3/27 - 7:55:07] Tran Hung (ID 1) co the dang hack jetpack.
[2016/3/27 - 7:55:08] Tran Hung (ID 1) co the dang hack jetpack.
[2016/3/27 - 7:55:09] Tran Hung (ID 1) co the dang hack jetpack.
[2016/3/27 - 7:55:10] Tran Hung (ID 1) co the dang hack jetpack.
[2016/3/27 - 7:55:11] Tran Hung (ID 1) co the dang hack jetpack.
[2016/3/27 - 7:55:12] Tran Hung (ID 1) co the dang hack jetpack.
[2016/3/27 - 7:55:14] Tran Hung (ID 1) co the dang hack jetpack.
[2016/3/27 - 7:55:15] Tran Hung (ID 1) co the dang hack jetpack.
[2016/3/27 - 7:55:16] Tran Hung (ID 1) co the dang hack jetpack.
[2016/3/27 - 7:55:17] Tran Hung (ID 1) co the dang hack jetpack.
[2016/3/27 - 7:56:04] Tran Hung (ID 1) co the dang hack jetpack.
[2016/3/27 - 7:56:05] Tran Hung (ID 1) co the dang hack jetpack.
[2016/3/27 - 7:56:06] Tran Hung (ID 1) co the dang hack jetpack.
[2016/3/27 - 7:56:07] Tran Hung (ID 1) co the dang hack jetpack.
[2016/3/27 - 7:56:08] Tran Hung (ID 1) co the dang hack jetpack.
[2016/3/27 - 7:56:09] Tran Hung (ID 1) co the dang hack jetpack.
[2016/3/27 - 7:56:10] Tran Hung (ID 1) co the dang hack jetpack.
[2016/3/27 - 7:56:11] Tran Hung (ID 1) co the dang hack jetpack.
[2016/3/27 - 7:56:12] Tran Hung (ID 1) co the dang hack jetpack.
[2016/3/27 - 7:56:14] Tran Hung (ID 1) co the dang hack jetpack.
[2016/3/27 - 7:56:15] Tran Hung (ID 1) co the dang hack jetpack.
[2016/3/27 - 7:56:16] Tran Hung (ID 1) co the dang hack jetpack.
[2016/3/27 - 7:56:17] Tran Hung (ID 1) co the dang hack jetpack.
[2016/3/27 - 7:56:18] Tran Hung (ID 1) co the dang hack jetpack.
[2016/3/27 - 7:56:19] Tran Hung (ID 1) co the dang hack jetpack.
[2016/3/27 - 7:56:20] Tran Hung (ID 1) co the dang hack jetpack.
[2016/3/27 - 7:56:21] Tran Hung (ID 1) co the dang hack jetpack.
[2016/3/27 - 7:56:22] Tran Hung (ID 1) co the dang hack jetpack.
[2016/3/27 - 7:56:24] Tran Hung (ID 1) co the dang hack jetpack.
[2016/3/27 - 7:56:25] Tran Hung (ID 1) co the dang hack jetpack.
[2016/3/27 - 7:56:26] Tran Hung (ID 1) co the dang hack jetpack.
[2016/3/27 - 7:56:27] Tran Hung (ID 1) co the dang hack jetpack.
[2016/3/27 - 7:56:28] Tran Hung (ID 1) co the dang hack jetpack.
[2016/3/27 - 7:56:29] Tran Hung (ID 1) co the dang hack jetpack.
[2016/3/27 - 7:56:30] Tran Hung (ID 1) co the dang hack jetpack.
[2016/3/27 - 7:56:31] Tran Hung (ID 1) co the dang hack jetpack.
[2016/3/27 - 7:56:32] Tran Hung (ID 1) co the dang hack jetpack.
[2016/3/27 - 7:56:34] Tran Hung (ID 1) co the dang hack jetpack.
[2016/3/27 - 7:56:56] Tran Hung (ID 1) co the dang hack jetpack.
[2016/3/27 - 7:56:57] Tran Hung (ID 1) co the dang hack jetpack.
[2016/3/27 - 7:56:58] Tran Hung (ID 1) co the dang hack jetpack.
[2016/3/27 - 7:56:59] Tran Hung (ID 1) co the dang hack jetpack.
[2016/3/27 - 7:57:00] Tran Hung (ID 1) co the dang hack jetpack.
[2016/3/27 - 7:57:01] Tran Hung (ID 1) co the dang hack jetpack.
[2016/3/27 - 7:57:02] Tran Hung (ID 1) co the dang hack jetpack.
[2016/3/27 - 7:57:03] Tran Hung (ID 1) co the dang hack jetpack.
[2016/3/27 - 7:57:05] Tran Hung (ID 1) co the dang hack jetpack.
[2016/3/27 - 7:57:06] Tran Hung (ID 1) co the dang hack jetpack.
[2016/3/27 - 7:57:07] Tran Hung (ID 1) co the dang hack jetpack.
[2016/3/27 - 7:57:08] Tran Hung (ID 1) co the dang hack jetpack.
[2016/3/27 - 7:57:09] Tran Hung (ID 1) co the dang hack jetpack.
[2016/3/27 - 7:57:10] Tran Hung (ID 1) co the dang hack jetpack.
[2016/3/27 - 7:57:11] Tran Hung (ID 1) co the dang hack jetpack.
[2016/3/27 - 7:57:12] Tran Hung (ID 1) co the dang hack jetpack.
[2016/3/27 - 7:57:13] Tran Hung (ID 1) co the dang hack jetpack.
[2016/3/27 - 7:57:15] Tran Hung (ID 1) co the dang hack jetpack.
[2016/3/27 - 7:57:16] Tran Hung (ID 1) co the dang hack jetpack.
[2016/3/27 - 7:57:17] Tran Hung (ID 1) co the dang hack jetpack.
[2016/3/27 - 7:57:18] Tran Hung (ID 1) co the dang hack jetpack.
[2016/3/27 - 7:57:19] Tran Hung (ID 1) co the dang hack jetpack.
[2016/3/27 - 7:57:20] Tran Hung (ID 1) co the dang hack jetpack.
[2016/3/27 - 7:57:21] Tran Hung (ID 1) co the dang hack jetpack.
[2016/3/27 - 7:57:22] Tran Hung (ID 1) co the dang hack jetpack.
[2016/3/27 - 7:57:23] Tran Hung (ID 1) co the dang hack jetpack.
[2016/3/27 - 7:57:25] Tran Hung (ID 1) co the dang hack jetpack.
[2016/3/27 - 7:57:35] Tran Hung (ID 1) co the dang hack jetpack.
[2016/3/27 - 7:57:36] Tran Hung (ID 1) co the dang hack jetpack.
[2016/3/27 - 7:57:37] Tran Hung (ID 1) co the dang hack jetpack.
[2016/3/27 - 7:57:38] Tran Hung (ID 1) co the dang hack jetpack.
[2016/3/27 - 7:57:39] Tran Hung (ID 1) co the dang hack jetpack.
[2016/3/27 - 7:57:40] Tran Hung (ID 1) co the dang hack jetpack.
[2016/3/27 - 7:57:41] Tran Hung (ID 1) co the dang hack jetpack.
[2016/3/27 - 7:57:42] Tran Hung (ID 1) co the dang hack jetpack.
[2016/3/27 - 7:57:43] Tran Hung (ID 1) co the dang hack jetpack.
[2016/3/27 - 7:57:45] Tran Hung (ID 1) co the dang hack jetpack.
[2016/3/27 - 7:57:46] Tran Hung (ID 1) co the dang hack jetpack.
[2016/3/27 - 7:57:47] Tran Hung (ID 1) co the dang hack jetpack.
[2016/3/27 - 7:57:48] Tran Hung (ID 1) co the dang hack jetpack.
[2016/3/27 - 7:57:49] Tran Hung (ID 1) co the dang hack jetpack.
[2016/3/27 - 7:57:50] Tran Hung (ID 1) co the dang hack jetpack.
[2016/3/27 - 7:57:51] Tran Hung (ID 1) co the dang hack jetpack.
[2016/3/27 - 7:57:52] Tran Hung (ID 1) co the dang hack jetpack.
[2016/3/27 - 7:57:53] Tran Hung (ID 1) co the dang hack jetpack.
[2016/3/27 - 7:57:55] Tran Hung (ID 1) co the dang hack jetpack.
[2016/3/27 - 7:57:56] Tran Hung (ID 1) co the dang hack jetpack.
[2016/3/27 - 7:57:57] Tran Hung (ID 1) co the dang hack jetpack.
[2016/3/27 - 7:57:58] Tran Hung (ID 1) co the dang hack jetpack.
[2016/3/27 - 7:57:59] Tran Hung (ID 1) co the dang hack jetpack.
[2016/3/27 - 7:58:00] Tran Hung (ID 1) co the dang hack jetpack.
[2016/3/27 - 7:58:01] Tran Hung (ID 1) co the dang hack jetpack.
[2016/3/27 - 7:58:02] Tran Hung (ID 1) co the dang hack jetpack.
[2016/3/27 - 7:58:03] Tran Hung (ID 1) co the dang hack jetpack.
[2016/3/27 - 7:58:05] Tran Hung (ID 1) co the dang hack jetpack.
[2016/3/27 - 7:58:06] Tran Hung (ID 1) co the dang hack jetpack.
[2016/3/27 - 7:58:07] Tran Hung (ID 1) co the dang hack jetpack.
[2016/3/27 - 7:58:08] Tran Hung (ID 1) co the dang hack jetpack.
[2016/3/27 - 7:58:09] Tran Hung (ID 1) co the dang hack jetpack.
[2016/3/27 - 7:58:10] Tran Hung (ID 1) co the dang hack jetpack.
[2016/3/27 - 7:58:11] Tran Hung (ID 1) co the dang hack jetpack.
[2016/3/27 - 7:58:12] Tran Hung (ID 1) co the dang hack jetpack.
[2016/3/27 - 7:58:13] Tran Hung (ID 1) co the dang hack jetpack.
[2016/3/27 - 7:58:14] Tran Hung (ID 1) co the dang hack jetpack.
[2016/3/27 - 7:58:16] Tran Hung (ID 1) co the dang hack jetpack.
[2016/3/27 - 7:58:17] Tran Hung (ID 1) co the dang hack jetpack.
[2016/3/27 - 7:58:18] Tran Hung (ID 1) co the dang hack jetpack.
[2016/3/27 - 7:58:19] Tran Hung (ID 1) co the dang hack jetpack.
[2016/3/27 - 7:58:20] Tran Hung (ID 1) co the dang hack jetpack.
[2016/3/27 - 7:58:21] Tran Hung (ID 1) co the dang hack jetpack.
[2016/3/27 - 7:58:22] Tran Hung (ID 1) co the dang hack jetpack.
[2016/3/27 - 7:58:23] Tran Hung (ID 1) co the dang hack jetpack.
[2016/3/27 - 7:58:24] Tran Hung (ID 1) co the dang hack jetpack.
[2016/3/27 - 7:58:26] Tran Hung (ID 1) co the dang hack jetpack.
[2016/3/27 - 7:58:27] Tran Hung (ID 1) co the dang hack jetpack.
[2016/3/27 - 7:58:28] Tran Hung (ID 1) co the dang hack jetpack.
[2016/3/27 - 7:58:29] Tran Hung (ID 1) co the dang hack jetpack.
[2016/3/27 - 7:58:30] Tran Hung (ID 1) co the dang hack jetpack.
[2016/3/27 - 7:58:31] Tran Hung (ID 1) co the dang hack jetpack.
[2016/3/27 - 7:58:32] Tran Hung (ID 1) co the dang hack jetpack.
[2016/3/27 - 7:58:33] Tran Hung (ID 1) co the dang hack jetpack.
[2016/3/27 - 7:58:35] Tran Hung (ID 1) co the dang hack jetpack.
[2016/3/27 - 7:58:37] Tran Hung (ID 1) co the dang hack jetpack.
[2016/3/27 - 7:58:38] Tran Hung (ID 1) co the dang hack jetpack.
[2016/3/27 - 7:58:39] Tran Hung (ID 1) co the dang hack jetpack.
[2016/3/27 - 7:58:40] Tran Hung (ID 1) co the dang hack jetpack.
[2016/3/27 - 7:58:41] Tran Hung (ID 1) co the dang hack jetpack.
[2016/3/27 - 7:58:42] Tran Hung (ID 1) co the dang hack jetpack.
[2016/3/27 - 7:58:43] Tran Hung (ID 1) co the dang hack jetpack.
[2016/3/27 - 7:58:44] Tran Hung (ID 1) co the dang hack jetpack.
[2016/3/27 - 7:58:45] Tran Hung (ID 1) co the dang hack jetpack.
[2016/3/27 - 7:58:47] Tran Hung (ID 1) co the dang hack jetpack.
[2016/3/27 - 7:58:48] Tran Hung (ID 1) co the dang hack jetpack.
[2016/3/27 - 7:58:49] Tran Hung (ID 1) co the dang hack jetpack.
[2016/3/27 - 7:58:54] Tran Hung (ID 1) co the dang hack jetpack.
[2016/3/27 - 7:58:55] Tran Hung (ID 1) co the dang hack jetpack.
[2016/3/27 - 7:58:57] Tran Hung (ID 1) co the dang hack jetpack.
[2016/3/27 - 7:59:12] Tran Hung (ID 1) co the dang hack jetpack.
[2016/3/27 - 7:59:13] Tran Hung (ID 1) co the dang hack jetpack.
[2016/3/27 - 7:59:14] Tran Hung (ID 1) co the dang hack jetpack.
[2016/3/27 - 7:59:15] Tran Hung (ID 1) co the dang hack jetpack.
[2016/3/27 - 7:59:16] Tran Hung (ID 1) co the dang hack jetpack.
[2016/3/27 - 7:59:18] Tran Hung (ID 1) co the dang hack jetpack.
[2016/3/27 - 7:59:19] Tran Hung (ID 1) co the dang hack jetpack.
[2016/3/27 - 7:59:20] Tran Hung (ID 1) co the dang hack jetpack.
[2016/3/27 - 7:59:21] Tran Hung (ID 1) co the dang hack jetpack.
[2016/3/27 - 7:59:22] Tran Hung (ID 1) co the dang hack jetpack.
[2016/3/27 - 7:59:23] Tran Hung (ID 1) co the dang hack jetpack.
[2016/3/27 - 7:59:24] Tran Hung (ID 1) co the dang hack jetpack.
[2016/3/27 - 8:25:31] Tran Hung (ID 1) co the dang hack jetpack.
[2016/3/27 - 8:25:32] Tran Hung (ID 1) co the dang hack jetpack.
[2016/3/27 - 8:25:33] Tran Hung (ID 1) co the dang hack jetpack.
[2016/3/27 - 8:25:34] Tran Hung (ID 1) co the dang hack jetpack.
[2016/3/27 - 8:25:35] Tran Hung (ID 1) co the dang hack jetpack.
[2016/3/27 - 8:25:36] Tran Hung (ID 1) co the dang hack jetpack.
[2016/3/27 - 8:25:38] Tran Hung (ID 1) co the dang hack jetpack.
[2016/3/27 - 8:25:39] Tran Hung (ID 1) co the dang hack jetpack.
[2016/3/27 - 8:25:40] Tran Hung (ID 1) co the dang hack jetpack.
[2016/3/27 - 8:25:41] Tran Hung (ID 1) co the dang hack jetpack.
[2016/3/27 - 8:25:42] Tran Hung (ID 1) co the dang hack jetpack.
[2016/3/27 - 8:25:43] Tran Hung (ID 1) co the dang hack jetpack.
[2016/3/27 - 8:25:44] Tran Hung (ID 1) co the dang hack jetpack.
[2016/3/27 - 8:25:45] Tran Hung (ID 1) co the dang hack jetpack.
[2016/3/27 - 8:25:46] Tran Hung (ID 1) co the dang hack jetpack.
[2016/3/27 - 8:25:48] Tran Hung (ID 1) co the dang hack jetpack.
[2016/3/27 - 8:25:49] Tran Hung (ID 1) co the dang hack jetpack.
[2016/3/27 - 8:25:50] Tran Hung (ID 1) co the dang hack jetpack.
[2016/3/27 - 8:25:51] Tran Hung (ID 1) co the dang hack jetpack.
[2016/3/27 - 8:25:52] Tran Hung (ID 1) co the dang hack jetpack.
[2016/3/27 - 8:25:53] Tran Hung (ID 1) co the dang hack jetpack.
[2016/3/27 - 8:25:54] Tran Hung (ID 1) co the dang hack jetpack.
[2016/3/27 - 8:25:55] Tran Hung (ID 1) co the dang hack jetpack.
[2016/3/27 - 8:25:56] Tran Hung (ID 1) co the dang hack jetpack.
[2016/3/27 - 8:25:58] Tran Hung (ID 1) co the dang hack jetpack.
[2016/3/27 - 8:25:59] Tran Hung (ID 1) co the dang hack jetpack.
[2016/3/27 - 8:26:00] Tran Hung (ID 1) co the dang hack jetpack.
[2016/3/27 - 8:26:01] Tran Hung (ID 1) co the dang hack jetpack.
[2016/3/27 - 8:26:02] Tran Hung (ID 1) co the dang hack jetpack.
[2016/3/27 - 8:26:03] Tran Hung (ID 1) co the dang hack jetpack.
[2016/3/27 - 8:26:04] Tran Hung (ID 1) co the dang hack jetpack.
[2016/3/27 - 8:26:05] Tran Hung (ID 1) co the dang hack jetpack.
[2016/3/27 - 8:26:07] Tran Hung (ID 1) co the dang hack jetpack.
[2016/3/27 - 8:26:08] Tran Hung (ID 1) co the dang hack jetpack.
[2016/3/27 - 8:26:31] Tran Hung (ID 1) co the dang hack jetpack.
[2016/3/27 - 8:26:32] Tran Hung (ID 1) co the dang hack jetpack.
[2016/3/27 - 8:26:33] Tran Hung (ID 1) co the dang hack jetpack.
[2016/3/27 - 8:26:34] Tran Hung (ID 1) co the dang hack jetpack.
[2016/3/27 - 8:26:35] Tran Hung (ID 1) co the dang hack jetpack.
[2016/3/27 - 8:26:37] Tran Hung (ID 1) co the dang hack jetpack.
[2016/3/27 - 8:26:38] Tran Hung (ID 1) co the dang hack jetpack.
[2016/3/27 - 8:26:39] Tran Hung (ID 1) co the dang hack jetpack.
[2016/3/27 - 8:26:40] Tran Hung (ID 1) co the dang hack jetpack.
[2016/3/27 - 8:26:41] Tran Hung (ID 1) co the dang hack jetpack.
[2016/3/27 - 8:26:42] Tran Hung (ID 1) co the dang hack jetpack.
[2016/3/27 - 8:26:43] Tran Hung (ID 1) co the dang hack jetpack.
[2016/3/27 - 8:26:44] Tran Hung (ID 1) co the dang hack jetpack.
[2016/3/27 - 8:26:45] Tran Hung (ID 1) co the dang hack jetpack.
[2016/3/27 - 8:26:47] Tran Hung (ID 1) co the dang hack jetpack.
[2016/3/27 - 8:26:48] Tran Hung (ID 1) co the dang hack jetpack.
[2016/3/27 - 8:26:49] Tran Hung (ID 1) co the dang hack jetpack.
[2016/3/27 - 8:26:50] Tran Hung (ID 1) co the dang hack jetpack.
[2016/3/27 - 8:26:51] Tran Hung (ID 1) co the dang hack jetpack.
[2016/3/27 - 8:26:52] Tran Hung (ID 1) co the dang hack jetpack.
[2016/3/27 - 8:26:53] Tran Hung (ID 1) co the dang hack jetpack.
[2016/3/27 - 8:26:55] Tran Hung (ID 1) co the dang hack jetpack.
[2016/3/27 - 8:26:56] Tran Hung (ID 1) co the dang hack jetpack.
[2016/3/27 - 8:26:58] Tran Hung (ID 1) co the dang hack jetpack.
[2016/3/27 - 8:26:59] Tran Hung (ID 1) co the dang hack jetpack.
[2016/3/27 - 8:27:00] Tran Hung (ID 1) co the dang hack jetpack.
[2016/3/27 - 8:27:01] Tran Hung (ID 1) co the dang hack jetpack.
[2016/3/27 - 8:27:02] Tran Hung (ID 1) co the dang hack jetpack.
[2016/3/27 - 8:27:03] Tran Hung (ID 1) co the dang hack jetpack.
[2016/3/27 - 8:27:04] Tran Hung (ID 1) co the dang hack jetpack.
[2016/3/27 - 8:27:05] Tran Hung (ID 1) co the dang hack jetpack.
[2016/3/27 - 8:27:06] Tran Hung (ID 1) co the dang hack jetpack.
[2016/3/27 - 8:27:08] Tran Hung (ID 1) co the dang hack jetpack.
[2016/3/27 - 8:27:09] Tran Hung (ID 1) co the dang hack jetpack.
[2016/3/27 - 8:27:10] Tran Hung (ID 1) co the dang hack jetpack.
[2016/3/27 - 8:27:11] Tran Hung (ID 1) co the dang hack jetpack.
[2016/3/27 - 8:27:12] Tran Hung (ID 1) co the dang hack jetpack.
[2016/3/27 - 8:27:13] Tran Hung (ID 1) co the dang hack jetpack.
[2016/3/27 - 8:27:14] Tran Hung (ID 1) co the dang hack jetpack.
[2016/3/27 - 8:27:15] Tran Hung (ID 1) co the dang hack jetpack.
[2016/3/27 - 8:27:16] Tran Hung (ID 1) co the dang hack jetpack.
[2016/3/27 - 8:27:18] Tran Hung (ID 1) co the dang hack jetpack.
[2016/3/27 - 8:27:19] Tran Hung (ID 1) co the dang hack jetpack.
[2016/3/27 - 8:27:20] Tran Hung (ID 1) co the dang hack jetpack.
[2016/3/27 - 8:27:21] Tran Hung (ID 1) co the dang hack jetpack.
[2016/3/27 - 8:27:22] Tran Hung (ID 1) co the dang hack jetpack.
[2016/3/27 - 8:27:23] Tran Hung (ID 1) co the dang hack jetpack.
[2016/3/27 - 8:27:24] Tran Hung (ID 1) co the dang hack jetpack.
[2016/3/27 - 8:27:25] Tran Hung (ID 1) co the dang hack jetpack.
[2016/3/27 - 8:27:26] Tran Hung (ID 1) co the dang hack jetpack.
[2016/3/27 - 8:27:27] Tran Hung (ID 1) co the dang hack jetpack.
[2016/3/27 - 8:27:29] Tran Hung (ID 1) co the dang hack jetpack.
[2016/3/27 - 8:27:30] Tran Hung (ID 1) co the dang hack jetpack.
[2016/3/27 - 8:27:31] Tran Hung (ID 1) co the dang hack jetpack.
[2016/3/27 - 8:27:32] Tran Hung (ID 1) co the dang hack jetpack.
[2016/3/27 - 8:27:33] Tran Hung (ID 1) co the dang hack jetpack.
[2016/3/27 - 8:27:34] Tran Hung (ID 1) co the dang hack jetpack.
[2016/3/27 - 8:27:35] Tran Hung (ID 1) co the dang hack jetpack.
[2016/3/27 - 8:27:36] Tran Hung (ID 1) co the dang hack jetpack.
[2016/3/27 - 8:27:37] Tran Hung (ID 1) co the dang hack jetpack.
[2016/3/27 - 8:27:39] Tran Hung (ID 1) co the dang hack jetpack.
[2016/3/27 - 8:27:40] Tran Hung (ID 1) co the dang hack jetpack.
[2016/3/27 - 8:27:41] Tran Hung (ID 1) co the dang hack jetpack.
[2016/3/27 - 8:27:42] Tran Hung (ID 1) co the dang hack jetpack.
[2016/3/27 - 8:27:43] Tran Hung (ID 1) co the dang hack jetpack.
[2016/3/27 - 8:27:44] Tran Hung (ID 1) co the dang hack jetpack.
[2016/3/27 - 8:27:45] Tran Hung (ID 1) co the dang hack jetpack.
[2016/3/27 - 8:27:46] Tran Hung (ID 1) co the dang hack jetpack.
[2016/3/27 - 8:27:47] Tran Hung (ID 1) co the dang hack jetpack.
[2016/3/27 - 8:27:49] Tran Hung (ID 1) co the dang hack jetpack.
[2016/3/27 - 8:27:50] Tran Hung (ID 1) co the dang hack jetpack.
[2016/3/27 - 8:27:51] Tran Hung (ID 1) co the dang hack jetpack.
[2016/3/27 - 8:27:52] Tran Hung (ID 1) co the dang hack jetpack.
[2016/3/27 - 8:27:53] Tran Hung (ID 1) co the dang hack jetpack.
[2016/3/27 - 8:27:54] Tran Hung (ID 1) co the dang hack jetpack.
[2016/3/27 - 8:28:01] Tran Hung (ID 1) co the dang hack jetpack.
[2016/3/27 - 8:28:02] Tran Hung (ID 1) co the dang hack jetpack.
[2016/3/27 - 8:28:03] Tran Hung (ID 1) co the dang hack jetpack.
[2016/3/27 - 8:28:04] Tran Hung (ID 1) co the dang hack jetpack.
[2016/3/27 - 8:28:05] Tran Hung (ID 1) co the dang hack jetpack.
[2016/3/27 - 8:28:06] Tran Hung (ID 1) co the dang hack jetpack.
[2016/3/27 - 8:28:07] Tran Hung (ID 1) co the dang hack jetpack.
[2016/3/27 - 8:28:08] Tran Hung (ID 1) co the dang hack jetpack.
[2016/3/27 - 8:28:10] Tran Hung (ID 1) co the dang hack jetpack.
[2016/3/27 - 8:28:11] Tran Hung (ID 1) co the dang hack jetpack.
[2016/3/27 - 8:28:12] Tran Hung (ID 1) co the dang hack jetpack.
[2016/3/27 - 8:28:13] Tran Hung (ID 1) co the dang hack jetpack.
[2016/3/27 - 8:28:14] Tran Hung (ID 1) co the dang hack jetpack.
[2016/3/27 - 8:28:15] Tran Hung (ID 1) co the dang hack jetpack.
[2016/3/27 - 8:30:41] Tran Hung (ID 1) co the dang hack jetpack.
[2016/3/27 - 8:30:42] Tran Hung (ID 1) co the dang hack jetpack.
[2016/3/27 - 8:30:43] Tran Hung (ID 1) co the dang hack jetpack.
[2016/3/27 - 8:30:45] Tran Hung (ID 1) co the dang hack jetpack.
[2016/3/27 - 8:30:46] Tran Hung (ID 1) co the dang hack jetpack.
[2016/3/27 - 8:30:47] Tran Hung (ID 1) co the dang hack jetpack.
[2016/3/27 - 8:30:48] Tran Hung (ID 1) co the dang hack jetpack.
[2016/3/27 - 8:30:49] Tran Hung (ID 1) co the dang hack jetpack.
[2016/3/27 - 8:30:50] Tran Hung (ID 1) co the dang hack jetpack.
[2016/3/27 - 8:30:51] Tran Hung (ID 1) co the dang hack jetpack.
[2016/3/27 - 8:30:52] Tran Hung (ID 1) co the dang hack jetpack.
[2016/3/27 - 8:30:53] Tran Hung (ID 1) co the dang hack jetpack.
[2016/3/27 - 8:30:55] Tran Hung (ID 1) co the dang hack jetpack.
[2016/3/27 - 8:30:56] Tran Hung (ID 1) co the dang hack jetpack.
[2016/3/27 - 8:30:57] Tran Hung (ID 1) co the dang hack jetpack.
[2016/3/27 - 8:30:58] Tran Hung (ID 1) co the dang hack jetpack.
[2016/3/27 - 8:30:59] Tran Hung (ID 1) co the dang hack jetpack.
[2016/3/27 - 8:31:00] Tran Hung (ID 1) co the dang hack jetpack.
[2016/3/27 - 8:31:01] Tran Hung (ID 1) co the dang hack jetpack.
[2016/3/27 - 8:31:02] Tran Hung (ID 1) co the dang hack jetpack.
[2016/3/27 - 8:31:03] Tran Hung (ID 1) co the dang hack jetpack.
[2016/3/27 - 8:31:05] Tran Hung (ID 1) co the dang hack jetpack.
[2016/3/27 - 8:31:06] Tran Hung (ID 1) co the dang hack jetpack.
[2016/3/27 - 8:31:07] Tran Hung (ID 1) co the dang hack jetpack.
[2016/3/27 - 8:31:08] Tran Hung (ID 1) co the dang hack jetpack.
[2016/3/27 - 8:31:09] Tran Hung (ID 1) co the dang hack jetpack.
[2016/3/27 - 8:31:10] Tran Hung (ID 1) co the dang hack jetpack.
[2016/3/27 - 8:31:11] Tran Hung (ID 1) co the dang hack jetpack.
[2016/3/27 - 8:31:12] Tran Hung (ID 1) co the dang hack jetpack.
[2016/3/27 - 8:31:13] Tran Hung (ID 1) co the dang hack jetpack.
[2016/3/27 - 8:31:14] Tran Hung (ID 1) co the dang hack jetpack.
[2016/3/27 - 8:31:16] Tran Hung (ID 1) co the dang hack jetpack.
[2016/3/27 - 8:31:17] Tran Hung (ID 1) co the dang hack jetpack.
[2016/3/27 - 8:31:18] Tran Hung (ID 1) co the dang hack jetpack.
[2016/3/27 - 8:31:19] Tran Hung (ID 1) co the dang hack jetpack.
[2016/3/27 - 8:31:20] Tran Hung (ID 1) co the dang hack jetpack.
[2016/3/27 - 8:31:21] Tran Hung (ID 1) co the dang hack jetpack.
[2016/3/27 - 8:31:22] Tran Hung (ID 1) co the dang hack jetpack.
[2016/3/27 - 8:31:23] Tran Hung (ID 1) co the dang hack jetpack.
[2016/3/27 - 8:31:24] Tran Hung (ID 1) co the dang hack jetpack.
[2016/3/27 - 8:31:26] Tran Hung (ID 1) co the dang hack jetpack.
[2016/3/27 - 8:31:27] Tran Hung (ID 1) co the dang hack jetpack.
[2016/3/27 - 8:34:42] Tran Hung (ID 1) co the dang hack jetpack.
[2016/3/27 - 8:34:43] Tran Hung (ID 1) co the dang hack jetpack.
[2016/3/27 - 8:34:44] Tran Hung (ID 1) co the dang hack jetpack.
[2016/3/27 - 8:34:45] Tran Hung (ID 1) co the dang hack jetpack.
[2016/3/27 - 8:34:46] Tran Hung (ID 1) co the dang hack jetpack.
[2016/3/27 - 8:34:47] Tran Hung (ID 1) co the dang hack jetpack.
[2016/3/27 - 8:34:48] Tran Hung (ID 1) co the dang hack jetpack.
[2016/3/27 - 8:34:49] Tran Hung (ID 1) co the dang hack jetpack.
[2016/3/27 - 8:34:51] Tran Hung (ID 1) co the dang hack jetpack.
[2016/3/27 - 8:34:52] Tran Hung (ID 1) co the dang hack jetpack.
[2016/3/27 - 8:34:53] Tran Hung (ID 1) co the dang hack jetpack.
[2016/3/27 - 8:34:54] Tran Hung (ID 1) co the dang hack jetpack.
[2016/3/27 - 8:34:55] Tran Hung (ID 1) co the dang hack jetpack.
[2016/3/27 - 8:34:56] Tran Hung (ID 1) co the dang hack jetpack.
[2016/3/27 - 8:34:57] Tran Hung (ID 1) co the dang hack jetpack.
[2016/3/27 - 8:34:58] Tran Hung (ID 1) co the dang hack jetpack.
[2016/3/27 - 8:34:59] Tran Hung (ID 1) co the dang hack jetpack.
[2016/3/27 - 8:35:01] Tran Hung (ID 1) co the dang hack jetpack.
[2016/3/27 - 8:35:02] Tran Hung (ID 1) co the dang hack jetpack.
[2016/3/27 - 8:35:03] Tran Hung (ID 1) co the dang hack jetpack.
[2016/3/27 - 8:35:04] Tran Hung (ID 1) co the dang hack jetpack.
[2016/3/27 - 8:54:41] nice law (ID 4) co the dang hack giap. (Recorded: 41.000000 - Current: 42.000000) (1)
[2016/3/27 - 9:00:15] Don Juan (ID 17) co the dang hack giap. (Recorded: 70.000000 - Current: 71.000000) (1)
