[2016/3/19 - 19:45:10]    BOSS Wililam's Materials have been set to 2. by BOSS Wililam
[2016/3/19 - 19:45:11]    BOSS Wililam's Materials have been set to 21. by BOSS Wililam
[2016/3/19 - 19:45:26]    BOSS Wililam's Materials have been set to 21. by BOSS Wililam
[2016/3/19 - 19:45:35]    BOSS Wililam's Level has been set to 21. by BOSS Wililam
[2016/3/19 - 21:15:02] Nguyen ThanhDat changed Nguyen_ThanhDat's name to Anh_Da_Den
[2016/3/19 - 21:34:50] Harvey Drake changed Harvey_Drake's name to Anh_Da_Trang
[2016/3/19 - 21:51:35] Anh Da Den has given Anh Da Den $9,999,999 (/givemoney)
[2016/3/19 - 21:51:37] Anh Da Den has given Anh Da Den $99,999,999 (/givemoney)
[2016/3/19 - 22:02:08] Anh Da Den changed Anh_Da_Den's name to Nguyen_ThanhDat
[2016/3/19 - 22:40:44]    Nguyen ThanhDat's Level has been set to 2. by Nguyen ThanhDat
[2016/3/19 - 22:41:53]    Nguyen ThanhDat's Playing Hours have been set to 2. by Nguyen ThanhDat
[2016/3/20 - 11:38:37]    Phi Gaming's Playing Hours have been set to 2. by Phi Gaming
[2016/3/20 - 11:38:41]    Phi Gaming's Playing Hours have been set to 5. by Phi Gaming
[2016/3/20 - 12:19:33] Phi Gaming has given Phi Gaming $20,000,000 (/givemoney)
[2016/3/20 - 16:04:57] Anh Da Trang changed Anh_Da_Trang's name to Harvey_Drake
[2016/3/20 - 16:27:14]    Duy LaTao's Playing Hours have been set to 2. by Harvey Drake
[2016/3/20 - 16:29:44] Harvey Drake changed Duy_LaTao's name to Alex_Mio
[2016/3/25 - 18:41:21]    Nguyen ThanhDat's Level has been set to 5. by Nguyen ThanhDat
[2016/3/25 - 18:45:23]    Nguyen ThanhDat's Level has been set to 1. by Nguyen ThanhDat
[2016/3/25 - 19:16:42]    Aria Pirates's Playing Hours have been set to 2. by Nguyen ThanhDat
[2016/3/25 - 19:16:44]    Jame Nicolas's Playing Hours have been set to 2. by Nguyen ThanhDat
[2016/3/25 - 20:07:34] Bin LaTao thay doi ten "Louis An"s thanh "An_LaTao" (id: 3922) voi gia $15000
[2016/3/25 - 20:43:24] Bin LaTao has given Bin LaTao $20,000,000 (/givemoney)
[2016/3/25 - 20:52:48] Bin LaTao has given Bin LaTao $500,000 (/givemoney)
[2016/3/25 - 21:26:35]    Nguyen ThanhDat's Playing Hours have been set to 2. by Nguyen ThanhDat
[2016/3/25 - 21:45:19] Yuuki Asuna changed ThinH_NguyeN's name to Akat_Suki
[2016/3/25 - 22:12:22] Bin LaTao has given Bin LaTao $20,000,000 (/givemoney)
[2016/3/26 - 9:37:03]    Nghi Vip's Playing Hours have been set to 2. by Nguyen ThanhDat
[2016/3/26 - 10:12:10]    Kaiz Ewarns's Playing Hours have been set to 2. by Nguyen ThanhDat
[2016/3/26 - 10:14:29]    David Khanh's Playing Hours have been set to 2. by Nguyen ThanhDat
[2016/3/26 - 11:21:08] Yuuki Asuna thay doi ten "Hoai Rins"s thanh "Nicky_Boy" (id: 3961) voi gia $15000
[2016/3/26 - 11:46:36] Yuuki Asuna has given Battle Binz $500,000 (/givemoney)
[2016/3/26 - 11:54:13]    Nguyen ThanhDat's Crack has been set to 100. by Nguyen ThanhDat
[2016/3/26 - 13:12:45] Yuuki Asuna changed Yuuki_Asuna's name to Jhin_Trol
[2016/3/26 - 13:13:57] Jhin Trol changed Jhin_Trol's name to Yuuki_Asuna
[2016/3/26 - 14:18:46] Bin LaTao changed Bin_LaTao's name to Binn_CHivas
[2016/3/26 - 14:18:58] Binn CHivas changed Binn_CHivas's name to Binn_Chivass
[2016/3/26 - 14:19:02] Binn Chivass changed Binn_Chivass's name to Binn_Chivas
[2016/3/26 - 14:55:20] Binn Chivas changed Binn_Chivas's name to Bin_LaTao
[2016/3/26 - 14:57:56] Bin LaTao changed Bin_LaTao's name to Karik
[2016/3/26 - 15:31:17] Karik has given hong thai $1,000,000 (/givemoney)
[2016/3/26 - 16:03:43] Karik has given Jamer Laster $500,000 (/givemoney)
[2016/3/26 - 16:08:10] Karik has given Karik $150,000 (/givemoney)
[2016/3/26 - 16:08:17] Karik has given Karik $150,000 (/givemoney)
[2016/3/26 - 16:08:22] Karik has given Karik $150,000 (/givemoney)
[2016/3/26 - 16:08:23] Karik has given Karik $150,000 (/givemoney)
[2016/3/26 - 16:12:47] Karik has given Thanh Duong $2,000,000 (/givemoney)
[2016/3/26 - 16:16:33] Karik changed Karik's name to Bin_LaTao
[2016/3/26 - 16:20:28] Bin LaTao changed Bin_LaTao's name to Karik
[2016/3/26 - 16:25:18] Karik changed Thanh_Duong's name to Wowy
[2016/3/26 - 16:52:18] Karik has given Jamer Laster $1,000,000 (/givemoney)
[2016/3/26 - 16:55:37] Karik has given Jamer Laster $100,000 (/givemoney)
[2016/3/26 - 16:59:48] Karik has given Jamer Laster $500,000 (/givemoney)
[2016/3/26 - 17:01:52] Karik has given Akat Suki $2,000,000 (/givemoney)
[2016/3/26 - 17:13:07] Karik changed Jamer_Laster's name to Cho_Dien
[2016/3/26 - 17:13:52] Karik changed Cho_Dien's name to Nal_LaTao
[2016/3/26 - 17:14:29] Karik changed Nal_LaTao's name to Jamer_Laster
[2016/3/26 - 17:21:02] Karik changed Karik's name to Bin_LaTao
[2016/3/26 - 17:44:32] Kidz Jameson thay doi ten "Shadow King"s thanh "Tran_Hung" (id: 3993) voi gia $15000
[2016/3/26 - 18:12:08] Nguyen ThanhDat has given Frozen Ngoc $3,000,000 (/givemoney)
[2016/3/26 - 18:12:16]    Frozen Ngoc's Level has been set to 5. by Nguyen ThanhDat
[2016/3/26 - 18:12:46] Nguyen ThanhDat has given Frozen Ngoc $500,000 (/givemoney)
[2016/4/1 - 19:55:57]    Nguyen ThanhDat's Playing Hours have been set to 2. by Nguyen ThanhDat
[2016/4/1 - 19:57:13]    Harvey Drake's Playing Hours have been set to 2. by Nguyen ThanhDat
[2016/4/1 - 20:34:12]    Mike Pin's Playing Hours have been set to 2. by Mike Pin
[2016/11/20 - 15:57:27]    Nguyen ThanhDat's Level has been set to 1. by Nguyen ThanhDat
[2018/8/15 - 13:24:57] khoidep trai changed khoidep_trai's name to 2
[2018/8/15 - 13:25:10] 2 changed 2's name to Sky_oi
[2018/8/15 - 13:55:27]    Sky oi's Playing Hours have been set to 5. by Sky oi
[2018/8/15 - 18:09:40] Dawkin Nguyen changed naruse_shou's name to n
[2018/8/15 - 18:09:45] Dawkin Nguyen changed n's name to Naruse_Shou
[2018/8/15 - 18:35:23]    Dawkin Nguyen's Level has been set to 999. by Dawkin Nguyen
[2023/7/14 - 13:59:01] Khoi Nguyenz da dieu chinh tien Khoi Nguyenz's thanh $1 (/setmoney)
