[2016/3/25 - 20:40:55] [TOYSLOAD] [User: Hoang Thien(3930)] [Toy Model ID: 19080] [Toy ID]
[2016/3/25 - 22:08:29] [TOYSLOAD] [User: Bin LaTao(8)] [Toy Model ID: 18965] [Toy ID]
[2016/3/25 - 22:08:29] [TOYSLOAD] [User: Bin LaTao(8)] [Toy Model ID: 3044] [Toy ID]
[2016/3/26 - 13:27:05] [TOYSLOAD] [User: Bin LaTao(8)] [Toy Model ID: 18965] [Toy ID]
[2016/3/26 - 13:27:05] [TOYSLOAD] [User: Bin LaTao(8)] [Toy Model ID: 3044] [Toy ID]
[2016/3/26 - 13:38:38] [TOYSLOAD] [User: Bin LaTao(8)] [Toy Model ID: 18965] [Toy ID]
[2016/3/26 - 13:38:38] [TOYSLOAD] [User: Bin LaTao(8)] [Toy Model ID: 3044] [Toy ID]
[2016/3/26 - 15:43:18] [TOYSLOAD] [User: Hoang Thien(3930)] [Toy Model ID: 19080] [Toy ID]
[2016/3/26 - 15:43:18] [TOYSLOAD] [User: Hoang Thien(3930)] [Toy Model ID: 18642] [Toy ID]
[2016/3/26 - 15:43:18] [TOYSLOAD] [User: Hoang Thien(3930)] [Toy Model ID: 19142] [Toy ID]
[2016/3/27 - 7:00:39] [TOYSLOAD] [User: BitTer Cuong(4062)] [Toy Model ID: 1550] [Toy ID]
[2016/3/27 - 7:00:39] [TOYSLOAD] [User: BitTer Cuong(4062)] [Toy Model ID: 356] [Toy ID]
[2016/3/27 - 7:00:39] [TOYSLOAD] [User: BitTer Cuong(4062)] [Toy Model ID: 19515] [Toy ID]
[2016/3/27 - 7:00:39] [TOYSLOAD] [User: BitTer Cuong(4062)] [Toy Model ID: 335] [Toy ID]
[2016/3/27 - 7:00:39] [TOYSLOAD] [User: BitTer Cuong(4062)] [Toy Model ID: 18636] [Toy ID]
[2016/3/27 - 7:00:39] [TOYSLOAD] [User: BitTer Cuong(4062)] [Toy Model ID: 355] [Toy ID]
[2016/3/27 - 7:00:39] [TOYSLOAD] [User: BitTer Cuong(4062)] [Toy Model ID: 355] [Toy ID]
[2016/3/27 - 7:56:21] [TOYSLOAD] [User: BitTer Cuong(4062)] [Toy Model ID: 1550] [Toy ID]
[2016/3/27 - 7:56:21] [TOYSLOAD] [User: BitTer Cuong(4062)] [Toy Model ID: 356] [Toy ID]
[2016/3/27 - 7:56:21] [TOYSLOAD] [User: BitTer Cuong(4062)] [Toy Model ID: 335] [Toy ID]
[2016/3/27 - 7:56:21] [TOYSLOAD] [User: BitTer Cuong(4062)] [Toy Model ID: 18636] [Toy ID]
[2016/3/27 - 7:56:21] [TOYSLOAD] [User: BitTer Cuong(4062)] [Toy Model ID: 355] [Toy ID]
[2016/3/27 - 7:56:21] [TOYSLOAD] [User: BitTer Cuong(4062)] [Toy Model ID: 355] [Toy ID]
[2016/3/27 - 7:56:21] [TOYSLOAD] [User: BitTer Cuong(4062)] [Toy Model ID: 18643] [Toy ID]
[2016/3/27 - 7:56:21] [TOYSLOAD] [User: BitTer Cuong(4062)] [Toy Model ID: 18643] [Toy ID]
[2016/3/27 - 7:56:21] [TOYSLOAD] [User: BitTer Cuong(4062)] [Toy Model ID: 19142] [Toy ID]
[2016/3/27 - 7:56:21] [TOYSLOAD] [User: BitTer Cuong(4062)] [Toy Model ID: 18643] [Toy ID]
[2016/3/27 - 8:17:51] [TOYSLOAD] [User: BitTer Cuong(4062)] [Toy Model ID: 1550] [Toy ID]
[2016/3/27 - 8:17:51] [TOYSLOAD] [User: BitTer Cuong(4062)] [Toy Model ID: 356] [Toy ID]
[2016/3/27 - 8:17:51] [TOYSLOAD] [User: BitTer Cuong(4062)] [Toy Model ID: 335] [Toy ID]
[2016/3/27 - 8:17:51] [TOYSLOAD] [User: BitTer Cuong(4062)] [Toy Model ID: 18636] [Toy ID]
[2016/3/27 - 8:17:51] [TOYSLOAD] [User: BitTer Cuong(4062)] [Toy Model ID: 355] [Toy ID]
[2016/3/27 - 8:17:51] [TOYSLOAD] [User: BitTer Cuong(4062)] [Toy Model ID: 355] [Toy ID]
[2016/3/27 - 8:17:51] [TOYSLOAD] [User: BitTer Cuong(4062)] [Toy Model ID: 18643] [Toy ID]
[2016/3/27 - 8:17:51] [TOYSLOAD] [User: BitTer Cuong(4062)] [Toy Model ID: 19142] [Toy ID]
[2016/3/27 - 8:27:41] [TOYSLOAD] [User: BitTer Cuong(4062)] [Toy Model ID: 1550] [Toy ID]
[2016/3/27 - 8:27:41] [TOYSLOAD] [User: BitTer Cuong(4062)] [Toy Model ID: 356] [Toy ID]
[2016/3/27 - 8:27:41] [TOYSLOAD] [User: BitTer Cuong(4062)] [Toy Model ID: 335] [Toy ID]
[2016/3/27 - 8:27:41] [TOYSLOAD] [User: BitTer Cuong(4062)] [Toy Model ID: 18636] [Toy ID]
[2016/3/27 - 8:27:41] [TOYSLOAD] [User: BitTer Cuong(4062)] [Toy Model ID: 355] [Toy ID]
[2016/3/27 - 8:27:41] [TOYSLOAD] [User: BitTer Cuong(4062)] [Toy Model ID: 355] [Toy ID]
[2016/3/27 - 8:27:41] [TOYSLOAD] [User: BitTer Cuong(4062)] [Toy Model ID: 18643] [Toy ID]
[2016/3/27 - 8:27:41] [TOYSLOAD] [User: BitTer Cuong(4062)] [Toy Model ID: 19142] [Toy ID]
[2016/3/27 - 9:06:23] [TOYSLOAD] [User: BitTer Cuong(4062)] [Toy Model ID: 1550] [Toy ID]
[2016/3/27 - 9:06:23] [TOYSLOAD] [User: BitTer Cuong(4062)] [Toy Model ID: 356] [Toy ID]
[2016/3/27 - 9:06:23] [TOYSLOAD] [User: BitTer Cuong(4062)] [Toy Model ID: 335] [Toy ID]
[2016/3/27 - 9:06:23] [TOYSLOAD] [User: BitTer Cuong(4062)] [Toy Model ID: 18636] [Toy ID]
[2016/3/27 - 9:06:23] [TOYSLOAD] [User: BitTer Cuong(4062)] [Toy Model ID: 355] [Toy ID]
[2016/3/27 - 9:06:23] [TOYSLOAD] [User: BitTer Cuong(4062)] [Toy Model ID: 355] [Toy ID]
[2016/3/27 - 9:06:23] [TOYSLOAD] [User: BitTer Cuong(4062)] [Toy Model ID: 18643] [Toy ID]
[2016/3/27 - 9:06:23] [TOYSLOAD] [User: BitTer Cuong(4062)] [Toy Model ID: 19142] [Toy ID]
[2018/8/15 - 13:18:34] [TOYSLOAD] [User: Dawkin Nguyen(10)] [Toy Model ID: 19306] [Toy ID]
[2018/8/15 - 13:18:34] [TOYSLOAD] [User: Dawkin Nguyen(10)] [Toy Model ID: 1247] [Toy ID]
[2018/8/15 - 13:23:23] [TOYSLOAD] [User: Dawkin Nguyen(10)] [Toy Model ID: 19306] [Toy ID]
[2018/8/15 - 13:23:23] [TOYSLOAD] [User: Dawkin Nguyen(10)] [Toy Model ID: 1247] [Toy ID]
[2018/8/15 - 15:40:32] [TOYSLOAD] [User: Dawkin Nguyen(10)] [Toy Model ID: 19306] [Toy ID]
[2018/8/15 - 15:40:32] [TOYSLOAD] [User: Dawkin Nguyen(10)] [Toy Model ID: 1247] [Toy ID]
[2018/8/15 - 15:49:42] [TOYSLOAD] [User: Dawkin Nguyen(10)] [Toy Model ID: 19306] [Toy ID]
[2018/8/15 - 15:49:42] [TOYSLOAD] [User: Dawkin Nguyen(10)] [Toy Model ID: 1247] [Toy ID]
[2018/8/15 - 15:51:30] [TOYSLOAD] [User: Dawkin Nguyen(10)] [Toy Model ID: 19306] [Toy ID]
[2018/8/15 - 15:51:30] [TOYSLOAD] [User: Dawkin Nguyen(10)] [Toy Model ID: 1247] [Toy ID]
[2018/8/15 - 17:46:27] [TOYSLOAD] [User: Dawkin Nguyen(10)] [Toy Model ID: 19306] [Toy ID]
[2018/8/15 - 17:46:27] [TOYSLOAD] [User: Dawkin Nguyen(10)] [Toy Model ID: 1247] [Toy ID]
[2018/8/15 - 17:56:53] [TOYSLOAD] [User: Dawkin Nguyen(10)] [Toy Model ID: 19306] [Toy ID]
[2018/8/15 - 17:56:53] [TOYSLOAD] [User: Dawkin Nguyen(10)] [Toy Model ID: 1247] [Toy ID]
[2018/8/15 - 18:03:58] [TOYSLOAD] [User: naruse shou(11)] [Toy Model ID: 19274] [Toy ID]
[2018/8/15 - 18:04:04] [TOYSLOAD] [User: Dawkin Nguyen(10)] [Toy Model ID: 19306] [Toy ID]
[2018/8/15 - 18:04:04] [TOYSLOAD] [User: Dawkin Nguyen(10)] [Toy Model ID: 1247] [Toy ID]
[2018/8/15 - 18:07:51] [TOYSLOAD] [User: naruse shou(11)] [Toy Model ID: 19274] [Toy ID]
[2018/8/15 - 18:07:59] [TOYSLOAD] [User: Dawkin Nguyen(10)] [Toy Model ID: 19306] [Toy ID]
[2018/8/15 - 18:07:59] [TOYSLOAD] [User: Dawkin Nguyen(10)] [Toy Model ID: 1247] [Toy ID]
