[2016/3/25 - 20:28:52] [VEHICLESAVE] [User: Battle Binz(6)] [Model: 405] [Vehicle ID: 1]
[2016/3/25 - 20:30:52] [VEHICLESAVE] [User: Battle Luan(7)] [Model: 540] [Vehicle ID: 2]
[2016/3/25 - 20:32:28] [VEHICLESAVE] [User: Battle Minh(3918)] [Model: 540] [Vehicle ID: 3]
[2016/3/25 - 20:32:32] [VEHICLESAVE] [User: Battle Binz(6)] [Model: 405] [Vehicle ID: 1]
[2016/3/25 - 20:32:53] [VEHICLESAVE] [User: Battle Minh(3918)] [Model: 540] [Vehicle ID: 3]
[2016/3/25 - 20:32:53] [VEHICLESAVE] [User: Battle Minh(3918)] [Model: 540] [Vehicle ID: 3]
[2016/3/25 - 20:34:20] [VEHICLESAVE] [User: Battle Luan(7)] [Model: 540] [Vehicle ID: 2]
[2016/3/25 - 20:35:08] [VEHICLESAVE] [User: Battle Minh(3918)] [Model: 540] [Vehicle ID: 3]
[2016/3/25 - 20:35:29] [VEHICLESAVE] [User: Battle Minh(3918)] [Model: 540] [Vehicle ID: 3]
[2016/3/25 - 20:42:37] [VEHICLESAVE] [User: Battle Luan(7)] [Model: 540] [Vehicle ID: 2]
[2016/3/25 - 20:42:37] [VEHICLESAVE] [User: Battle Luan(7)] [Model: 540] [Vehicle ID: 2]
[2016/3/25 - 20:42:49] [VEHICLESAVE] [User: Battle Luan(7)] [Model: 540] [Vehicle ID: 2]
[2016/3/25 - 20:42:51] [VEHICLESAVE] [User: Battle Minh(3918)] [Model: 540] [Vehicle ID: 3]
[2016/3/25 - 20:44:32] [VEHICLELOAD] [User: Battle Minh(3918)] [Model: 540] [Vehicle ID: 3]
[2016/3/25 - 20:45:56] [VEHICLESAVE] [User: Battle Minh(3918)] [Model: 540] [Vehicle ID: 3]
[2016/3/25 - 20:50:37] [VEHICLESAVE] [User: Battle Minh(3918)] [Model: 540] [Vehicle ID: 3]
[2016/3/25 - 20:52:53] [VEHICLESAVE] [User: Bin LaTao(8)] [Model: 510] [Vehicle ID: 4]
[2016/3/25 - 21:05:40] [VEHICLESAVE] [User: Jamer LasKun(3933)] [Model: 470] [Vehicle ID: 5]
[2016/3/25 - 21:05:49] [VEHICLESAVE] [User: Jamer LasKun(3933)] [Model: 470] [Vehicle ID: 5]
[2016/3/25 - 21:05:49] [VEHICLESAVE] [User: Jamer LasKun(3933)] [Model: 470] [Vehicle ID: 5]
[2016/3/25 - 21:06:06] [VEHICLESAVE] [User: Jamer LasKun(3933)] [Model: 470] [Vehicle ID: 5]
[2016/3/25 - 22:08:29] [VEHICLELOAD] [User: Bin LaTao(8)] [Model: 510] [Vehicle ID: 4]
[2016/3/26 - 7:26:18] [VEHICLELOAD] [User: Battle Minh(3918)] [Model: 540] [Vehicle ID: 3]
[2016/3/26 - 7:37:56] [VEHICLESAVE] [User: Battle Minh(3918)] [Model: 463] [Vehicle ID: 6]
[2016/3/26 - 7:39:14] [VEHICLESAVE] [User: Battle Minh(3918)] [Model: 463] [Vehicle ID: 6]
[2016/3/26 - 7:39:14] [VEHICLESAVE] [User: Battle Minh(3918)] [Model: 463] [Vehicle ID: 6]
[2016/3/26 - 7:48:03] [VEHICLESAVE] [User: Battle Minh(3918)] [Model: 463] [Vehicle ID: 6]
[2016/3/26 - 8:47:36] [VEHICLELOAD] [User: Jamer LasKun(3933)] [Model: 470] [Vehicle ID: 5]
[2016/3/26 - 9:33:22] [VEHICLELOAD] [User: Battle Minh(3918)] [Model: 540] [Vehicle ID: 3]
[2016/3/26 - 9:33:22] [VEHICLELOAD] [User: Battle Minh(3918)] [Model: 463] [Vehicle ID: 6]
[2016/3/26 - 9:35:18] [VEHICLELOAD] [User: Battle Minh(3918)] [Model: 540] [Vehicle ID: 3]
[2016/3/26 - 9:35:18] [VEHICLELOAD] [User: Battle Minh(3918)] [Model: 463] [Vehicle ID: 6]
[2016/3/26 - 9:41:26] [VEHICLESAVE] [User: Battle Minh(3918)] [Model: 540] [Vehicle ID: 3]
[2016/3/26 - 9:42:12] [VEHICLESAVE] [User: Battle Minh(3918)] [Model: 540] [Vehicle ID: 3]
[2016/3/26 - 9:51:41] [VEHICLESAVE] [User: Battle Minh(3918)] [Model: 463] [Vehicle ID: 6]
[2016/3/26 - 9:53:40] [VEHICLESAVE] [User: Battle Hao(3946)] [Model: 521] [Vehicle ID: 7]
[2016/3/26 - 10:03:35] [VEHICLESAVE] [User: Battle Minh(3918)] [Model: 540] [Vehicle ID: 3]
[2016/3/26 - 10:03:38] [VEHICLESAVE] [User: Battle Minh(3918)] [Model: 540] [Vehicle ID: 3]
[2016/3/26 - 10:03:39] [VEHICLESAVE] [User: Battle Minh(3918)] [Model: 463] [Vehicle ID: 6]
[2016/3/26 - 10:13:59] [VEHICLESAVE] [User: Battle Minh(3918)] [Model: 540] [Vehicle ID: 3]
[2016/3/26 - 10:20:28] [VEHICLESAVE] [User: Battle Minh(3918)] [Model: 540] [Vehicle ID: 3]
[2016/3/26 - 10:57:02] [VEHICLELOAD] [User: Battle Minh(3918)] [Model: 540] [Vehicle ID: 3]
[2016/3/26 - 10:57:02] [VEHICLELOAD] [User: Battle Minh(3918)] [Model: 463] [Vehicle ID: 6]
[2016/3/26 - 11:00:22] [VEHICLELOAD] [User: Battle Luan(7)] [Model: 540] [Vehicle ID: 2]
[2016/3/26 - 11:03:12] [VEHICLESAVE] [User: Battle Luan(7)] [Model: 411] [Vehicle ID: 8]
[2016/3/26 - 11:07:01] [VEHICLELOAD] [User: Battle Minh(3918)] [Model: 540] [Vehicle ID: 3]
[2016/3/26 - 11:07:01] [VEHICLELOAD] [User: Battle Minh(3918)] [Model: 463] [Vehicle ID: 6]
[2016/3/26 - 11:07:54] [VEHICLESAVE] [User: Battle Luan(7)] [Model: 411] [Vehicle ID: 8]
[2016/3/26 - 11:08:09] [VEHICLELOAD] [User: Battle Binz(6)] [Model: 405] [Vehicle ID: 1]
[2016/3/26 - 11:08:37] [VEHICLESAVE] [User: Battle Binz(6)] [Model: 405] [Vehicle ID: 1]
[2016/3/26 - 11:08:53] [VEHICLESAVE] [User: Battle Binz(6)] [Model: 405] [Vehicle ID: 1]
[2016/3/26 - 11:09:40] [VEHICLESAVE] [User: Battle Luan(7)] [Model: 411] [Vehicle ID: 8]
[2016/3/26 - 11:11:32] [VEHICLESAVE] [User: Battle Binz(6)] [Model: 411] [Vehicle ID: 9]
[2016/3/26 - 11:13:35] [VEHICLESAVE] [User: Battle Binz(6)] [Model: 411] [Vehicle ID: 9]
[2016/3/26 - 11:15:23] [VEHICLESAVE] [User: Battle Minh(3918)] [Model: 540] [Vehicle ID: 3]
[2016/3/26 - 11:18:36] [VEHICLESAVE] [User: Battle Minh(3918)] [Model: 540] [Vehicle ID: 3]
[2016/3/26 - 11:18:51] [VEHICLESAVE] [User: Battle Binz(6)] [Model: 411] [Vehicle ID: 9]
[2016/3/26 - 11:18:51] [VEHICLESAVE] [User: Battle Binz(6)] [Model: 411] [Vehicle ID: 9]
[2016/3/26 - 11:18:53] [VEHICLESAVE] [User: Battle Luan(7)] [Model: 411] [Vehicle ID: 8]
[2016/3/26 - 11:18:53] [VEHICLESAVE] [User: Battle Luan(7)] [Model: 411] [Vehicle ID: 8]
[2016/3/26 - 11:18:56] [VEHICLESAVE] [User: Battle Binz(6)] [Model: 411] [Vehicle ID: 9]
[2016/3/26 - 11:42:02] [VEHICLESAVE] [User: Battle Luan(7)] [Model: 411] [Vehicle ID: 8]
[2016/3/26 - 12:09:38] [VEHICLESAVE] [User: Battle Binz(6)] [Model: 522] [Vehicle ID: 10]
[2016/3/26 - 12:10:31] [VEHICLESAVE] [User: Battle Binz(6)] [Model: 522] [Vehicle ID: 10]
[2016/3/26 - 12:10:36] [VEHICLESAVE] [User: Battle Minh(3918)] [Model: 540] [Vehicle ID: 3]
[2016/3/26 - 12:11:27] [VEHICLESAVE] [User: Battle Binz(6)] [Model: 522] [Vehicle ID: 10]
[2016/3/26 - 12:11:39] [VEHICLESAVE] [User: Battle Binz(6)] [Model: 522] [Vehicle ID: 10]
[2016/3/26 - 12:12:44] [VEHICLESAVE] [User: Battle Minh(3918)] [Model: 540] [Vehicle ID: 3]
[2016/3/26 - 12:16:34] [VEHICLESAVE] [User: Zeus Khaq(3973)] [Model: 468] [Vehicle ID: 11]
[2016/3/26 - 12:18:27] [VEHICLESAVE] [User: Zeus Khaq(3973)] [Model: 522] [Vehicle ID: 12]
[2016/3/26 - 12:36:12] [VEHICLESAVE] [User: Zeus Khaq(3973)] [Model: 522] [Vehicle ID: 12]
[2016/3/26 - 12:36:25] [VEHICLELOAD] [User: Zeus Khaq(3973)] [Model: 522] [Vehicle ID: 12]
[2016/3/26 - 12:45:46] [VEHICLELOAD] [User: Zeus Khaq(3973)] [Model: 522] [Vehicle ID: 12]
[2016/3/26 - 13:00:48] [VEHICLELOAD] [User: Zeus Khaq(3973)] [Model: 522] [Vehicle ID: 12]
[2016/3/26 - 13:11:38] [VEHICLESAVE] [User: Battle Luan(7)] [Model: 411] [Vehicle ID: 8]
[2016/3/26 - 13:21:54] [VEHICLESAVE] [User: Battle Binz(6)] [Model: 411] [Vehicle ID: 9]
[2016/3/26 - 13:23:33] [VEHICLESAVE] [User: Battle Binz(6)] [Model: 411] [Vehicle ID: 9]
[2016/3/26 - 13:23:40] [VEHICLESAVE] [User: Battle Binz(6)] [Model: 411] [Vehicle ID: 9]
[2016/3/26 - 13:24:46] [VEHICLELOAD] [User: Zeus Khaq(3973)] [Model: 522] [Vehicle ID: 12]
[2016/3/26 - 13:27:05] [VEHICLELOAD] [User: Bin LaTao(8)] [Model: 510] [Vehicle ID: 4]
[2016/3/26 - 13:31:56] [VEHICLESAVE] [User: Battle Luan(7)] [Model: 411] [Vehicle ID: 8]
[2016/3/26 - 13:37:51] [VEHICLELOAD] [User: Zeus Khaq(3973)] [Model: 522] [Vehicle ID: 12]
[2016/3/26 - 13:38:38] [VEHICLELOAD] [User: Bin LaTao(8)] [Model: 510] [Vehicle ID: 4]
[2016/3/26 - 15:07:23] [VEHICLELOAD] [User: Battle Minh(3918)] [Model: 540] [Vehicle ID: 3]
[2016/3/26 - 15:07:23] [VEHICLELOAD] [User: Battle Minh(3918)] [Model: 463] [Vehicle ID: 6]
[2016/3/26 - 15:09:04] [VEHICLESAVE] [User: Battle Minh(3918)] [Model: 463] [Vehicle ID: 6]
[2016/3/26 - 15:12:34] [VEHICLELOAD] [User: Battle Binz(6)] [Model: 405] [Vehicle ID: 1]
[2016/3/26 - 15:12:34] [VEHICLELOAD] [User: Battle Binz(6)] [Model: 411] [Vehicle ID: 9]
[2016/3/26 - 15:12:34] [VEHICLELOAD] [User: Battle Binz(6)] [Model: 522] [Vehicle ID: 10]
[2016/3/26 - 15:14:48] [VEHICLESAVE] [User: Battle Minh(3918)] [Model: 463] [Vehicle ID: 6]
[2016/3/26 - 15:14:51] [VEHICLESAVE] [User: Battle Minh(3918)] [Model: 540] [Vehicle ID: 3]
[2016/3/26 - 15:17:29] [VEHICLESAVE] [User: Battle Binz(6)] [Model: 522] [Vehicle ID: 10]
[2016/3/26 - 15:17:42] [VEHICLESAVE] [User: Battle Binz(6)] [Model: 411] [Vehicle ID: 9]
[2016/3/26 - 15:18:43] [VEHICLESAVE] [User: Battle Binz(6)] [Model: 522] [Vehicle ID: 10]
[2016/3/26 - 15:29:55] [VEHICLESAVE] [User: hong thai(3990)] [Model: 424] [Vehicle ID: 13]
[2016/3/26 - 15:30:01] [VEHICLESAVE] [User: hong thai(3990)] [Model: 424] [Vehicle ID: 13]
[2016/3/26 - 15:30:56] [VEHICLESAVE] [User: hong thai(3990)] [Model: 424] [Vehicle ID: 13]
[2016/3/26 - 15:44:07] [VEHICLESAVE] [User: Battle Binz(6)] [Model: 522] [Vehicle ID: 10]
[2016/3/26 - 15:45:27] [VEHICLESAVE] [User: Battle Binz(6)] [Model: 411] [Vehicle ID: 9]
[2016/3/26 - 15:45:46] [VEHICLESAVE] [User: Battle Binz(6)] [Model: 522] [Vehicle ID: 10]
[2016/3/26 - 15:48:25] [VEHICLESAVE] [User: Battle Binz(6)] [Model: 415] [Vehicle ID: 14]
[2016/3/26 - 15:48:35] [VEHICLESAVE] [User: Battle Binz(6)] [Model: 522] [Vehicle ID: 10]
[2016/3/26 - 15:48:35] [VEHICLESAVE] [User: Battle Binz(6)] [Model: 522] [Vehicle ID: 10]
[2016/3/26 - 15:48:40] [VEHICLESAVE] [User: Battle Binz(6)] [Model: 522] [Vehicle ID: 10]
[2016/3/26 - 15:50:03] [VEHICLESAVE] [User: Battle Binz(6)] [Model: 415] [Vehicle ID: 14]
[2016/3/26 - 15:50:29] [VEHICLESAVE] [User: Battle Binz(6)] [Model: 415] [Vehicle ID: 14]
[2016/3/26 - 15:51:13] [VEHICLESAVE] [User: Battle Binz(6)] [Model: 415] [Vehicle ID: 14]
[2016/3/26 - 15:51:13] [VEHICLESAVE] [User: Battle Binz(6)] [Model: 415] [Vehicle ID: 14]
[2016/3/26 - 15:51:19] [VEHICLESAVE] [User: Battle Binz(6)] [Model: 411] [Vehicle ID: 9]
[2016/3/26 - 15:52:01] [VEHICLESAVE] [User: Battle Binz(6)] [Model: 411] [Vehicle ID: 9]
[2016/3/26 - 15:52:01] [VEHICLESAVE] [User: Battle Binz(6)] [Model: 411] [Vehicle ID: 9]
[2016/3/26 - 15:52:26] [VEHICLESAVE] [User: Battle Binz(6)] [Model: 405] [Vehicle ID: 1]
[2016/3/26 - 15:53:21] [VEHICLESAVE] [User: Battle Binz(6)] [Model: 415] [Vehicle ID: 14]
[2016/3/26 - 15:53:36] [VEHICLESAVE] [User: Battle Binz(6)] [Model: 405] [Vehicle ID: 1]
[2016/3/26 - 15:54:02] [VEHICLESAVE] [User: Battle Binz(6)] [Model: 405] [Vehicle ID: 1]
[2016/3/26 - 15:54:02] [VEHICLESAVE] [User: Battle Binz(6)] [Model: 405] [Vehicle ID: 1]
[2016/3/26 - 15:55:17] [VEHICLESAVE] [User: Battle Binz(6)] [Model: 405] [Vehicle ID: 1]
[2016/3/26 - 15:55:18] [VEHICLESAVE] [User: Battle Binz(6)] [Model: 405] [Vehicle ID: 1]
[2016/3/26 - 15:55:20] [VEHICLESAVE] [User: Battle Binz(6)] [Model: 415] [Vehicle ID: 14]
[2016/3/26 - 15:55:21] [VEHICLESAVE] [User: Battle Binz(6)] [Model: 415] [Vehicle ID: 14]
[2016/3/26 - 15:55:52] [VEHICLESAVE] [User: Battle Binz(6)] [Model: 415] [Vehicle ID: 14]
[2016/3/26 - 15:55:53] [VEHICLESAVE] [User: Battle Binz(6)] [Model: 522] [Vehicle ID: 10]
[2016/3/26 - 15:56:24] [VEHICLESAVE] [User: Battle Binz(6)] [Model: 522] [Vehicle ID: 10]
[2016/3/26 - 15:56:24] [VEHICLESAVE] [User: Battle Binz(6)] [Model: 522] [Vehicle ID: 10]
[2016/3/26 - 15:57:08] [VEHICLESAVE] [User: Battle Binz(6)] [Model: 405] [Vehicle ID: 1]
[2016/3/26 - 15:57:10] [VEHICLESAVE] [User: Battle Binz(6)] [Model: 415] [Vehicle ID: 14]
[2016/3/26 - 15:57:24] [VEHICLESAVE] [User: Battle Binz(6)] [Model: 522] [Vehicle ID: 10]
[2016/3/26 - 15:57:24] [VEHICLESAVE] [User: Battle Binz(6)] [Model: 522] [Vehicle ID: 10]
[2016/3/26 - 17:00:49] [VEHICLELOAD] [User: Battle Binz(6)] [Model: 405] [Vehicle ID: 1]
[2016/3/26 - 17:00:49] [VEHICLELOAD] [User: Battle Binz(6)] [Model: 411] [Vehicle ID: 9]
[2016/3/26 - 17:00:49] [VEHICLELOAD] [User: Battle Binz(6)] [Model: 522] [Vehicle ID: 10]
[2016/3/26 - 17:00:49] [VEHICLELOAD] [User: Battle Binz(6)] [Model: 415] [Vehicle ID: 14]
[2016/3/26 - 18:52:11] [VEHICLELOAD] [User: Battle Binz(6)] [Model: 405] [Vehicle ID: 1]
[2016/3/26 - 18:52:11] [VEHICLELOAD] [User: Battle Binz(6)] [Model: 411] [Vehicle ID: 9]
[2016/3/26 - 18:52:11] [VEHICLELOAD] [User: Battle Binz(6)] [Model: 522] [Vehicle ID: 10]
[2016/3/26 - 18:52:11] [VEHICLELOAD] [User: Battle Binz(6)] [Model: 415] [Vehicle ID: 14]
[2016/3/26 - 18:54:20] [VEHICLELOAD] [User: Battle Hao(3946)] [Model: 521] [Vehicle ID: 7]
[2016/3/26 - 18:55:13] [VEHICLESAVE] [User: Battle Binz(6)] [Model: 522] [Vehicle ID: 10]
[2016/3/26 - 18:56:12] [VEHICLESAVE] [User: Battle Binz(6)] [Model: 510] [Vehicle ID: 15]
[2016/3/26 - 18:56:15] [VEHICLESAVE] [User: Battle Binz(6)] [Model: 510] [Vehicle ID: 15]
[2016/3/26 - 18:56:19] [VEHICLESAVE] [User: Battle Binz(6)] [Model: 522] [Vehicle ID: 10]
[2016/3/26 - 18:57:37] [VEHICLESAVE] [User: Battle Binz(6)] [Model: 510] [Vehicle ID: 15]
[2016/3/26 - 19:07:00] [VEHICLELOAD] [User: Battle Hao(3946)] [Model: 521] [Vehicle ID: 7]
[2016/3/26 - 19:46:35] [VEHICLELOAD] [User: Battle Binz(6)] [Model: 405] [Vehicle ID: 1]
[2016/3/26 - 19:46:35] [VEHICLELOAD] [User: Battle Binz(6)] [Model: 411] [Vehicle ID: 9]
[2016/3/26 - 19:46:35] [VEHICLELOAD] [User: Battle Binz(6)] [Model: 522] [Vehicle ID: 10]
[2016/3/26 - 19:46:35] [VEHICLELOAD] [User: Battle Binz(6)] [Model: 415] [Vehicle ID: 14]
[2016/3/26 - 19:46:35] [VEHICLELOAD] [User: Battle Binz(6)] [Model: 510] [Vehicle ID: 15]
[2016/3/26 - 19:48:20] [VEHICLESAVE] [User: Battle Binz(6)] [Model: 510] [Vehicle ID: 15]
[2016/3/26 - 19:48:27] [VEHICLESAVE] [User: Battle Binz(6)] [Model: 510] [Vehicle ID: 15]
[2016/3/26 - 19:48:33] [VEHICLESAVE] [User: Battle Binz(6)] [Model: 522] [Vehicle ID: 10]
[2016/3/26 - 19:49:59] [VEHICLESAVE] [User: Battle Hao(3946)] [Model: 521] [Vehicle ID: 7]
[2016/3/26 - 19:50:01] [VEHICLELOAD] [User: Battle Luan(7)] [Model: 540] [Vehicle ID: 2]
[2016/3/26 - 19:50:01] [VEHICLELOAD] [User: Battle Luan(7)] [Model: 411] [Vehicle ID: 8]
[2016/3/26 - 19:53:45] [VEHICLESAVE] [User: Battle Luan(7)] [Model: 540] [Vehicle ID: 2]
[2016/3/26 - 19:53:49] [VEHICLESAVE] [User: Battle Luan(7)] [Model: 540] [Vehicle ID: 2]
[2016/3/26 - 19:53:52] [VEHICLESAVE] [User: Battle Luan(7)] [Model: 411] [Vehicle ID: 8]
[2016/3/26 - 20:18:28] [VEHICLELOAD] [User: Battle Luan(7)] [Model: 540] [Vehicle ID: 2]
[2016/3/26 - 20:18:28] [VEHICLELOAD] [User: Battle Luan(7)] [Model: 411] [Vehicle ID: 8]
[2016/3/26 - 22:41:46] [VEHICLELOAD] [User: Battle Binz(6)] [Model: 405] [Vehicle ID: 1]
[2016/3/26 - 22:41:46] [VEHICLELOAD] [User: Battle Binz(6)] [Model: 411] [Vehicle ID: 9]
[2016/3/26 - 22:41:46] [VEHICLELOAD] [User: Battle Binz(6)] [Model: 522] [Vehicle ID: 10]
[2016/3/26 - 22:41:46] [VEHICLELOAD] [User: Battle Binz(6)] [Model: 415] [Vehicle ID: 14]
[2016/3/26 - 22:41:46] [VEHICLELOAD] [User: Battle Binz(6)] [Model: 510] [Vehicle ID: 15]
[2016/3/27 - 7:22:23] [VEHICLESAVE] [User: BitTer Cuong(4062)] [Model: 487] [Vehicle ID: 16]
[2016/3/27 - 7:24:33] [VEHICLESAVE] [User: BitTer Cuong(4062)] [Model: 487] [Vehicle ID: 16]
[2016/3/27 - 7:26:04] [VEHICLESAVE] [User: BitTer Cuong(4062)] [Model: 487] [Vehicle ID: 16]
[2016/3/27 - 7:26:07] [VEHICLESAVE] [User: BitTer Cuong(4062)] [Model: 487] [Vehicle ID: 16]
[2016/3/27 - 7:31:27] [VEHICLESAVE] [User: BitTer Cuong(4062)] [Model: 560] [Vehicle ID: 17]
[2016/3/27 - 7:32:30] [VEHICLESAVE] [User: BitTer Cuong(4062)] [Model: 560] [Vehicle ID: 17]
[2016/3/27 - 7:37:36] [VEHICLESAVE] [User: BitTer Cuong(4062)] [Model: 560] [Vehicle ID: 17]
[2016/3/27 - 7:42:26] [VEHICLESAVE] [User: BitTer Cuong(4062)] [Model: 560] [Vehicle ID: 17]
[2016/3/27 - 7:42:26] [VEHICLESAVE] [User: BitTer Cuong(4062)] [Model: 560] [Vehicle ID: 17]
[2016/3/27 - 7:42:30] [VEHICLESAVE] [User: BitTer Cuong(4062)] [Model: 560] [Vehicle ID: 17]
[2016/3/27 - 7:42:31] [VEHICLESAVE] [User: BitTer Cuong(4062)] [Model: 560] [Vehicle ID: 17]
[2016/3/27 - 7:56:21] [VEHICLELOAD] [User: BitTer Cuong(4062)] [Model: 487] [Vehicle ID: 16]
[2016/3/27 - 7:56:21] [VEHICLELOAD] [User: BitTer Cuong(4062)] [Model: 560] [Vehicle ID: 17]
[2016/3/27 - 8:17:51] [VEHICLELOAD] [User: BitTer Cuong(4062)] [Model: 487] [Vehicle ID: 16]
[2016/3/27 - 8:17:51] [VEHICLELOAD] [User: BitTer Cuong(4062)] [Model: 560] [Vehicle ID: 17]
[2016/3/27 - 8:18:57] [VEHICLESAVE] [User: BitTer Cuong(4062)] [Model: 560] [Vehicle ID: 17]
[2016/3/27 - 8:21:21] [VEHICLESAVE] [User: BitTer Cuong(4062)] [Model: 560] [Vehicle ID: 17]
[2016/3/27 - 8:23:05] [VEHICLESAVE] [User: xDuy Trollx(4067)] [Model: 578] [Vehicle ID: 18]
[2016/3/27 - 8:23:08] [VEHICLESAVE] [User: BitTer Cuong(4062)] [Model: 560] [Vehicle ID: 17]
[2016/3/27 - 8:24:18] [VEHICLESAVE] [User: xDuy Trollx(4067)] [Model: 578] [Vehicle ID: 18]
[2016/3/27 - 8:24:18] [VEHICLESAVE] [User: xDuy Trollx(4067)] [Model: 578] [Vehicle ID: 18]
[2016/3/27 - 8:24:20] [VEHICLESAVE] [User: xDuy Trollx(4067)] [Model: 578] [Vehicle ID: 18]
[2016/3/27 - 8:24:29] [VEHICLESAVE] [User: BitTer Cuong(4062)] [Model: 560] [Vehicle ID: 17]
[2016/3/27 - 8:24:33] [VEHICLESAVE] [User: BitTer Cuong(4062)] [Model: 487] [Vehicle ID: 16]
[2016/3/27 - 8:26:04] [VEHICLESAVE] [User: BitTer Cuong(4062)] [Model: 487] [Vehicle ID: 16]
[2016/3/27 - 8:26:04] [VEHICLESAVE] [User: BitTer Cuong(4062)] [Model: 487] [Vehicle ID: 16]
[2016/3/27 - 8:26:56] [VEHICLESAVE] [User: BitTer Cuong(4062)] [Model: 487] [Vehicle ID: 16]
[2016/3/27 - 8:26:56] [VEHICLESAVE] [User: BitTer Cuong(4062)] [Model: 487] [Vehicle ID: 16]
[2016/3/27 - 8:26:59] [VEHICLESAVE] [User: BitTer Cuong(4062)] [Model: 487] [Vehicle ID: 16]
[2016/3/27 - 8:27:41] [VEHICLELOAD] [User: BitTer Cuong(4062)] [Model: 487] [Vehicle ID: 16]
[2016/3/27 - 8:27:41] [VEHICLELOAD] [User: BitTer Cuong(4062)] [Model: 560] [Vehicle ID: 17]
[2016/3/27 - 8:28:26] [VEHICLESAVE] [User: BitTer Cuong(4062)] [Model: 560] [Vehicle ID: 17]
[2016/3/27 - 8:29:33] [VEHICLESAVE] [User: BitTer Cuong(4062)] [Model: 560] [Vehicle ID: 17]
[2016/3/27 - 8:31:43] [VEHICLESAVE] [User: BitTer Cuong(4062)] [Model: 560] [Vehicle ID: 17]
[2016/3/27 - 8:33:19] [VEHICLESAVE] [User: BitTer Cuong(4062)] [Model: 560] [Vehicle ID: 17]
[2016/3/27 - 8:33:51] [VEHICLESAVE] [User: BitTer Cuong(4062)] [Model: 487] [Vehicle ID: 16]
[2016/3/27 - 8:34:30] [VEHICLESAVE] [User: BitTer Cuong(4062)] [Model: 487] [Vehicle ID: 16]
[2016/3/27 - 8:35:13] [VEHICLESAVE] [User: BitTer Cuong(4062)] [Model: 560] [Vehicle ID: 17]
[2016/3/27 - 8:44:14] [VEHICLELOAD] [User: Battle Hao(3946)] [Model: 521] [Vehicle ID: 7]
[2016/3/27 - 8:48:37] [VEHICLELOAD] [User: Battle Minh(3918)] [Model: 540] [Vehicle ID: 3]
[2016/3/27 - 8:48:37] [VEHICLELOAD] [User: Battle Minh(3918)] [Model: 463] [Vehicle ID: 6]
[2016/3/27 - 8:49:43] [VEHICLESAVE] [User: BitTer Cuong(4062)] [Model: 560] [Vehicle ID: 17]
[2016/3/27 - 8:50:26] [VEHICLESAVE] [User: Battle Minh(3918)] [Model: 463] [Vehicle ID: 6]
[2016/3/27 - 8:53:46] [VEHICLESAVE] [User: Battle Minh(3918)] [Model: 540] [Vehicle ID: 3]
[2016/3/27 - 8:53:48] [VEHICLESAVE] [User: Battle Minh(3918)] [Model: 463] [Vehicle ID: 6]
[2016/3/27 - 8:55:20] [VEHICLESAVE] [User: Battle Minh(3918)] [Model: 540] [Vehicle ID: 3]
[2016/3/27 - 8:55:44] [VEHICLESAVE] [User: Battle Minh(3918)] [Model: 540] [Vehicle ID: 3]
[2016/3/27 - 9:00:05] [VEHICLESAVE] [User: BitTer Cuong(4062)] [Model: 487] [Vehicle ID: 16]
[2016/3/27 - 9:00:54] [VEHICLESAVE] [User: BitTer Cuong(4062)] [Model: 487] [Vehicle ID: 16]
[2016/3/27 - 9:02:40] [VEHICLESAVE] [User: Battle Minh(3918)] [Model: 540] [Vehicle ID: 3]
[2016/3/27 - 9:06:23] [VEHICLELOAD] [User: BitTer Cuong(4062)] [Model: 487] [Vehicle ID: 16]
[2016/3/27 - 9:06:23] [VEHICLELOAD] [User: BitTer Cuong(4062)] [Model: 560] [Vehicle ID: 17]
[2016/3/27 - 9:07:13] [VEHICLELOAD] [User: Zeus Khaq(3973)] [Model: 522] [Vehicle ID: 12]
[2016/3/27 - 9:08:58] [VEHICLELOAD] [User: Zeus Khaq(3973)] [Model: 522] [Vehicle ID: 12]
[2016/3/27 - 9:09:59] [VEHICLESAVE] [User: BitTer Cuong(4062)] [Model: 560] [Vehicle ID: 17]
[2016/3/27 - 9:11:33] [VEHICLESAVE] [User: BitTer Cuong(4062)] [Model: 560] [Vehicle ID: 17]
[2016/3/27 - 9:13:09] [VEHICLELOAD] [User: Battle Minh(3918)] [Model: 540] [Vehicle ID: 3]
[2016/3/27 - 9:13:09] [VEHICLELOAD] [User: Battle Minh(3918)] [Model: 463] [Vehicle ID: 6]
[2016/3/27 - 10:12:48] [VEHICLELOAD] [User: Battle Minh(3918)] [Model: 540] [Vehicle ID: 3]
[2016/3/27 - 10:12:48] [VEHICLELOAD] [User: Battle Minh(3918)] [Model: 463] [Vehicle ID: 6]
[2016/3/27 - 10:14:23] [VEHICLELOAD] [User: Zeus khaq(3973)] [Model: 522] [Vehicle ID: 12]
[2016/3/27 - 10:56:22] [VEHICLESAVE] [User: Richard vip(4109)] [Model: 405] [Vehicle ID: 19]
[2016/3/27 - 13:11:30] [VEHICLELOAD] [User: Battle Hao(3946)] [Model: 521] [Vehicle ID: 7]
[2016/11/25 - 9:44:51] [VEHICLELOAD] [User: Dawkin IT(2)] [Model: 411] [Vehicle ID: 180]
[2016/11/25 - 9:44:51] [VEHICLELOAD] [User: Dawkin IT(2)] [Model: 411] [Vehicle ID: 204]
[2016/11/25 - 9:44:51] [VEHICLELOAD] [User: Dawkin IT(2)] [Model: 515] [Vehicle ID: 557]
[2016/11/25 - 9:44:51] [VEHICLELOAD] [User: Dawkin IT(2)] [Model: 435] [Vehicle ID: 558]
[2016/11/25 - 9:44:51] [VEHICLELOAD] [User: Dawkin IT(2)] [Model: 560] [Vehicle ID: 564]
[2016/11/25 - 9:55:21] [VEHICLELOAD] [User: Dawkin IT(2)] [Model: 411] [Vehicle ID: 180]
[2016/11/25 - 9:55:21] [VEHICLELOAD] [User: Dawkin IT(2)] [Model: 411] [Vehicle ID: 204]
[2016/11/25 - 9:55:21] [VEHICLELOAD] [User: Dawkin IT(2)] [Model: 515] [Vehicle ID: 557]
[2016/11/25 - 9:55:21] [VEHICLELOAD] [User: Dawkin IT(2)] [Model: 435] [Vehicle ID: 558]
[2016/11/25 - 9:55:21] [VEHICLELOAD] [User: Dawkin IT(2)] [Model: 560] [Vehicle ID: 564]
[2016/11/25 - 9:57:11] [VEHICLELOAD] [User: Dawkin IT(2)] [Model: 411] [Vehicle ID: 180]
[2016/11/25 - 9:57:11] [VEHICLELOAD] [User: Dawkin IT(2)] [Model: 411] [Vehicle ID: 204]
[2016/11/25 - 9:57:11] [VEHICLELOAD] [User: Dawkin IT(2)] [Model: 515] [Vehicle ID: 557]
[2016/11/25 - 9:57:11] [VEHICLELOAD] [User: Dawkin IT(2)] [Model: 435] [Vehicle ID: 558]
[2016/11/25 - 9:57:11] [VEHICLELOAD] [User: Dawkin IT(2)] [Model: 560] [Vehicle ID: 564]
[2016/11/25 - 10:02:34] [VEHICLELOAD] [User: Dawkin IT(2)] [Model: 411] [Vehicle ID: 180]
[2016/11/25 - 10:02:34] [VEHICLELOAD] [User: Dawkin IT(2)] [Model: 411] [Vehicle ID: 204]
[2016/11/25 - 10:02:34] [VEHICLELOAD] [User: Dawkin IT(2)] [Model: 515] [Vehicle ID: 557]
[2016/11/25 - 10:02:34] [VEHICLELOAD] [User: Dawkin IT(2)] [Model: 435] [Vehicle ID: 558]
[2016/11/25 - 10:02:34] [VEHICLELOAD] [User: Dawkin IT(2)] [Model: 560] [Vehicle ID: 564]
[2016/11/25 - 10:06:59] [VEHICLELOAD] [User: Dawkin IT(2)] [Model: 411] [Vehicle ID: 180]
[2016/11/25 - 10:06:59] [VEHICLELOAD] [User: Dawkin IT(2)] [Model: 411] [Vehicle ID: 204]
[2016/11/25 - 10:06:59] [VEHICLELOAD] [User: Dawkin IT(2)] [Model: 515] [Vehicle ID: 557]
[2016/11/25 - 10:06:59] [VEHICLELOAD] [User: Dawkin IT(2)] [Model: 435] [Vehicle ID: 558]
[2016/11/25 - 10:06:59] [VEHICLELOAD] [User: Dawkin IT(2)] [Model: 560] [Vehicle ID: 564]
[2016/11/25 - 10:10:58] [VEHICLESAVE] [User: Dawkin IT(2)] [Model: 411] [Vehicle ID: 180]
